INFO   : 2023/12/15 13:22:04 Potop start
INFO   : 2023/12/15 13:22:05 Нет управления от utopia
INFO   : 2023/12/15 13:22:05 Start web to :8000 
ERROR  : 2023/12/15 13:22:07 radar.go:136: dial tcp 10.135.123.150:15000: connect: connection refused
INFO   : 2023/12/15 13:22:09 spot open port /dev/com0 38400 
DEBUG  : 2023/12/15 13:22:14 hardware.go:189: dirs [5 5 2 2 5 2 5 11 11 11 11 11 11 11 11 11 11 11 11 11 11 11 11 11 11 11 11 11 11 11 11 11]
DEBUG  : 2023/12/15 13:22:15 hardware.go:189: dirs [5 5 2 2 5 2 5 11 11 11 11 11 11 11 11 11 11 11 11 11 11 11 11 11 11 11 11 11 11 11 11 11]
DEBUG  : 2023/12/15 13:22:15 hardware.go:125: write coils addr=0 [false false false]
DEBUG  : 2023/12/15 13:22:15 hardware.go:139: write holds addr=175 [ 0  0  0  0]
DEBUG  : 2023/12/15 13:22:15 hardware.go:139: write holds addr=179 [ 0  0]
INFO   : 2023/12/15 13:22:15 Есть управление от utopia
DEBUG  : 2023/12/15 13:22:15 hardware.go:189: dirs [5 5 2 2 5 2 5 11 11 11 11 11 11 11 11 11 11 11 11 11 11 11 11 11 11 11 11 11 11 11 11 11]
DEBUG  : 2023/12/15 13:22:16 hardware.go:189: dirs [5 5 2 2 5 2 5 11 11 11 11 11 11 11 11 11 11 11 11 11 11 11 11 11 11 11 11 11 11 11 11 11]
DEBUG  : 2023/12/15 13:22:16 hardware.go:125: write coils addr=0 [false false false]
DEBUG  : 2023/12/15 13:22:16 hardware.go:139: write holds addr=175 [ 0  0  0  0]
DEBUG  : 2023/12/15 13:22:16 hardware.go:139: write holds addr=179 [ 0  0]
DEBUG  : 2023/12/15 13:22:16 hardware.go:189: dirs [5 5 2 2 5 2 5 11 11 11 11 11 11 11 11 11 11 11 11 11 11 11 11 11 11 11 11 11 11 11 11 11]
DEBUG  : 2023/12/15 13:22:17 hardware.go:189: dirs [5 5 2 2 5 2 5 11 11 11 11 11 11 11 11 11 11 11 11 11 11 11 11 11 11 11 11 11 11 11 11 11]
DEBUG  : 2023/12/15 13:22:17 hardware.go:125: write coils addr=0 [false false false]
DEBUG  : 2023/12/15 13:22:17 hardware.go:139: write holds addr=175 [ 0  0  0  0]
DEBUG  : 2023/12/15 13:22:17 hardware.go:139: write holds addr=179 [ 0  0]
DEBUG  : 2023/12/15 13:22:17 hardware.go:189: dirs [5 5 2 2 5 2 5 11 11 11 11 11 11 11 11 11 11 11 11 11 11 11 11 11 11 11 11 11 11 11 11 11]
DEBUG  : 2023/12/15 13:22:18 hardware.go:189: dirs [5 5 2 2 5 2 5 11 11 11 11 11 11 11 11 11 11 11 11 11 11 11 11 11 11 11 11 11 11 11 11 11]
DEBUG  : 2023/12/15 13:22:18 hardware.go:125: write coils addr=0 [false false false]
DEBUG  : 2023/12/15 13:22:18 hardware.go:139: write holds addr=175 [ 0  0  0  0]
DEBUG  : 2023/12/15 13:22:18 hardware.go:139: write holds addr=179 [ 0  0]
DEBUG  : 2023/12/15 13:22:18 hardware.go:189: dirs [5 5 2 2 5 2 5 11 11 11 11 11 11 11 11 11 11 11 11 11 11 11 11 11 11 11 11 11 11 11 11 11]
DEBUG  : 2023/12/15 13:22:19 hardware.go:189: dirs [5 5 2 2 5 2 5 11 11 11 11 11 11 11 11 11 11 11 11 11 11 11 11 11 11 11 11 11 11 11 11 11]
DEBUG  : 2023/12/15 13:22:19 hardware.go:125: write coils addr=0 [false false false]
DEBUG  : 2023/12/15 13:22:19 hardware.go:139: write holds addr=175 [ 0  0  0  0]
DEBUG  : 2023/12/15 13:22:19 hardware.go:139: write holds addr=179 [ 0  0]
DEBUG  : 2023/12/15 13:22:19 hardware.go:189: dirs [5 5 2 2 5 2 5 11 11 11 11 11 11 11 11 11 11 11 11 11 11 11 11 11 11 11 11 11 11 11 11 11]
DEBUG  : 2023/12/15 13:22:20 hardware.go:189: dirs [5 5 2 2 5 2 5 11 11 11 11 11 11 11 11 11 11 11 11 11 11 11 11 11 11 11 11 11 11 11 11 11]
DEBUG  : 2023/12/15 13:22:20 hardware.go:125: write coils addr=0 [false false false]
DEBUG  : 2023/12/15 13:22:20 hardware.go:139: write holds addr=175 [ 0  0  0  0]
DEBUG  : 2023/12/15 13:22:20 hardware.go:139: write holds addr=179 [ 0  0]
DEBUG  : 2023/12/15 13:22:20 hardware.go:189: dirs [5 5 2 2 5 2 5 11 11 11 11 11 11 11 11 11 11 11 11 11 11 11 11 11 11 11 11 11 11 11 11 11]
DEBUG  : 2023/12/15 13:22:21 hardware.go:189: dirs [5 5 2 2 5 2 5 11 11 11 11 11 11 11 11 11 11 11 11 11 11 11 11 11 11 11 11 11 11 11 11 11]
DEBUG  : 2023/12/15 13:22:21 hardware.go:125: write coils addr=0 [false false false]
DEBUG  : 2023/12/15 13:22:21 hardware.go:139: write holds addr=175 [ 0  0  0  0]
DEBUG  : 2023/12/15 13:22:21 hardware.go:139: write holds addr=179 [ 0  0]
DEBUG  : 2023/12/15 13:22:21 hardware.go:189: dirs [5 5 2 2 5 2 5 11 11 11 11 11 11 11 11 11 11 11 11 11 11 11 11 11 11 11 11 11 11 11 11 11]
DEBUG  : 2023/12/15 13:22:22 hardware.go:189: dirs [5 5 2 2 5 2 5 11 11 11 11 11 11 11 11 11 11 11 11 11 11 11 11 11 11 11 11 11 11 11 11 11]
DEBUG  : 2023/12/15 13:22:22 hardware.go:125: write coils addr=0 [false false false]
DEBUG  : 2023/12/15 13:22:22 hardware.go:139: write holds addr=175 [ 0  0  0  0]
DEBUG  : 2023/12/15 13:22:22 hardware.go:139: write holds addr=179 [ 0  0]
DEBUG  : 2023/12/15 13:22:22 hardware.go:189: dirs [5 5 2 2 5 2 5 11 11 11 11 11 11 11 11 11 11 11 11 11 11 11 11 11 11 11 11 11 11 11 11 11]
DEBUG  : 2023/12/15 13:22:23 hardware.go:189: dirs [5 5 2 2 5 2 5 11 11 11 11 11 11 11 11 11 11 11 11 11 11 11 11 11 11 11 11 11 11 11 11 11]
DEBUG  : 2023/12/15 13:22:23 hardware.go:125: write coils addr=0 [false false false]
DEBUG  : 2023/12/15 13:22:23 hardware.go:139: write holds addr=175 [ 0  0  0  0]
DEBUG  : 2023/12/15 13:22:23 hardware.go:139: write holds addr=179 [ 0  0]
DEBUG  : 2023/12/15 13:22:23 hardware.go:189: dirs [5 5 2 2 5 2 5 11 11 11 11 11 11 11 11 11 11 11 11 11 11 11 11 11 11 11 11 11 11 11 11 11]
DEBUG  : 2023/12/15 13:22:24 hardware.go:189: dirs [5 5 2 2 5 2 5 11 11 11 11 11 11 11 11 11 11 11 11 11 11 11 11 11 11 11 11 11 11 11 11 11]
DEBUG  : 2023/12/15 13:22:24 hardware.go:125: write coils addr=0 [false false false]
DEBUG  : 2023/12/15 13:22:24 hardware.go:139: write holds addr=175 [ 0  0  0  0]
DEBUG  : 2023/12/15 13:22:24 hardware.go:139: write holds addr=179 [ 0  0]
DEBUG  : 2023/12/15 13:22:24 hardware.go:189: dirs [5 5 2 2 5 2 5 11 11 11 11 11 11 11 11 11 11 11 11 11 11 11 11 11 11 11 11 11 11 11 11 11]
DEBUG  : 2023/12/15 13:22:25 hardware.go:189: dirs [5 5 2 2 5 2 5 11 11 11 11 11 11 11 11 11 11 11 11 11 11 11 11 11 11 11 11 11 11 11 11 11]
DEBUG  : 2023/12/15 13:22:25 hardware.go:125: write coils addr=0 [false false false]
DEBUG  : 2023/12/15 13:22:25 hardware.go:139: write holds addr=175 [ 0  0  0  0]
DEBUG  : 2023/12/15 13:22:25 hardware.go:139: write holds addr=179 [ 0  0]
DEBUG  : 2023/12/15 13:22:25 hardware.go:189: dirs [5 5 2 2 5 2 5 11 11 11 11 11 11 11 11 11 11 11 11 11 11 11 11 11 11 11 11 11 11 11 11 11]
DEBUG  : 2023/12/15 13:22:26 hardware.go:189: dirs [5 5 2 2 5 2 5 11 11 11 11 11 11 11 11 11 11 11 11 11 11 11 11 11 11 11 11 11 11 11 11 11]
DEBUG  : 2023/12/15 13:22:26 hardware.go:125: write coils addr=0 [false false false]
DEBUG  : 2023/12/15 13:22:26 hardware.go:139: write holds addr=175 [ 0  0  0  0]
DEBUG  : 2023/12/15 13:22:26 hardware.go:139: write holds addr=179 [ 0  0]
DEBUG  : 2023/12/15 13:22:26 hardware.go:189: dirs [5 5 2 2 5 2 5 11 11 11 11 11 11 11 11 11 11 11 11 11 11 11 11 11 11 11 11 11 11 11 11 11]
DEBUG  : 2023/12/15 13:22:27 hardware.go:189: dirs [5 5 2 2 5 2 5 11 11 11 11 11 11 11 11 11 11 11 11 11 11 11 11 11 11 11 11 11 11 11 11 11]
DEBUG  : 2023/12/15 13:22:27 hardware.go:125: write coils addr=0 [false false false]
DEBUG  : 2023/12/15 13:22:27 hardware.go:139: write holds addr=175 [ 0  0  0  0]
DEBUG  : 2023/12/15 13:22:27 hardware.go:139: write holds addr=179 [ 0  0]
DEBUG  : 2023/12/15 13:22:27 hardware.go:189: dirs [5 5 2 2 5 2 5 11 11 11 11 11 11 11 11 11 11 11 11 11 11 11 11 11 11 11 11 11 11 11 11 11]
DEBUG  : 2023/12/15 13:22:28 hardware.go:189: dirs [5 5 2 2 5 2 5 11 11 11 11 11 11 11 11 11 11 11 11 11 11 11 11 11 11 11 11 11 11 11 11 11]
DEBUG  : 2023/12/15 13:22:28 hardware.go:125: write coils addr=0 [false false false]
DEBUG  : 2023/12/15 13:22:28 hardware.go:139: write holds addr=175 [ 0  0  0  0]
DEBUG  : 2023/12/15 13:22:28 hardware.go:139: write holds addr=179 [ 0  0]
DEBUG  : 2023/12/15 13:22:28 hardware.go:189: dirs [5 5 2 2 5 2 5 11 11 11 11 11 11 11 11 11 11 11 11 11 11 11 11 11 11 11 11 11 11 11 11 11]
DEBUG  : 2023/12/15 13:22:29 hardware.go:189: dirs [5 5 2 2 5 2 5 11 11 11 11 11 11 11 11 11 11 11 11 11 11 11 11 11 11 11 11 11 11 11 11 11]
DEBUG  : 2023/12/15 13:22:29 hardware.go:125: write coils addr=0 [false false false]
DEBUG  : 2023/12/15 13:22:29 hardware.go:139: write holds addr=175 [ 0  0  0  0]
DEBUG  : 2023/12/15 13:22:29 hardware.go:139: write holds addr=179 [ 0  0]
DEBUG  : 2023/12/15 13:22:29 hardware.go:189: dirs [5 5 2 2 5 2 5 11 11 11 11 11 11 11 11 11 11 11 11 11 11 11 11 11 11 11 11 11 11 11 11 11]
DEBUG  : 2023/12/15 13:22:30 hardware.go:189: dirs [5 5 2 2 5 2 5 11 11 11 11 11 11 11 11 11 11 11 11 11 11 11 11 11 11 11 11 11 11 11 11 11]
DEBUG  : 2023/12/15 13:22:30 hardware.go:125: write coils addr=0 [false false false]
DEBUG  : 2023/12/15 13:22:30 hardware.go:139: write holds addr=175 [ 0  0  0  0]
DEBUG  : 2023/12/15 13:22:30 hardware.go:139: write holds addr=179 [ 0  0]
DEBUG  : 2023/12/15 13:22:30 hardware.go:189: dirs [5 5 2 2 5 2 5 11 11 11 11 11 11 11 11 11 11 11 11 11 11 11 11 11 11 11 11 11 11 11 11 11]
DEBUG  : 2023/12/15 13:22:31 hardware.go:189: dirs [5 5 2 2 5 2 5 11 11 11 11 11 11 11 11 11 11 11 11 11 11 11 11 11 11 11 11 11 11 11 11 11]
DEBUG  : 2023/12/15 13:22:31 hardware.go:125: write coils addr=0 [false false false]
DEBUG  : 2023/12/15 13:22:31 hardware.go:139: write holds addr=175 [ 0  0  0  0]
DEBUG  : 2023/12/15 13:22:31 hardware.go:139: write holds addr=179 [ 0  0]
DEBUG  : 2023/12/15 13:22:31 hardware.go:189: dirs [5 5 2 2 5 2 5 11 11 11 11 11 11 11 11 11 11 11 11 11 11 11 11 11 11 11 11 11 11 11 11 11]
DEBUG  : 2023/12/15 13:22:32 hardware.go:189: dirs [5 5 2 2 5 2 5 11 11 11 11 11 11 11 11 11 11 11 11 11 11 11 11 11 11 11 11 11 11 11 11 11]
DEBUG  : 2023/12/15 13:22:32 hardware.go:125: write coils addr=0 [false false false]
DEBUG  : 2023/12/15 13:22:32 hardware.go:139: write holds addr=175 [ 0  0  0  0]
DEBUG  : 2023/12/15 13:22:32 hardware.go:139: write holds addr=179 [ 0  0]
DEBUG  : 2023/12/15 13:22:32 hardware.go:189: dirs [5 5 2 2 5 2 5 11 11 11 11 11 11 11 11 11 11 11 11 11 11 11 11 11 11 11 11 11 11 11 11 11]
DEBUG  : 2023/12/15 13:22:33 hardware.go:189: dirs [5 5 2 2 5 2 5 11 11 11 11 11 11 11 11 11 11 11 11 11 11 11 11 11 11 11 11 11 11 11 11 11]
DEBUG  : 2023/12/15 13:22:33 hardware.go:125: write coils addr=0 [false false false]
DEBUG  : 2023/12/15 13:22:33 hardware.go:139: write holds addr=175 [ 0  0  0  0]
DEBUG  : 2023/12/15 13:22:33 hardware.go:139: write holds addr=179 [ 0  0]
DEBUG  : 2023/12/15 13:22:33 hardware.go:189: dirs [5 5 2 2 5 2 5 11 11 11 11 11 11 11 11 11 11 11 11 11 11 11 11 11 11 11 11 11 11 11 11 11]
DEBUG  : 2023/12/15 13:22:34 hardware.go:189: dirs [5 5 2 2 5 2 5 11 11 11 11 11 11 11 11 11 11 11 11 11 11 11 11 11 11 11 11 11 11 11 11 11]
DEBUG  : 2023/12/15 13:22:34 hardware.go:125: write coils addr=0 [false false false]
DEBUG  : 2023/12/15 13:22:34 hardware.go:139: write holds addr=175 [ 0  0  0  0]
DEBUG  : 2023/12/15 13:22:34 hardware.go:139: write holds addr=179 [ 0  0]
DEBUG  : 2023/12/15 13:22:34 hardware.go:189: dirs [5 5 2 2 5 2 5 11 11 11 11 11 11 11 11 11 11 11 11 11 11 11 11 11 11 11 11 11 11 11 11 11]
DEBUG  : 2023/12/15 13:22:35 hardware.go:189: dirs [5 5 2 2 5 2 5 11 11 11 11 11 11 11 11 11 11 11 11 11 11 11 11 11 11 11 11 11 11 11 11 11]
DEBUG  : 2023/12/15 13:22:35 hardware.go:125: write coils addr=0 [false false false]
DEBUG  : 2023/12/15 13:22:35 hardware.go:139: write holds addr=175 [ 0  0  0  0]
DEBUG  : 2023/12/15 13:22:35 hardware.go:139: write holds addr=179 [ 0  0]
DEBUG  : 2023/12/15 13:22:35 hardware.go:189: dirs [5 5 2 2 5 2 5 11 11 11 11 11 11 11 11 11 11 11 11 11 11 11 11 11 11 11 11 11 11 11 11 11]
DEBUG  : 2023/12/15 13:22:36 hardware.go:189: dirs [5 5 2 2 5 2 5 11 11 11 11 11 11 11 11 11 11 11 11 11 11 11 11 11 11 11 11 11 11 11 11 11]
DEBUG  : 2023/12/15 13:22:36 hardware.go:125: write coils addr=0 [false false false]
DEBUG  : 2023/12/15 13:22:36 hardware.go:139: write holds addr=175 [ 0  0  0  0]
DEBUG  : 2023/12/15 13:22:36 hardware.go:139: write holds addr=179 [ 0  0]
DEBUG  : 2023/12/15 13:22:36 hardware.go:189: dirs [5 5 2 2 5 2 5 11 11 11 11 11 11 11 11 11 11 11 11 11 11 11 11 11 11 11 11 11 11 11 11 11]
DEBUG  : 2023/12/15 13:22:37 hardware.go:189: dirs [5 5 2 2 5 2 5 11 11 11 11 11 11 11 11 11 11 11 11 11 11 11 11 11 11 11 11 11 11 11 11 11]
DEBUG  : 2023/12/15 13:22:37 hardware.go:125: write coils addr=0 [false false false]
DEBUG  : 2023/12/15 13:22:37 hardware.go:139: write holds addr=175 [ 0  0  0  0]
DEBUG  : 2023/12/15 13:22:37 hardware.go:139: write holds addr=179 [ 0  0]
DEBUG  : 2023/12/15 13:22:37 hardware.go:189: dirs [5 5 2 2 5 2 5 11 11 11 11 11 11 11 11 11 11 11 11 11 11 11 11 11 11 11 11 11 11 11 11 11]
DEBUG  : 2023/12/15 13:22:38 hardware.go:189: dirs [5 5 2 2 5 2 5 11 11 11 11 11 11 11 11 11 11 11 11 11 11 11 11 11 11 11 11 11 11 11 11 11]
DEBUG  : 2023/12/15 13:22:38 hardware.go:125: write coils addr=0 [false false false]
DEBUG  : 2023/12/15 13:22:38 hardware.go:139: write holds addr=175 [ 0  0  0  0]
DEBUG  : 2023/12/15 13:22:38 hardware.go:139: write holds addr=179 [ 0  0]
DEBUG  : 2023/12/15 13:22:38 hardware.go:189: dirs [5 5 2 2 5 2 5 11 11 11 11 11 11 11 11 11 11 11 11 11 11 11 11 11 11 11 11 11 11 11 11 11]
DEBUG  : 2023/12/15 13:22:39 hardware.go:189: dirs [5 5 2 2 5 2 5 11 11 11 11 11 11 11 11 11 11 11 11 11 11 11 11 11 11 11 11 11 11 11 11 11]
DEBUG  : 2023/12/15 13:22:39 hardware.go:125: write coils addr=0 [false false false]
DEBUG  : 2023/12/15 13:22:39 hardware.go:139: write holds addr=175 [ 0  0  0  0]
DEBUG  : 2023/12/15 13:22:39 hardware.go:139: write holds addr=179 [ 0  0]
DEBUG  : 2023/12/15 13:22:39 hardware.go:189: dirs [5 5 2 2 5 2 5 11 11 11 11 11 11 11 11 11 11 11 11 11 11 11 11 11 11 11 11 11 11 11 11 11]
DEBUG  : 2023/12/15 13:22:40 hardware.go:189: dirs [5 5 2 2 5 2 5 11 11 11 11 11 11 11 11 11 11 11 11 11 11 11 11 11 11 11 11 11 11 11 11 11]
DEBUG  : 2023/12/15 13:22:40 hardware.go:125: write coils addr=0 [false false false]
DEBUG  : 2023/12/15 13:22:40 hardware.go:139: write holds addr=175 [ 0  0  0  0]
DEBUG  : 2023/12/15 13:22:40 hardware.go:139: write holds addr=179 [ 0  0]
DEBUG  : 2023/12/15 13:22:40 hardware.go:189: dirs [5 5 2 2 5 2 5 11 11 11 11 11 11 11 11 11 11 11 11 11 11 11 11 11 11 11 11 11 11 11 11 11]
DEBUG  : 2023/12/15 13:22:41 hardware.go:189: dirs [5 5 2 2 5 2 5 11 11 11 11 11 11 11 11 11 11 11 11 11 11 11 11 11 11 11 11 11 11 11 11 11]
DEBUG  : 2023/12/15 13:22:41 hardware.go:125: write coils addr=0 [false false false]
DEBUG  : 2023/12/15 13:22:41 hardware.go:139: write holds addr=175 [ 0  0  0  0]
DEBUG  : 2023/12/15 13:22:41 hardware.go:139: write holds addr=179 [ 0  0]
DEBUG  : 2023/12/15 13:22:41 hardware.go:189: dirs [5 5 2 2 5 2 5 11 11 11 11 11 11 11 11 11 11 11 11 11 11 11 11 11 11 11 11 11 11 11 11 11]
DEBUG  : 2023/12/15 13:22:42 hardware.go:189: dirs [5 5 2 2 5 2 5 11 11 11 11 11 11 11 11 11 11 11 11 11 11 11 11 11 11 11 11 11 11 11 11 11]
DEBUG  : 2023/12/15 13:22:42 hardware.go:125: write coils addr=0 [false false false]
DEBUG  : 2023/12/15 13:22:42 hardware.go:139: write holds addr=175 [ 0  0  0  0]
DEBUG  : 2023/12/15 13:22:42 hardware.go:139: write holds addr=179 [ 0  0]
DEBUG  : 2023/12/15 13:22:42 hardware.go:189: dirs [5 5 2 2 5 2 5 11 11 11 11 11 11 11 11 11 11 11 11 11 11 11 11 11 11 11 11 11 11 11 11 11]
DEBUG  : 2023/12/15 13:22:43 hardware.go:189: dirs [5 5 2 2 5 2 5 11 11 11 11 11 11 11 11 11 11 11 11 11 11 11 11 11 11 11 11 11 11 11 11 11]
DEBUG  : 2023/12/15 13:22:43 hardware.go:125: write coils addr=0 [false false false]
DEBUG  : 2023/12/15 13:22:43 hardware.go:139: write holds addr=175 [ 0  0  0  0]
DEBUG  : 2023/12/15 13:22:43 hardware.go:139: write holds addr=179 [ 0  0]
DEBUG  : 2023/12/15 13:22:43 hardware.go:189: dirs [5 5 2 2 5 2 5 11 11 11 11 11 11 11 11 11 11 11 11 11 11 11 11 11 11 11 11 11 11 11 11 11]
DEBUG  : 2023/12/15 13:22:44 hardware.go:189: dirs [5 5 2 2 5 2 5 11 11 11 11 11 11 11 11 11 11 11 11 11 11 11 11 11 11 11 11 11 11 11 11 11]
DEBUG  : 2023/12/15 13:22:44 hardware.go:125: write coils addr=0 [false false false]
DEBUG  : 2023/12/15 13:22:44 hardware.go:139: write holds addr=175 [ 0  0  0  0]
DEBUG  : 2023/12/15 13:22:44 hardware.go:139: write holds addr=179 [ 0  0]
DEBUG  : 2023/12/15 13:22:44 hardware.go:189: dirs [5 5 2 2 5 2 5 11 11 11 11 11 11 11 11 11 11 11 11 11 11 11 11 11 11 11 11 11 11 11 11 11]
DEBUG  : 2023/12/15 13:22:45 hardware.go:189: dirs [5 5 2 2 5 2 5 11 11 11 11 11 11 11 11 11 11 11 11 11 11 11 11 11 11 11 11 11 11 11 11 11]
DEBUG  : 2023/12/15 13:22:45 hardware.go:125: write coils addr=0 [false false false]
DEBUG  : 2023/12/15 13:22:45 hardware.go:139: write holds addr=175 [ 0  0  0  0]
DEBUG  : 2023/12/15 13:22:45 hardware.go:139: write holds addr=179 [ 0  0]
DEBUG  : 2023/12/15 13:22:45 hardware.go:189: dirs [5 5 2 2 5 2 5 11 11 11 11 11 11 11 11 11 11 11 11 11 11 11 11 11 11 11 11 11 11 11 11 11]
DEBUG  : 2023/12/15 13:22:46 hardware.go:189: dirs [5 5 2 2 5 2 5 11 11 11 11 11 11 11 11 11 11 11 11 11 11 11 11 11 11 11 11 11 11 11 11 11]
DEBUG  : 2023/12/15 13:22:46 hardware.go:125: write coils addr=0 [false false false]
DEBUG  : 2023/12/15 13:22:46 hardware.go:139: write holds addr=175 [ 0  0  0  0]
DEBUG  : 2023/12/15 13:22:46 hardware.go:139: write holds addr=179 [ 0  0]
DEBUG  : 2023/12/15 13:22:46 hardware.go:189: dirs [5 5 2 2 5 2 5 11 11 11 11 11 11 11 11 11 11 11 11 11 11 11 11 11 11 11 11 11 11 11 11 11]
DEBUG  : 2023/12/15 13:22:47 hardware.go:189: dirs [5 5 2 2 5 2 5 11 11 11 11 11 11 11 11 11 11 11 11 11 11 11 11 11 11 11 11 11 11 11 11 11]
DEBUG  : 2023/12/15 13:22:47 hardware.go:125: write coils addr=0 [false false false]
DEBUG  : 2023/12/15 13:22:47 hardware.go:139: write holds addr=175 [ 0  0  0  0]
DEBUG  : 2023/12/15 13:22:47 hardware.go:139: write holds addr=179 [ 0  0]
DEBUG  : 2023/12/15 13:22:47 hardware.go:189: dirs [5 5 2 2 5 2 5 11 11 11 11 11 11 11 11 11 11 11 11 11 11 11 11 11 11 11 11 11 11 11 11 11]
DEBUG  : 2023/12/15 13:22:48 hardware.go:189: dirs [5 5 2 2 5 2 5 11 11 11 11 11 11 11 11 11 11 11 11 11 11 11 11 11 11 11 11 11 11 11 11 11]
DEBUG  : 2023/12/15 13:22:48 hardware.go:139: write holds addr=175 [ 0  0  53  51]
DEBUG  : 2023/12/15 13:22:48 hardware.go:189: dirs [5 5 2 2 5 2 5 11 11 11 11 11 11 11 11 11 11 11 11 11 11 11 11 11 11 11 11 11 11 11 11 11]
DEBUG  : 2023/12/15 13:22:49 hardware.go:139: write holds addr=186 [ 1]
DEBUG  : 2023/12/15 13:22:49 hardware.go:139: write holds addr=14104 [ 1]
DEBUG  : 2023/12/15 13:22:49 hardware.go:139: write holds addr=186 [ 2]
DEBUG  : 2023/12/15 13:22:49 hardware.go:139: write holds addr=222 [ 2E  2E  34  34  2E  36  2E  FF  FF  FF  FF  FF  FF  FF  FF  FF  FF  FF  FF  FF  FF  FF  FF  FF  FF  FF  FF  FF  FF  FF  FF  FF]
DEBUG  : 2023/12/15 13:22:49 hardware.go:189: dirs [5 5 2 2 5 2 5 11 11 11 11 11 11 11 11 11 11 11 11 11 11 11 11 11 11 11 11 11 11 11 11 11]
DEBUG  : 2023/12/15 13:22:49 hardware.go:139: write holds addr=175 [ 0  0  53  51]
DEBUG  : 2023/12/15 13:22:49 hardware.go:189: dirs [5 5 2 2 5 2 5 11 11 11 11 11 11 11 11 11 11 11 11 11 11 11 11 11 11 11 11 11 11 11 11 11]
DEBUG  : 2023/12/15 13:22:50 hardware.go:139: write holds addr=222 [ 2D  2D  33  33  2D  35  2D  FF  FF  FF  FF  FF  FF  FF  FF  FF  FF  FF  FF  FF  FF  FF  FF  FF  FF  FF  FF  FF  FF  FF  FF  FF]
DEBUG  : 2023/12/15 13:22:50 hardware.go:189: dirs [5 5 2 2 5 2 5 11 11 11 11 11 11 11 11 11 11 11 11 11 11 11 11 11 11 11 11 11 11 11 11 11]
DEBUG  : 2023/12/15 13:22:50 hardware.go:139: write holds addr=175 [ 0  0  53  51]
DEBUG  : 2023/12/15 13:22:50 hardware.go:139: write holds addr=222 [ E  E  14  14  E  16  E  FF  FF  FF  FF  FF  FF  FF  FF  FF  FF  FF  FF  FF  FF  FF  FF  FF  FF  FF  FF  FF  FF  FF  FF  FF]
DEBUG  : 2023/12/15 13:22:50 hardware.go:189: dirs [5 5 2 2 5 2 5 11 11 11 11 11 11 11 11 11 11 11 11 11 11 11 11 11 11 11 11 11 11 11 11 11]
DEBUG  : 2023/12/15 13:22:51 hardware.go:189: dirs [5 5 2 2 5 2 5 11 11 11 11 11 11 11 11 11 11 11 11 11 11 11 11 11 11 11 11 11 11 11 11 11]
DEBUG  : 2023/12/15 13:22:51 hardware.go:139: write holds addr=175 [ 0  0  53  51]
DEBUG  : 2023/12/15 13:22:51 hardware.go:189: dirs [5 5 2 2 5 2 5 11 11 11 11 11 11 11 11 11 11 11 11 11 11 11 11 11 11 11 11 11 11 11 11 11]
DEBUG  : 2023/12/15 13:22:52 hardware.go:139: write holds addr=222 [ D  D  13  13  D  15  D  FF  FF  FF  FF  FF  FF  FF  FF  FF  FF  FF  FF  FF  FF  FF  FF  FF  FF  FF  FF  FF  FF  FF  FF  FF]
DEBUG  : 2023/12/15 13:22:52 hardware.go:189: dirs [5 5 2 2 5 2 5 11 11 11 11 11 11 11 11 11 11 11 11 11 11 11 11 11 11 11 11 11 11 11 11 11]
DEBUG  : 2023/12/15 13:22:52 hardware.go:139: write holds addr=175 [ 0  0  53  51]
DEBUG  : 2023/12/15 13:22:53 hardware.go:189: dirs [5 5 2 2 5 2 5 11 11 11 11 11 11 11 11 11 11 11 11 11 11 11 11 11 11 11 11 11 11 11 11 11]
DEBUG  : 2023/12/15 13:22:53 hardware.go:139: write holds addr=222 [ C  C  12  12  C  14  C  FF  FF  FF  FF  FF  FF  FF  FF  FF  FF  FF  FF  FF  FF  FF  FF  FF  FF  FF  FF  FF  FF  FF  FF  FF]
DEBUG  : 2023/12/15 13:22:53 hardware.go:189: dirs [5 5 2 2 5 2 5 11 11 11 11 11 11 11 11 11 11 11 11 11 11 11 11 11 11 11 11 11 11 11 11 11]
DEBUG  : 2023/12/15 13:22:53 hardware.go:139: write holds addr=175 [ 0  0  53  51]
DEBUG  : 2023/12/15 13:22:53 hardware.go:189: dirs [5 5 2 2 5 2 5 11 11 11 11 11 11 11 11 11 11 11 11 11 11 11 11 11 11 11 11 11 11 11 11 11]
DEBUG  : 2023/12/15 13:22:54 hardware.go:139: write holds addr=222 [ B  B  11  11  B  13  B  FF  FF  FF  FF  FF  FF  FF  FF  FF  FF  FF  FF  FF  FF  FF  FF  FF  FF  FF  FF  FF  FF  FF  FF  FF]
DEBUG  : 2023/12/15 13:22:54 hardware.go:189: dirs [5 5 2 2 5 2 5 11 11 11 11 11 11 11 11 11 11 11 11 11 11 11 11 11 11 11 11 11 11 11 11 11]
DEBUG  : 2023/12/15 13:22:54 hardware.go:139: write holds addr=175 [ 0  0  53  51]
DEBUG  : 2023/12/15 13:22:54 hardware.go:189: dirs [5 5 2 2 5 2 5 11 11 11 11 11 11 11 11 11 11 11 11 11 11 11 11 11 11 11 11 11 11 11 11 11]
DEBUG  : 2023/12/15 13:22:55 hardware.go:139: write holds addr=222 [ A  A  10  10  A  12  A  FF  FF  FF  FF  FF  FF  FF  FF  FF  FF  FF  FF  FF  FF  FF  FF  FF  FF  FF  FF  FF  FF  FF  FF  FF]
DEBUG  : 2023/12/15 13:22:55 hardware.go:189: dirs [5 5 2 2 5 2 5 11 11 11 11 11 11 11 11 11 11 11 11 11 11 11 11 11 11 11 11 11 11 11 11 11]
DEBUG  : 2023/12/15 13:22:55 hardware.go:139: write holds addr=175 [ 0  0  53  51]
DEBUG  : 2023/12/15 13:22:55 hardware.go:189: dirs [5 5 2 2 5 2 5 11 11 11 11 11 11 11 11 11 11 11 11 11 11 11 11 11 11 11 11 11 11 11 11 11]
DEBUG  : 2023/12/15 13:22:56 hardware.go:139: write holds addr=222 [ 9  9  F  F  9  11  9  FF  FF  FF  FF  FF  FF  FF  FF  FF  FF  FF  FF  FF  FF  FF  FF  FF  FF  FF  FF  FF  FF  FF  FF  FF]
DEBUG  : 2023/12/15 13:22:56 hardware.go:189: dirs [5 5 2 2 5 2 5 11 11 11 11 11 11 11 11 11 11 11 11 11 11 11 11 11 11 11 11 11 11 11 11 11]
DEBUG  : 2023/12/15 13:22:56 hardware.go:139: write holds addr=175 [ 0  0  53  51]
DEBUG  : 2023/12/15 13:22:56 hardware.go:189: dirs [5 5 2 2 5 2 5 11 11 11 11 11 11 11 11 11 11 11 11 11 11 11 11 11 11 11 11 11 11 11 11 11]
DEBUG  : 2023/12/15 13:22:57 hardware.go:139: write holds addr=222 [ B  B  11  11  B  13  B  FF  FF  FF  FF  FF  FF  FF  FF  FF  FF  FF  FF  FF  FF  FF  FF  FF  FF  FF  FF  FF  FF  FF  FF  FF]
DEBUG  : 2023/12/15 13:22:57 hardware.go:189: dirs [5 5 2 2 5 2 5 11 11 11 11 11 11 11 11 11 11 11 11 11 11 11 11 11 11 11 11 11 11 11 11 11]
DEBUG  : 2023/12/15 13:22:57 hardware.go:139: write holds addr=175 [ 0  0  53  51]
DEBUG  : 2023/12/15 13:22:57 hardware.go:189: dirs [5 5 2 2 5 2 5 11 11 11 11 11 11 11 11 11 11 11 11 11 11 11 11 11 11 11 11 11 11 11 11 11]
DEBUG  : 2023/12/15 13:22:58 hardware.go:139: write holds addr=222 [ A  A  10  10  A  12  A  FF  FF  FF  FF  FF  FF  FF  FF  FF  FF  FF  FF  FF  FF  FF  FF  FF  FF  FF  FF  FF  FF  FF  FF  FF]
DEBUG  : 2023/12/15 13:22:58 hardware.go:189: dirs [5 5 2 2 5 2 5 11 11 11 11 11 11 11 11 11 11 11 11 11 11 11 11 11 11 11 11 11 11 11 11 11]
DEBUG  : 2023/12/15 13:22:58 hardware.go:139: write holds addr=175 [ 0  0  53  51]
DEBUG  : 2023/12/15 13:22:58 hardware.go:189: dirs [5 5 2 2 5 2 5 11 11 11 11 11 11 11 11 11 11 11 11 11 11 11 11 11 11 11 11 11 11 11 11 11]
DEBUG  : 2023/12/15 13:22:59 hardware.go:139: write holds addr=222 [ 9  9  F  F  9  11  9  FF  FF  FF  FF  FF  FF  FF  FF  FF  FF  FF  FF  FF  FF  FF  FF  FF  FF  FF  FF  FF  FF  FF  FF  FF]
DEBUG  : 2023/12/15 13:22:59 hardware.go:189: dirs [5 5 2 2 5 2 5 11 11 11 11 11 11 11 11 11 11 11 11 11 11 11 11 11 11 11 11 11 11 11 11 11]
DEBUG  : 2023/12/15 13:22:59 hardware.go:139: write holds addr=175 [ 0  0  53  51]
DEBUG  : 2023/12/15 13:22:59 hardware.go:139: write holds addr=222 [ 8  8  E  E  8  10  8  FF  FF  FF  FF  FF  FF  FF  FF  FF  FF  FF  FF  FF  FF  FF  FF  FF  FF  FF  FF  FF  FF  FF  FF  FF]
DEBUG  : 2023/12/15 13:22:59 hardware.go:189: dirs [5 5 2 2 5 2 5 11 11 11 11 11 11 11 11 11 11 11 11 11 11 11 11 11 11 11 11 11 11 11 11 11]
DEBUG  : 2023/12/15 13:23:00 hardware.go:189: dirs [5 5 2 2 5 2 5 11 11 11 11 11 11 11 11 11 11 11 11 11 11 11 11 11 11 11 11 11 11 11 11 11]
DEBUG  : 2023/12/15 13:23:00 hardware.go:139: write holds addr=175 [ 0  0  53  51]
DEBUG  : 2023/12/15 13:23:00 hardware.go:189: dirs [5 5 2 2 5 2 5 11 11 11 11 11 11 11 11 11 11 11 11 11 11 11 11 11 11 11 11 11 11 11 11 11]
DEBUG  : 2023/12/15 13:23:01 hardware.go:139: write holds addr=222 [ 7  7  D  D  7  F  7  FF  FF  FF  FF  FF  FF  FF  FF  FF  FF  FF  FF  FF  FF  FF  FF  FF  FF  FF  FF  FF  FF  FF  FF  FF]
DEBUG  : 2023/12/15 13:23:01 hardware.go:189: dirs [5 5 2 2 5 2 5 11 11 11 11 11 11 11 11 11 11 11 11 11 11 11 11 11 11 11 11 11 11 11 11 11]
DEBUG  : 2023/12/15 13:23:01 hardware.go:139: write holds addr=175 [ 0  0  53  51]
DEBUG  : 2023/12/15 13:23:01 hardware.go:189: dirs [5 5 2 2 5 2 5 11 11 11 11 11 11 11 11 11 11 11 11 11 11 11 11 11 11 11 11 11 11 11 11 11]
DEBUG  : 2023/12/15 13:23:02 hardware.go:139: write holds addr=222 [ 6  6  C  C  6  E  6  FF  FF  FF  FF  FF  FF  FF  FF  FF  FF  FF  FF  FF  FF  FF  FF  FF  FF  FF  FF  FF  FF  FF  FF  FF]
DEBUG  : 2023/12/15 13:23:02 hardware.go:189: dirs [5 5 2 2 5 2 5 11 11 11 11 11 11 11 11 11 11 11 11 11 11 11 11 11 11 11 11 11 11 11 11 11]
DEBUG  : 2023/12/15 13:23:02 hardware.go:139: write holds addr=175 [ 0  0  53  51]
DEBUG  : 2023/12/15 13:23:02 hardware.go:189: dirs [5 5 2 2 5 2 5 11 11 11 11 11 11 11 11 11 11 11 11 11 11 11 11 11 11 11 11 11 11 11 11 11]
DEBUG  : 2023/12/15 13:23:03 hardware.go:139: write holds addr=222 [ 2  2  8  8  2  A  2  FF  FF  FF  FF  FF  FF  FF  FF  FF  FF  FF  FF  FF  FF  FF  FF  FF  FF  FF  FF  FF  FF  FF  FF  FF]
DEBUG  : 2023/12/15 13:23:03 hardware.go:189: dirs [5 5 2 2 5 2 5 11 11 11 11 11 11 11 11 11 11 11 11 11 11 11 11 11 11 11 11 11 11 11 11 11]
DEBUG  : 2023/12/15 13:23:03 hardware.go:139: write holds addr=175 [ 0  0  53  51]
DEBUG  : 2023/12/15 13:23:03 hardware.go:139: write holds addr=222 [ 1  1  7  7  1  9  1  FF  FF  FF  FF  FF  FF  FF  FF  FF  FF  FF  FF  FF  FF  FF  FF  FF  FF  FF  FF  FF  FF  FF  FF  FF]
DEBUG  : 2023/12/15 13:23:03 hardware.go:189: dirs [5 5 2 2 5 2 5 11 11 11 11 11 11 11 11 11 11 11 11 11 11 11 11 11 11 11 11 11 11 11 11 11]
DEBUG  : 2023/12/15 13:23:04 hardware.go:189: dirs [5 5 2 2 5 2 5 11 11 11 11 11 11 11 11 11 11 11 11 11 11 11 11 11 11 11 11 11 11 11 11 11]
DEBUG  : 2023/12/15 13:23:04 hardware.go:139: write holds addr=175 [ 0  0  0  1E]
DEBUG  : 2023/12/15 13:23:04 hardware.go:189: dirs [8 8 7 7 8 7 8 11 11 11 11 11 11 11 11 11 11 11 11 11 11 11 11 11 11 11 11 11 11 11 11 11]
DEBUG  : 2023/12/15 13:23:05 hardware.go:139: write holds addr=222 [ FF  FF  6  6  FF  8  FF  FF  FF  FF  FF  FF  FF  FF  FF  FF  FF  FF  FF  FF  FF  FF  FF  FF  FF  FF  FF  FF  FF  FF  FF  FF]
DEBUG  : 2023/12/15 13:23:05 hardware.go:189: dirs [8 8 7 7 8 7 8 11 11 11 11 11 11 11 11 11 11 11 11 11 11 11 11 11 11 11 11 11 11 11 11 11]
DEBUG  : 2023/12/15 13:23:05 hardware.go:139: write holds addr=175 [ 0  0  0  1E]
DEBUG  : 2023/12/15 13:23:05 hardware.go:139: write holds addr=222 [ 1D  1D  5  5  1F  7  1F  FF  FF  FF  FF  FF  FF  FF  FF  FF  FF  FF  FF  FF  FF  FF  FF  FF  FF  FF  FF  FF  FF  FF  FF  FF]
DEBUG  : 2023/12/15 13:23:05 hardware.go:189: dirs [8 8 7 7 8 7 8 11 11 11 11 11 11 11 11 11 11 11 11 11 11 11 11 11 11 11 11 11 11 11 11 11]
DEBUG  : 2023/12/15 13:23:06 hardware.go:189: dirs [8 8 7 7 8 7 8 11 11 11 11 11 11 11 11 11 11 11 11 11 11 11 11 11 11 11 11 11 11 11 11 11]
DEBUG  : 2023/12/15 13:23:06 hardware.go:139: write holds addr=175 [ 0  0  0  1E]
DEBUG  : 2023/12/15 13:23:06 hardware.go:189: dirs [8 8 7 7 8 7 8 11 11 11 11 11 11 11 11 11 11 11 11 11 11 11 11 11 11 11 11 11 11 11 11 11]
DEBUG  : 2023/12/15 13:23:07 hardware.go:139: write holds addr=222 [ 1C  1C  4  4  1E  6  1E  FF  FF  FF  FF  FF  FF  FF  FF  FF  FF  FF  FF  FF  FF  FF  FF  FF  FF  FF  FF  FF  FF  FF  FF  FF]
DEBUG  : 2023/12/15 13:23:07 hardware.go:189: dirs [8 8 7 7 8 7 8 11 11 11 11 11 11 11 11 11 11 11 11 11 11 11 11 11 11 11 11 11 11 11 11 11]
DEBUG  : 2023/12/15 13:23:07 hardware.go:139: write holds addr=175 [ 0  0  0  1E]
DEBUG  : 2023/12/15 13:23:07 hardware.go:189: dirs [1 1 7 7 2 7 2 11 11 11 11 11 11 11 11 11 11 11 11 11 11 11 11 11 11 11 11 11 11 11 11 11]
DEBUG  : 2023/12/15 13:23:08 hardware.go:139: write holds addr=222 [ 1B  1B  3  3  1D  5  1D  FF  FF  FF  FF  FF  FF  FF  FF  FF  FF  FF  FF  FF  FF  FF  FF  FF  FF  FF  FF  FF  FF  FF  FF  FF]
DEBUG  : 2023/12/15 13:23:08 hardware.go:189: dirs [1 1 7 7 2 7 2 11 11 11 11 11 11 11 11 11 11 11 11 11 11 11 11 11 11 11 11 11 11 11 11 11]
DEBUG  : 2023/12/15 13:23:08 hardware.go:139: write holds addr=175 [ 0  0  0  1E]
DEBUG  : 2023/12/15 13:23:08 hardware.go:139: write holds addr=222 [ 1A  1A  2  2  1C  4  1C  FF  FF  FF  FF  FF  FF  FF  FF  FF  FF  FF  FF  FF  FF  FF  FF  FF  FF  FF  FF  FF  FF  FF  FF  FF]
DEBUG  : 2023/12/15 13:23:08 hardware.go:189: dirs [1 1 7 7 2 7 2 11 11 11 11 11 11 11 11 11 11 11 11 11 11 11 11 11 11 11 11 11 11 11 11 11]
DEBUG  : 2023/12/15 13:23:09 hardware.go:189: dirs [1 1 7 7 2 7 2 11 11 11 11 11 11 11 11 11 11 11 11 11 11 11 11 11 11 11 11 11 11 11 11 11]
DEBUG  : 2023/12/15 13:23:09 hardware.go:139: write holds addr=175 [ 0  0  0  1E]
DEBUG  : 2023/12/15 13:23:09 hardware.go:189: dirs [1 1 7 7 2 7 2 11 11 11 11 11 11 11 11 11 11 11 11 11 11 11 11 11 11 11 11 11 11 11 11 11]
DEBUG  : 2023/12/15 13:23:10 hardware.go:139: write holds addr=222 [ 19  19  1  1  1B  3  1B  FF  FF  FF  FF  FF  FF  FF  FF  FF  FF  FF  FF  FF  FF  FF  FF  FF  FF  FF  FF  FF  FF  FF  FF  FF]
DEBUG  : 2023/12/15 13:23:10 hardware.go:189: dirs [1 1 7 7 2 7 2 11 11 11 11 11 11 11 11 11 11 11 11 11 11 11 11 11 11 11 11 11 11 11 11 11]
DEBUG  : 2023/12/15 13:23:10 hardware.go:139: write holds addr=175 [ 0  0  C  1E]
DEBUG  : 2023/12/15 13:23:10 hardware.go:189: dirs [2 2 7 7 2 7 2 11 11 11 11 11 11 11 11 11 11 11 11 11 11 11 11 11 11 11 11 11 11 11 11 11]
DEBUG  : 2023/12/15 13:23:11 hardware.go:139: write holds addr=222 [ 18  18  12  12  1A  2  1A  FF  FF  FF  FF  FF  FF  FF  FF  FF  FF  FF  FF  FF  FF  FF  FF  FF  FF  FF  FF  FF  FF  FF  FF  FF]
DEBUG  : 2023/12/15 13:23:11 hardware.go:189: dirs [2 2 7 7 2 7 2 11 11 11 11 11 11 11 11 11 11 11 11 11 11 11 11 11 11 11 11 11 11 11 11 11]
DEBUG  : 2023/12/15 13:23:11 hardware.go:139: write holds addr=175 [ 0  0  C  1E]
DEBUG  : 2023/12/15 13:23:11 hardware.go:139: write holds addr=222 [ 17  17  11  11  19  1  19  FF  FF  FF  FF  FF  FF  FF  FF  FF  FF  FF  FF  FF  FF  FF  FF  FF  FF  FF  FF  FF  FF  FF  FF  FF]
DEBUG  : 2023/12/15 13:23:11 hardware.go:189: dirs [2 2 7 7 2 7 2 11 11 11 11 11 11 11 11 11 11 11 11 11 11 11 11 11 11 11 11 11 11 11 11 11]
DEBUG  : 2023/12/15 13:23:12 hardware.go:189: dirs [2 2 7 7 2 7 2 11 11 11 11 11 11 11 11 11 11 11 11 11 11 11 11 11 11 11 11 11 11 11 11 11]
DEBUG  : 2023/12/15 13:23:12 hardware.go:139: write holds addr=175 [ 0  0  2C  1E]
DEBUG  : 2023/12/15 13:23:12 hardware.go:189: dirs [2 2 7 7 2 7 2 11 11 11 11 11 11 11 11 11 11 11 11 11 11 11 11 11 11 11 11 11 11 11 11 11]
DEBUG  : 2023/12/15 13:23:13 hardware.go:139: write holds addr=222 [ 16  16  10  10  18  10  18  FF  FF  FF  FF  FF  FF  FF  FF  FF  FF  FF  FF  FF  FF  FF  FF  FF  FF  FF  FF  FF  FF  FF  FF  FF]
DEBUG  : 2023/12/15 13:23:13 hardware.go:189: dirs [2 2 7 7 2 7 2 11 11 11 11 11 11 11 11 11 11 11 11 11 11 11 11 11 11 11 11 11 11 11 11 11]
DEBUG  : 2023/12/15 13:23:13 hardware.go:139: write holds addr=175 [ 0  0  2C  1E]
DEBUG  : 2023/12/15 13:23:13 hardware.go:189: dirs [2 2 7 7 2 7 2 11 11 11 11 11 11 11 11 11 11 11 11 11 11 11 11 11 11 11 11 11 11 11 11 11]
DEBUG  : 2023/12/15 13:23:14 hardware.go:139: write holds addr=222 [ 15  15  F  F  17  F  17  FF  FF  FF  FF  FF  FF  FF  FF  FF  FF  FF  FF  FF  FF  FF  FF  FF  FF  FF  FF  FF  FF  FF  FF  FF]
DEBUG  : 2023/12/15 13:23:14 hardware.go:189: dirs [2 2 7 7 2 7 2 11 11 11 11 11 11 11 11 11 11 11 11 11 11 11 11 11 11 11 11 11 11 11 11 11]
DEBUG  : 2023/12/15 13:23:14 hardware.go:139: write holds addr=175 [ 0  0  2C  1E]
DEBUG  : 2023/12/15 13:23:14 hardware.go:189: dirs [2 2 7 7 2 7 2 11 11 11 11 11 11 11 11 11 11 11 11 11 11 11 11 11 11 11 11 11 11 11 11 11]
DEBUG  : 2023/12/15 13:23:15 hardware.go:139: write holds addr=222 [ 14  14  E  E  16  E  16  FF  FF  FF  FF  FF  FF  FF  FF  FF  FF  FF  FF  FF  FF  FF  FF  FF  FF  FF  FF  FF  FF  FF  FF  FF]
DEBUG  : 2023/12/15 13:23:15 hardware.go:189: dirs [2 2 7 7 2 7 2 11 11 11 11 11 11 11 11 11 11 11 11 11 11 11 11 11 11 11 11 11 11 11 11 11]
DEBUG  : 2023/12/15 13:23:15 hardware.go:139: write holds addr=175 [ 0  0  2C  1E]
DEBUG  : 2023/12/15 13:23:15 hardware.go:189: dirs [2 2 7 7 2 7 2 11 11 11 11 11 11 11 11 11 11 11 11 11 11 11 11 11 11 11 11 11 11 11 11 11]
DEBUG  : 2023/12/15 13:23:16 hardware.go:139: write holds addr=222 [ 13  13  D  D  15  D  15  FF  FF  FF  FF  FF  FF  FF  FF  FF  FF  FF  FF  FF  FF  FF  FF  FF  FF  FF  FF  FF  FF  FF  FF  FF]
DEBUG  : 2023/12/15 13:23:16 hardware.go:189: dirs [2 2 7 7 2 7 2 11 11 11 11 11 11 11 11 11 11 11 11 11 11 11 11 11 11 11 11 11 11 11 11 11]
DEBUG  : 2023/12/15 13:23:16 hardware.go:139: write holds addr=175 [ 0  0  2C  1E]
DEBUG  : 2023/12/15 13:23:16 hardware.go:189: dirs [2 2 7 7 2 7 2 11 11 11 11 11 11 11 11 11 11 11 11 11 11 11 11 11 11 11 11 11 11 11 11 11]
DEBUG  : 2023/12/15 13:23:17 hardware.go:139: write holds addr=222 [ 12  12  C  C  14  C  14  FF  FF  FF  FF  FF  FF  FF  FF  FF  FF  FF  FF  FF  FF  FF  FF  FF  FF  FF  FF  FF  FF  FF  FF  FF]
DEBUG  : 2023/12/15 13:23:17 hardware.go:189: dirs [2 2 7 7 2 7 2 11 11 11 11 11 11 11 11 11 11 11 11 11 11 11 11 11 11 11 11 11 11 11 11 11]
DEBUG  : 2023/12/15 13:23:17 hardware.go:139: write holds addr=175 [ 0  0  2C  1E]
DEBUG  : 2023/12/15 13:23:17 hardware.go:189: dirs [2 2 7 7 2 7 2 11 11 11 11 11 11 11 11 11 11 11 11 11 11 11 11 11 11 11 11 11 11 11 11 11]
DEBUG  : 2023/12/15 13:23:18 hardware.go:139: write holds addr=222 [ 11  11  B  B  13  B  13  FF  FF  FF  FF  FF  FF  FF  FF  FF  FF  FF  FF  FF  FF  FF  FF  FF  FF  FF  FF  FF  FF  FF  FF  FF]
DEBUG  : 2023/12/15 13:23:18 hardware.go:189: dirs [2 2 7 7 2 7 2 11 11 11 11 11 11 11 11 11 11 11 11 11 11 11 11 11 11 11 11 11 11 11 11 11]
DEBUG  : 2023/12/15 13:23:18 hardware.go:139: write holds addr=175 [ 0  0  2C  1E]
DEBUG  : 2023/12/15 13:23:18 hardware.go:139: write holds addr=222 [ 10  10  A  A  12  A  12  FF  FF  FF  FF  FF  FF  FF  FF  FF  FF  FF  FF  FF  FF  FF  FF  FF  FF  FF  FF  FF  FF  FF  FF  FF]
DEBUG  : 2023/12/15 13:23:18 hardware.go:189: dirs [2 2 7 7 2 7 2 11 11 11 11 11 11 11 11 11 11 11 11 11 11 11 11 11 11 11 11 11 11 11 11 11]
DEBUG  : 2023/12/15 13:23:19 hardware.go:189: dirs [2 2 7 7 2 7 2 11 11 11 11 11 11 11 11 11 11 11 11 11 11 11 11 11 11 11 11 11 11 11 11 11]
DEBUG  : 2023/12/15 13:23:19 hardware.go:139: write holds addr=175 [ 0  0  2C  1E]
DEBUG  : 2023/12/15 13:23:19 hardware.go:189: dirs [2 2 7 7 2 7 2 11 11 11 11 11 11 11 11 11 11 11 11 11 11 11 11 11 11 11 11 11 11 11 11 11]
DEBUG  : 2023/12/15 13:23:20 hardware.go:139: write holds addr=222 [ F  F  9  9  11  9  11  FF  FF  FF  FF  FF  FF  FF  FF  FF  FF  FF  FF  FF  FF  FF  FF  FF  FF  FF  FF  FF  FF  FF  FF  FF]
DEBUG  : 2023/12/15 13:23:20 hardware.go:189: dirs [2 2 7 7 2 7 2 11 11 11 11 11 11 11 11 11 11 11 11 11 11 11 11 11 11 11 11 11 11 11 11 11]
DEBUG  : 2023/12/15 13:23:20 hardware.go:139: write holds addr=175 [ 0  0  2C  1E]
DEBUG  : 2023/12/15 13:23:20 hardware.go:189: dirs [2 2 7 7 2 7 2 11 11 11 11 11 11 11 11 11 11 11 11 11 11 11 11 11 11 11 11 11 11 11 11 11]
DEBUG  : 2023/12/15 13:23:21 hardware.go:139: write holds addr=222 [ E  E  8  8  10  8  10  FF  FF  FF  FF  FF  FF  FF  FF  FF  FF  FF  FF  FF  FF  FF  FF  FF  FF  FF  FF  FF  FF  FF  FF  FF]
DEBUG  : 2023/12/15 13:23:21 hardware.go:189: dirs [2 2 7 7 2 7 2 11 11 11 11 11 11 11 11 11 11 11 11 11 11 11 11 11 11 11 11 11 11 11 11 11]
DEBUG  : 2023/12/15 13:23:21 hardware.go:139: write holds addr=175 [ 0  0  2C  1E]
DEBUG  : 2023/12/15 13:23:21 hardware.go:189: dirs [2 2 7 7 2 7 2 11 11 11 11 11 11 11 11 11 11 11 11 11 11 11 11 11 11 11 11 11 11 11 11 11]
DEBUG  : 2023/12/15 13:23:22 hardware.go:139: write holds addr=222 [ D  D  7  7  F  7  F  FF  FF  FF  FF  FF  FF  FF  FF  FF  FF  FF  FF  FF  FF  FF  FF  FF  FF  FF  FF  FF  FF  FF  FF  FF]
DEBUG  : 2023/12/15 13:23:22 hardware.go:189: dirs [2 2 7 7 2 7 2 11 11 11 11 11 11 11 11 11 11 11 11 11 11 11 11 11 11 11 11 11 11 11 11 11]
DEBUG  : 2023/12/15 13:23:22 hardware.go:139: write holds addr=175 [ 0  0  2C  1E]
DEBUG  : 2023/12/15 13:23:22 hardware.go:189: dirs [2 2 7 7 2 7 2 11 11 11 11 11 11 11 11 11 11 11 11 11 11 11 11 11 11 11 11 11 11 11 11 11]
DEBUG  : 2023/12/15 13:23:23 hardware.go:139: write holds addr=222 [ C  C  6  6  E  6  E  FF  FF  FF  FF  FF  FF  FF  FF  FF  FF  FF  FF  FF  FF  FF  FF  FF  FF  FF  FF  FF  FF  FF  FF  FF]
DEBUG  : 2023/12/15 13:23:23 hardware.go:189: dirs [2 2 7 7 2 7 2 11 11 11 11 11 11 11 11 11 11 11 11 11 11 11 11 11 11 11 11 11 11 11 11 11]
DEBUG  : 2023/12/15 13:23:23 hardware.go:139: write holds addr=175 [ 0  0  2C  1E]
DEBUG  : 2023/12/15 13:23:23 hardware.go:189: dirs [2 2 7 7 2 7 2 11 11 11 11 11 11 11 11 11 11 11 11 11 11 11 11 11 11 11 11 11 11 11 11 11]
DEBUG  : 2023/12/15 13:23:24 hardware.go:139: write holds addr=222 [ B  B  5  5  D  5  D  FF  FF  FF  FF  FF  FF  FF  FF  FF  FF  FF  FF  FF  FF  FF  FF  FF  FF  FF  FF  FF  FF  FF  FF  FF]
DEBUG  : 2023/12/15 13:23:24 hardware.go:189: dirs [2 2 7 7 2 7 2 11 11 11 11 11 11 11 11 11 11 11 11 11 11 11 11 11 11 11 11 11 11 11 11 11]
DEBUG  : 2023/12/15 13:23:24 hardware.go:139: write holds addr=175 [ 0  0  2C  1E]
DEBUG  : 2023/12/15 13:23:24 hardware.go:189: dirs [2 2 7 7 2 7 2 11 11 11 11 11 11 11 11 11 11 11 11 11 11 11 11 11 11 11 11 11 11 11 11 11]
DEBUG  : 2023/12/15 13:23:25 hardware.go:139: write holds addr=222 [ A  A  4  4  C  4  C  FF  FF  FF  FF  FF  FF  FF  FF  FF  FF  FF  FF  FF  FF  FF  FF  FF  FF  FF  FF  FF  FF  FF  FF  FF]
DEBUG  : 2023/12/15 13:23:25 hardware.go:189: dirs [2 2 7 7 2 7 2 11 11 11 11 11 11 11 11 11 11 11 11 11 11 11 11 11 11 11 11 11 11 11 11 11]
DEBUG  : 2023/12/15 13:23:25 hardware.go:139: write holds addr=175 [ 0  0  2C  1E]
DEBUG  : 2023/12/15 13:23:25 hardware.go:189: dirs [2 2 7 7 2 7 2 11 11 11 11 11 11 11 11 11 11 11 11 11 11 11 11 11 11 11 11 11 11 11 11 11]
DEBUG  : 2023/12/15 13:23:26 hardware.go:139: write holds addr=222 [ 9  9  3  3  B  3  B  FF  FF  FF  FF  FF  FF  FF  FF  FF  FF  FF  FF  FF  FF  FF  FF  FF  FF  FF  FF  FF  FF  FF  FF  FF]
DEBUG  : 2023/12/15 13:23:26 hardware.go:189: dirs [2 2 7 7 2 7 2 11 11 11 11 11 11 11 11 11 11 11 11 11 11 11 11 11 11 11 11 11 11 11 11 11]
DEBUG  : 2023/12/15 13:23:26 hardware.go:139: write holds addr=175 [ 0  0  2C  1E]
DEBUG  : 2023/12/15 13:23:26 hardware.go:139: write holds addr=222 [ 8  8  2  2  A  2  A  FF  FF  FF  FF  FF  FF  FF  FF  FF  FF  FF  FF  FF  FF  FF  FF  FF  FF  FF  FF  FF  FF  FF  FF  FF]
DEBUG  : 2023/12/15 13:23:26 hardware.go:189: dirs [2 2 7 7 2 7 2 11 11 11 11 11 11 11 11 11 11 11 11 11 11 11 11 11 11 11 11 11 11 11 11 11]
DEBUG  : 2023/12/15 13:23:27 hardware.go:189: dirs [2 2 7 7 2 7 2 11 11 11 11 11 11 11 11 11 11 11 11 11 11 11 11 11 11 11 11 11 11 11 11 11]
DEBUG  : 2023/12/15 13:23:27 hardware.go:139: write holds addr=175 [ 0  0  2C  1E]
DEBUG  : 2023/12/15 13:23:27 hardware.go:189: dirs [2 2 7 7 2 7 2 11 11 11 11 11 11 11 11 11 11 11 11 11 11 11 11 11 11 11 11 11 11 11 11 11]
DEBUG  : 2023/12/15 13:23:28 hardware.go:139: write holds addr=222 [ 7  7  1  1  9  1  9  FF  FF  FF  FF  FF  FF  FF  FF  FF  FF  FF  FF  FF  FF  FF  FF  FF  FF  FF  FF  FF  FF  FF  FF  FF]
DEBUG  : 2023/12/15 13:23:28 hardware.go:189: dirs [2 2 7 7 2 7 2 11 11 11 11 11 11 11 11 11 11 11 11 11 11 11 11 11 11 11 11 11 11 11 11 11]
DEBUG  : 2023/12/15 13:23:28 hardware.go:139: write holds addr=175 [ 0  0  0  51]
DEBUG  : 2023/12/15 13:23:28 hardware.go:139: write holds addr=222 [ 6  6  FF  FF  8  FF  8  FF  FF  FF  FF  FF  FF  FF  FF  FF  FF  FF  FF  FF  FF  FF  FF  FF  FF  FF  FF  FF  FF  FF  FF  FF]
DEBUG  : 2023/12/15 13:23:28 hardware.go:189: dirs [7 7 7 7 7 7 7 11 11 11 11 11 11 11 11 11 11 11 11 11 11 11 11 11 11 11 11 11 11 11 11 11]
DEBUG  : 2023/12/15 13:23:29 hardware.go:189: dirs [7 7 7 7 7 7 7 11 11 11 11 11 11 11 11 11 11 11 11 11 11 11 11 11 11 11 11 11 11 11 11 11]
DEBUG  : 2023/12/15 13:23:29 hardware.go:139: write holds addr=175 [ 0  0  0  51]
DEBUG  : 2023/12/15 13:23:29 hardware.go:189: dirs [7 7 7 7 7 7 7 11 11 11 11 11 11 11 11 11 11 11 11 11 11 11 11 11 11 11 11 11 11 11 11 11]
DEBUG  : 2023/12/15 13:23:30 hardware.go:139: write holds addr=222 [ 5  5  14  14  7  16  7  FF  FF  FF  FF  FF  FF  FF  FF  FF  FF  FF  FF  FF  FF  FF  FF  FF  FF  FF  FF  FF  FF  FF  FF  FF]
DEBUG  : 2023/12/15 13:23:30 hardware.go:189: dirs [7 7 7 7 7 7 7 11 11 11 11 11 11 11 11 11 11 11 11 11 11 11 11 11 11 11 11 11 11 11 11 11]
DEBUG  : 2023/12/15 13:23:30 hardware.go:139: write holds addr=175 [ 0  0  0  51]
DEBUG  : 2023/12/15 13:23:30 hardware.go:189: dirs [7 7 7 7 7 7 7 11 11 11 11 11 11 11 11 11 11 11 11 11 11 11 11 11 11 11 11 11 11 11 11 11]
DEBUG  : 2023/12/15 13:23:31 hardware.go:139: write holds addr=222 [ 4  4  13  13  6  15  6  FF  FF  FF  FF  FF  FF  FF  FF  FF  FF  FF  FF  FF  FF  FF  FF  FF  FF  FF  FF  FF  FF  FF  FF  FF]
DEBUG  : 2023/12/15 13:23:31 hardware.go:189: dirs [7 7 7 7 7 7 7 11 11 11 11 11 11 11 11 11 11 11 11 11 11 11 11 11 11 11 11 11 11 11 11 11]
DEBUG  : 2023/12/15 13:23:31 hardware.go:139: write holds addr=175 [ 0  0  0  51]
DEBUG  : 2023/12/15 13:23:31 hardware.go:139: write holds addr=222 [ 3  3  12  12  5  14  5  FF  FF  FF  FF  FF  FF  FF  FF  FF  FF  FF  FF  FF  FF  FF  FF  FF  FF  FF  FF  FF  FF  FF  FF  FF]
DEBUG  : 2023/12/15 13:23:32 hardware.go:189: dirs [7 7 7 7 7 7 7 11 11 11 11 11 11 11 11 11 11 11 11 11 11 11 11 11 11 11 11 11 11 11 11 11]
DEBUG  : 2023/12/15 13:23:32 hardware.go:189: dirs [7 7 7 7 7 7 7 11 11 11 11 11 11 11 11 11 11 11 11 11 11 11 11 11 11 11 11 11 11 11 11 11]
DEBUG  : 2023/12/15 13:23:32 hardware.go:139: write holds addr=175 [ 0  0  0  51]
DEBUG  : 2023/12/15 13:23:32 hardware.go:189: dirs [7 7 7 7 7 7 7 11 11 11 11 11 11 11 11 11 11 11 11 11 11 11 11 11 11 11 11 11 11 11 11 11]
DEBUG  : 2023/12/15 13:23:33 hardware.go:139: write holds addr=222 [ 2  2  11  11  4  13  4  FF  FF  FF  FF  FF  FF  FF  FF  FF  FF  FF  FF  FF  FF  FF  FF  FF  FF  FF  FF  FF  FF  FF  FF  FF]
DEBUG  : 2023/12/15 13:23:33 hardware.go:189: dirs [7 7 7 7 7 7 7 11 11 11 11 11 11 11 11 11 11 11 11 11 11 11 11 11 11 11 11 11 11 11 11 11]
DEBUG  : 2023/12/15 13:23:33 hardware.go:139: write holds addr=175 [ 0  0  0  51]
DEBUG  : 2023/12/15 13:23:33 hardware.go:189: dirs [7 7 7 7 7 7 7 11 11 11 11 11 11 11 11 11 11 11 11 11 11 11 11 11 11 11 11 11 11 11 11 11]
DEBUG  : 2023/12/15 13:23:34 hardware.go:139: write holds addr=222 [ 1  1  10  10  3  12  3  FF  FF  FF  FF  FF  FF  FF  FF  FF  FF  FF  FF  FF  FF  FF  FF  FF  FF  FF  FF  FF  FF  FF  FF  FF]
DEBUG  : 2023/12/15 13:23:34 hardware.go:189: dirs [7 7 7 7 7 7 7 11 11 11 11 11 11 11 11 11 11 11 11 11 11 11 11 11 11 11 11 11 11 11 11 11]
DEBUG  : 2023/12/15 13:23:34 hardware.go:139: write holds addr=175 [ 0  0  3  51]
DEBUG  : 2023/12/15 13:23:34 hardware.go:139: write holds addr=222 [ 9  9  F  F  2  11  2  FF  FF  FF  FF  FF  FF  FF  FF  FF  FF  FF  FF  FF  FF  FF  FF  FF  FF  FF  FF  FF  FF  FF  FF  FF]
DEBUG  : 2023/12/15 13:23:35 hardware.go:189: dirs [7 7 7 7 7 7 7 11 11 11 11 11 11 11 11 11 11 11 11 11 11 11 11 11 11 11 11 11 11 11 11 11]
DEBUG  : 2023/12/15 13:23:35 hardware.go:189: dirs [7 7 7 7 7 7 7 11 11 11 11 11 11 11 11 11 11 11 11 11 11 11 11 11 11 11 11 11 11 11 11 11]
DEBUG  : 2023/12/15 13:23:35 hardware.go:139: write holds addr=175 [ 0  0  3  51]
DEBUG  : 2023/12/15 13:23:35 hardware.go:189: dirs [7 7 7 7 7 7 7 11 11 11 11 11 11 11 11 11 11 11 11 11 11 11 11 11 11 11 11 11 11 11 11 11]
DEBUG  : 2023/12/15 13:23:36 hardware.go:139: write holds addr=222 [ 8  8  E  E  1  10  1  FF  FF  FF  FF  FF  FF  FF  FF  FF  FF  FF  FF  FF  FF  FF  FF  FF  FF  FF  FF  FF  FF  FF  FF  FF]
DEBUG  : 2023/12/15 13:23:36 hardware.go:189: dirs [7 7 7 7 7 7 7 11 11 11 11 11 11 11 11 11 11 11 11 11 11 11 11 11 11 11 11 11 11 11 11 11]
DEBUG  : 2023/12/15 13:23:36 hardware.go:139: write holds addr=175 [ 0  0  53  51]
DEBUG  : 2023/12/15 13:23:36 hardware.go:139: write holds addr=222 [ 7  7  D  D  7  F  7  FF  FF  FF  FF  FF  FF  FF  FF  FF  FF  FF  FF  FF  FF  FF  FF  FF  FF  FF  FF  FF  FF  FF  FF  FF]
DEBUG  : 2023/12/15 13:23:36 hardware.go:189: dirs [7 7 7 7 7 7 7 11 11 11 11 11 11 11 11 11 11 11 11 11 11 11 11 11 11 11 11 11 11 11 11 11]
DEBUG  : 2023/12/15 13:23:37 hardware.go:189: dirs [7 7 7 7 7 7 7 11 11 11 11 11 11 11 11 11 11 11 11 11 11 11 11 11 11 11 11 11 11 11 11 11]
DEBUG  : 2023/12/15 13:23:37 hardware.go:139: write holds addr=175 [ 0  0  53  51]
DEBUG  : 2023/12/15 13:23:37 hardware.go:189: dirs [7 7 7 7 7 7 7 11 11 11 11 11 11 11 11 11 11 11 11 11 11 11 11 11 11 11 11 11 11 11 11 11]
DEBUG  : 2023/12/15 13:23:38 hardware.go:139: write holds addr=222 [ 6  6  C  C  6  E  6  FF  FF  FF  FF  FF  FF  FF  FF  FF  FF  FF  FF  FF  FF  FF  FF  FF  FF  FF  FF  FF  FF  FF  FF  FF]
DEBUG  : 2023/12/15 13:23:38 hardware.go:189: dirs [7 7 7 7 7 7 7 11 11 11 11 11 11 11 11 11 11 11 11 11 11 11 11 11 11 11 11 11 11 11 11 11]
DEBUG  : 2023/12/15 13:23:38 hardware.go:139: write holds addr=175 [ 0  0  53  51]
DEBUG  : 2023/12/15 13:23:38 hardware.go:189: dirs [7 7 7 7 7 7 7 11 11 11 11 11 11 11 11 11 11 11 11 11 11 11 11 11 11 11 11 11 11 11 11 11]
DEBUG  : 2023/12/15 13:23:39 hardware.go:139: write holds addr=222 [ B  B  11  11  B  13  B  FF  FF  FF  FF  FF  FF  FF  FF  FF  FF  FF  FF  FF  FF  FF  FF  FF  FF  FF  FF  FF  FF  FF  FF  FF]
DEBUG  : 2023/12/15 13:23:39 hardware.go:189: dirs [7 7 7 7 7 7 7 11 11 11 11 11 11 11 11 11 11 11 11 11 11 11 11 11 11 11 11 11 11 11 11 11]
DEBUG  : 2023/12/15 13:23:39 hardware.go:139: write holds addr=175 [ 0  0  53  51]
DEBUG  : 2023/12/15 13:23:39 hardware.go:139: write holds addr=222 [ A  A  10  10  A  12  A  FF  FF  FF  FF  FF  FF  FF  FF  FF  FF  FF  FF  FF  FF  FF  FF  FF  FF  FF  FF  FF  FF  FF  FF  FF]
DEBUG  : 2023/12/15 13:23:39 hardware.go:189: dirs [4 4 7 7 7 7 7 11 11 11 11 11 11 11 11 11 11 11 11 11 11 11 11 11 11 11 11 11 11 11 11 11]
DEBUG  : 2023/12/15 13:23:40 hardware.go:189: dirs [4 4 7 7 7 7 7 11 11 11 11 11 11 11 11 11 11 11 11 11 11 11 11 11 11 11 11 11 11 11 11 11]
DEBUG  : 2023/12/15 13:23:40 hardware.go:139: write holds addr=175 [ 0  0  53  51]
DEBUG  : 2023/12/15 13:23:40 hardware.go:189: dirs [4 4 7 7 7 7 7 11 11 11 11 11 11 11 11 11 11 11 11 11 11 11 11 11 11 11 11 11 11 11 11 11]
DEBUG  : 2023/12/15 13:23:41 hardware.go:139: write holds addr=222 [ 9  9  F  F  9  11  9  FF  FF  FF  FF  FF  FF  FF  FF  FF  FF  FF  FF  FF  FF  FF  FF  FF  FF  FF  FF  FF  FF  FF  FF  FF]
DEBUG  : 2023/12/15 13:23:41 hardware.go:189: dirs [4 4 7 7 7 7 7 11 11 11 11 11 11 11 11 11 11 11 11 11 11 11 11 11 11 11 11 11 11 11 11 11]
DEBUG  : 2023/12/15 13:23:41 hardware.go:139: write holds addr=175 [ 0  0  53  51]
DEBUG  : 2023/12/15 13:23:41 hardware.go:139: write holds addr=222 [ 8  8  E  E  8  10  8  FF  FF  FF  FF  FF  FF  FF  FF  FF  FF  FF  FF  FF  FF  FF  FF  FF  FF  FF  FF  FF  FF  FF  FF  FF]
DEBUG  : 2023/12/15 13:23:41 hardware.go:189: dirs [5 5 7 7 5 7 5 11 11 11 11 11 11 11 11 11 11 11 11 11 11 11 11 11 11 11 11 11 11 11 11 11]
DEBUG  : 2023/12/15 13:23:42 hardware.go:189: dirs [5 5 7 7 5 7 5 11 11 11 11 11 11 11 11 11 11 11 11 11 11 11 11 11 11 11 11 11 11 11 11 11]
DEBUG  : 2023/12/15 13:23:42 hardware.go:139: write holds addr=175 [ 0  0  53  51]
DEBUG  : 2023/12/15 13:23:42 hardware.go:189: dirs [5 5 7 7 5 7 5 11 11 11 11 11 11 11 11 11 11 11 11 11 11 11 11 11 11 11 11 11 11 11 11 11]
DEBUG  : 2023/12/15 13:23:43 hardware.go:139: write holds addr=222 [ 7  7  D  D  7  F  7  FF  FF  FF  FF  FF  FF  FF  FF  FF  FF  FF  FF  FF  FF  FF  FF  FF  FF  FF  FF  FF  FF  FF  FF  FF]
DEBUG  : 2023/12/15 13:23:43 hardware.go:189: dirs [5 5 7 7 5 7 5 11 11 11 11 11 11 11 11 11 11 11 11 11 11 11 11 11 11 11 11 11 11 11 11 11]
DEBUG  : 2023/12/15 13:23:43 hardware.go:139: write holds addr=175 [ 0  0  53  51]
DEBUG  : 2023/12/15 13:23:43 hardware.go:139: write holds addr=222 [ 6  6  C  C  6  E  6  FF  FF  FF  FF  FF  FF  FF  FF  FF  FF  FF  FF  FF  FF  FF  FF  FF  FF  FF  FF  FF  FF  FF  FF  FF]
DEBUG  : 2023/12/15 13:23:43 hardware.go:189: dirs [5 5 7 7 5 7 5 11 11 11 11 11 11 11 11 11 11 11 11 11 11 11 11 11 11 11 11 11 11 11 11 11]
DEBUG  : 2023/12/15 13:23:44 hardware.go:189: dirs [5 5 7 7 5 7 5 11 11 11 11 11 11 11 11 11 11 11 11 11 11 11 11 11 11 11 11 11 11 11 11 11]
DEBUG  : 2023/12/15 13:23:44 hardware.go:139: write holds addr=175 [ 0  0  53  51]
DEBUG  : 2023/12/15 13:23:44 hardware.go:189: dirs [5 5 7 7 5 7 5 11 11 11 11 11 11 11 11 11 11 11 11 11 11 11 11 11 11 11 11 11 11 11 11 11]
DEBUG  : 2023/12/15 13:23:45 hardware.go:139: write holds addr=222 [ 8  8  E  E  8  10  8  FF  FF  FF  FF  FF  FF  FF  FF  FF  FF  FF  FF  FF  FF  FF  FF  FF  FF  FF  FF  FF  FF  FF  FF  FF]
DEBUG  : 2023/12/15 13:23:45 hardware.go:189: dirs [5 5 7 7 5 7 5 11 11 11 11 11 11 11 11 11 11 11 11 11 11 11 11 11 11 11 11 11 11 11 11 11]
DEBUG  : 2023/12/15 13:23:45 hardware.go:139: write holds addr=175 [ 0  0  53  51]
DEBUG  : 2023/12/15 13:23:45 hardware.go:189: dirs [5 5 7 7 5 7 5 11 11 11 11 11 11 11 11 11 11 11 11 11 11 11 11 11 11 11 11 11 11 11 11 11]
DEBUG  : 2023/12/15 13:23:46 hardware.go:139: write holds addr=222 [ 7  7  D  D  7  F  7  FF  FF  FF  FF  FF  FF  FF  FF  FF  FF  FF  FF  FF  FF  FF  FF  FF  FF  FF  FF  FF  FF  FF  FF  FF]
DEBUG  : 2023/12/15 13:23:46 hardware.go:189: dirs [5 5 7 7 5 7 5 11 11 11 11 11 11 11 11 11 11 11 11 11 11 11 11 11 11 11 11 11 11 11 11 11]
DEBUG  : 2023/12/15 13:23:46 hardware.go:139: write holds addr=175 [ 0  0  53  51]
DEBUG  : 2023/12/15 13:23:46 hardware.go:189: dirs [5 5 7 7 5 7 5 11 11 11 11 11 11 11 11 11 11 11 11 11 11 11 11 11 11 11 11 11 11 11 11 11]
DEBUG  : 2023/12/15 13:23:47 hardware.go:139: write holds addr=222 [ 6  6  C  C  6  E  6  FF  FF  FF  FF  FF  FF  FF  FF  FF  FF  FF  FF  FF  FF  FF  FF  FF  FF  FF  FF  FF  FF  FF  FF  FF]
DEBUG  : 2023/12/15 13:23:47 hardware.go:189: dirs [5 5 7 7 5 7 5 11 11 11 11 11 11 11 11 11 11 11 11 11 11 11 11 11 11 11 11 11 11 11 11 11]
DEBUG  : 2023/12/15 13:23:47 hardware.go:139: write holds addr=175 [ 0  0  53  51]
DEBUG  : 2023/12/15 13:23:47 hardware.go:189: dirs [5 5 7 7 5 7 5 11 11 11 11 11 11 11 11 11 11 11 11 11 11 11 11 11 11 11 11 11 11 11 11 11]
DEBUG  : 2023/12/15 13:23:48 hardware.go:139: write holds addr=222 [ 8  8  E  E  8  10  8  FF  FF  FF  FF  FF  FF  FF  FF  FF  FF  FF  FF  FF  FF  FF  FF  FF  FF  FF  FF  FF  FF  FF  FF  FF]
DEBUG  : 2023/12/15 13:23:48 hardware.go:189: dirs [5 5 7 7 5 7 5 11 11 11 11 11 11 11 11 11 11 11 11 11 11 11 11 11 11 11 11 11 11 11 11 11]
DEBUG  : 2023/12/15 13:23:48 hardware.go:139: write holds addr=175 [ 0  0  53  51]
DEBUG  : 2023/12/15 13:23:48 hardware.go:139: write holds addr=222 [ 7  7  D  D  7  F  7  FF  FF  FF  FF  FF  FF  FF  FF  FF  FF  FF  FF  FF  FF  FF  FF  FF  FF  FF  FF  FF  FF  FF  FF  FF]
DEBUG  : 2023/12/15 13:23:48 hardware.go:189: dirs [5 5 7 7 5 7 5 11 11 11 11 11 11 11 11 11 11 11 11 11 11 11 11 11 11 11 11 11 11 11 11 11]
DEBUG  : 2023/12/15 13:23:49 hardware.go:189: dirs [5 5 7 7 5 7 5 11 11 11 11 11 11 11 11 11 11 11 11 11 11 11 11 11 11 11 11 11 11 11 11 11]
DEBUG  : 2023/12/15 13:23:49 hardware.go:139: write holds addr=175 [ 0  0  53  51]
DEBUG  : 2023/12/15 13:23:49 hardware.go:189: dirs [5 5 7 7 5 7 5 11 11 11 11 11 11 11 11 11 11 11 11 11 11 11 11 11 11 11 11 11 11 11 11 11]
DEBUG  : 2023/12/15 13:23:50 hardware.go:139: write holds addr=222 [ 6  6  C  C  6  E  6  FF  FF  FF  FF  FF  FF  FF  FF  FF  FF  FF  FF  FF  FF  FF  FF  FF  FF  FF  FF  FF  FF  FF  FF  FF]
DEBUG  : 2023/12/15 13:23:50 hardware.go:189: dirs [5 5 7 7 5 7 5 11 11 11 11 11 11 11 11 11 11 11 11 11 11 11 11 11 11 11 11 11 11 11 11 11]
DEBUG  : 2023/12/15 13:23:50 hardware.go:139: write holds addr=175 [ 0  0  53  51]
DEBUG  : 2023/12/15 13:23:50 hardware.go:139: write holds addr=222 [ 5  5  B  B  5  D  5  FF  FF  FF  FF  FF  FF  FF  FF  FF  FF  FF  FF  FF  FF  FF  FF  FF  FF  FF  FF  FF  FF  FF  FF  FF]
DEBUG  : 2023/12/15 13:23:50 hardware.go:189: dirs [5 5 7 7 5 7 5 11 11 11 11 11 11 11 11 11 11 11 11 11 11 11 11 11 11 11 11 11 11 11 11 11]
DEBUG  : 2023/12/15 13:23:51 hardware.go:189: dirs [5 5 7 7 5 7 5 11 11 11 11 11 11 11 11 11 11 11 11 11 11 11 11 11 11 11 11 11 11 11 11 11]
DEBUG  : 2023/12/15 13:23:51 hardware.go:139: write holds addr=175 [ 0  0  53  51]
DEBUG  : 2023/12/15 13:23:51 hardware.go:189: dirs [5 5 7 7 5 7 5 11 11 11 11 11 11 11 11 11 11 11 11 11 11 11 11 11 11 11 11 11 11 11 11 11]
DEBUG  : 2023/12/15 13:23:52 hardware.go:139: write holds addr=222 [ 4  4  A  A  4  C  4  FF  FF  FF  FF  FF  FF  FF  FF  FF  FF  FF  FF  FF  FF  FF  FF  FF  FF  FF  FF  FF  FF  FF  FF  FF]
DEBUG  : 2023/12/15 13:23:52 hardware.go:189: dirs [5 5 7 7 5 7 5 11 11 11 11 11 11 11 11 11 11 11 11 11 11 11 11 11 11 11 11 11 11 11 11 11]
DEBUG  : 2023/12/15 13:23:52 hardware.go:139: write holds addr=175 [ 0  0  53  51]
DEBUG  : 2023/12/15 13:23:52 hardware.go:139: write holds addr=222 [ 3  3  9  9  3  B  3  FF  FF  FF  FF  FF  FF  FF  FF  FF  FF  FF  FF  FF  FF  FF  FF  FF  FF  FF  FF  FF  FF  FF  FF  FF]
DEBUG  : 2023/12/15 13:23:52 hardware.go:189: dirs [5 5 7 7 5 7 5 11 11 11 11 11 11 11 11 11 11 11 11 11 11 11 11 11 11 11 11 11 11 11 11 11]
DEBUG  : 2023/12/15 13:23:53 hardware.go:189: dirs [5 5 7 7 5 7 5 11 11 11 11 11 11 11 11 11 11 11 11 11 11 11 11 11 11 11 11 11 11 11 11 11]
DEBUG  : 2023/12/15 13:23:53 hardware.go:139: write holds addr=175 [ 0  0  53  51]
DEBUG  : 2023/12/15 13:23:53 hardware.go:189: dirs [5 5 7 7 5 7 5 11 11 11 11 11 11 11 11 11 11 11 11 11 11 11 11 11 11 11 11 11 11 11 11 11]
DEBUG  : 2023/12/15 13:23:54 hardware.go:139: write holds addr=222 [ 2  2  8  8  2  A  2  FF  FF  FF  FF  FF  FF  FF  FF  FF  FF  FF  FF  FF  FF  FF  FF  FF  FF  FF  FF  FF  FF  FF  FF  FF]
DEBUG  : 2023/12/15 13:23:54 hardware.go:189: dirs [5 5 7 7 5 7 5 11 11 11 11 11 11 11 11 11 11 11 11 11 11 11 11 11 11 11 11 11 11 11 11 11]
DEBUG  : 2023/12/15 13:23:54 hardware.go:139: write holds addr=175 [ 0  0  53  51]
DEBUG  : 2023/12/15 13:23:54 hardware.go:139: write holds addr=222 [ 1  1  7  7  1  9  1  FF  FF  FF  FF  FF  FF  FF  FF  FF  FF  FF  FF  FF  FF  FF  FF  FF  FF  FF  FF  FF  FF  FF  FF  FF]
DEBUG  : 2023/12/15 13:23:54 hardware.go:189: dirs [5 5 7 7 5 7 5 11 11 11 11 11 11 11 11 11 11 11 11 11 11 11 11 11 11 11 11 11 11 11 11 11]
DEBUG  : 2023/12/15 13:23:55 hardware.go:189: dirs [5 5 7 7 5 7 5 11 11 11 11 11 11 11 11 11 11 11 11 11 11 11 11 11 11 11 11 11 11 11 11 11]
DEBUG  : 2023/12/15 13:23:55 hardware.go:139: write holds addr=175 [ 0  0  0  1E]
DEBUG  : 2023/12/15 13:23:55 hardware.go:189: dirs [8 8 7 7 8 7 8 11 11 11 11 11 11 11 11 11 11 11 11 11 11 11 11 11 11 11 11 11 11 11 11 11]
DEBUG  : 2023/12/15 13:23:56 hardware.go:139: write holds addr=222 [ FF  FF  6  6  FF  8  FF  FF  FF  FF  FF  FF  FF  FF  FF  FF  FF  FF  FF  FF  FF  FF  FF  FF  FF  FF  FF  FF  FF  FF  FF  FF]
DEBUG  : 2023/12/15 13:23:56 hardware.go:189: dirs [8 8 7 7 8 7 8 11 11 11 11 11 11 11 11 11 11 11 11 11 11 11 11 11 11 11 11 11 11 11 11 11]
DEBUG  : 2023/12/15 13:23:56 hardware.go:139: write holds addr=175 [ 0  0  0  1E]
DEBUG  : 2023/12/15 13:23:56 hardware.go:139: write holds addr=222 [ 1D  1D  5  5  1F  7  1F  FF  FF  FF  FF  FF  FF  FF  FF  FF  FF  FF  FF  FF  FF  FF  FF  FF  FF  FF  FF  FF  FF  FF  FF  FF]
DEBUG  : 2023/12/15 13:23:56 hardware.go:189: dirs [8 8 7 7 8 7 8 11 11 11 11 11 11 11 11 11 11 11 11 11 11 11 11 11 11 11 11 11 11 11 11 11]
DEBUG  : 2023/12/15 13:23:57 hardware.go:189: dirs [8 8 7 7 8 7 8 11 11 11 11 11 11 11 11 11 11 11 11 11 11 11 11 11 11 11 11 11 11 11 11 11]
DEBUG  : 2023/12/15 13:23:57 hardware.go:139: write holds addr=175 [ 0  0  0  1E]
DEBUG  : 2023/12/15 13:23:57 hardware.go:189: dirs [8 8 7 7 8 7 8 11 11 11 11 11 11 11 11 11 11 11 11 11 11 11 11 11 11 11 11 11 11 11 11 11]
DEBUG  : 2023/12/15 13:23:58 hardware.go:139: write holds addr=222 [ 1C  1C  4  4  1E  6  1E  FF  FF  FF  FF  FF  FF  FF  FF  FF  FF  FF  FF  FF  FF  FF  FF  FF  FF  FF  FF  FF  FF  FF  FF  FF]
DEBUG  : 2023/12/15 13:23:58 hardware.go:189: dirs [8 8 7 7 8 7 8 11 11 11 11 11 11 11 11 11 11 11 11 11 11 11 11 11 11 11 11 11 11 11 11 11]
DEBUG  : 2023/12/15 13:23:58 hardware.go:139: write holds addr=175 [ 0  0  0  1E]
DEBUG  : 2023/12/15 13:23:58 hardware.go:139: write holds addr=222 [ 1B  1B  3  3  1D  5  1D  FF  FF  FF  FF  FF  FF  FF  FF  FF  FF  FF  FF  FF  FF  FF  FF  FF  FF  FF  FF  FF  FF  FF  FF  FF]
DEBUG  : 2023/12/15 13:23:58 hardware.go:189: dirs [1 1 7 7 2 7 2 11 11 11 11 11 11 11 11 11 11 11 11 11 11 11 11 11 11 11 11 11 11 11 11 11]
DEBUG  : 2023/12/15 13:23:59 hardware.go:189: dirs [1 1 7 7 2 7 2 11 11 11 11 11 11 11 11 11 11 11 11 11 11 11 11 11 11 11 11 11 11 11 11 11]
DEBUG  : 2023/12/15 13:23:59 hardware.go:139: write holds addr=175 [ 0  0  0  1E]
DEBUG  : 2023/12/15 13:23:59 hardware.go:189: dirs [1 1 7 7 2 7 2 11 11 11 11 11 11 11 11 11 11 11 11 11 11 11 11 11 11 11 11 11 11 11 11 11]
DEBUG  : 2023/12/15 13:24:00 hardware.go:139: write holds addr=222 [ 1A  1A  2  2  1C  4  1C  FF  FF  FF  FF  FF  FF  FF  FF  FF  FF  FF  FF  FF  FF  FF  FF  FF  FF  FF  FF  FF  FF  FF  FF  FF]
DEBUG  : 2023/12/15 13:24:00 hardware.go:189: dirs [1 1 7 7 2 7 2 11 11 11 11 11 11 11 11 11 11 11 11 11 11 11 11 11 11 11 11 11 11 11 11 11]
DEBUG  : 2023/12/15 13:24:00 hardware.go:139: write holds addr=175 [ 0  0  0  1E]
DEBUG  : 2023/12/15 13:24:00 hardware.go:139: write holds addr=222 [ 19  19  1  1  1B  3  1B  FF  FF  FF  FF  FF  FF  FF  FF  FF  FF  FF  FF  FF  FF  FF  FF  FF  FF  FF  FF  FF  FF  FF  FF  FF]
DEBUG  : 2023/12/15 13:24:00 hardware.go:189: dirs [1 1 7 7 2 7 2 11 11 11 11 11 11 11 11 11 11 11 11 11 11 11 11 11 11 11 11 11 11 11 11 11]
DEBUG  : 2023/12/15 13:24:01 hardware.go:189: dirs [1 1 7 7 2 7 2 11 11 11 11 11 11 11 11 11 11 11 11 11 11 11 11 11 11 11 11 11 11 11 11 11]
DEBUG  : 2023/12/15 13:24:01 hardware.go:139: write holds addr=175 [ 0  0  C  1E]
DEBUG  : 2023/12/15 13:24:01 hardware.go:189: dirs [2 2 7 7 2 7 2 11 11 11 11 11 11 11 11 11 11 11 11 11 11 11 11 11 11 11 11 11 11 11 11 11]
DEBUG  : 2023/12/15 13:24:02 hardware.go:139: write holds addr=222 [ 18  18  12  12  1A  2  1A  FF  FF  FF  FF  FF  FF  FF  FF  FF  FF  FF  FF  FF  FF  FF  FF  FF  FF  FF  FF  FF  FF  FF  FF  FF]
DEBUG  : 2023/12/15 13:24:02 hardware.go:189: dirs [2 2 7 7 2 7 2 11 11 11 11 11 11 11 11 11 11 11 11 11 11 11 11 11 11 11 11 11 11 11 11 11]
DEBUG  : 2023/12/15 13:24:02 hardware.go:139: write holds addr=175 [ 0  0  C  1E]
DEBUG  : 2023/12/15 13:24:02 hardware.go:139: write holds addr=222 [ 17  17  11  11  19  1  19  FF  FF  FF  FF  FF  FF  FF  FF  FF  FF  FF  FF  FF  FF  FF  FF  FF  FF  FF  FF  FF  FF  FF  FF  FF]
DEBUG  : 2023/12/15 13:24:02 hardware.go:189: dirs [2 2 7 7 2 7 2 11 11 11 11 11 11 11 11 11 11 11 11 11 11 11 11 11 11 11 11 11 11 11 11 11]
DEBUG  : 2023/12/15 13:24:03 hardware.go:189: dirs [2 2 7 7 2 7 2 11 11 11 11 11 11 11 11 11 11 11 11 11 11 11 11 11 11 11 11 11 11 11 11 11]
DEBUG  : 2023/12/15 13:24:03 hardware.go:139: write holds addr=175 [ 0  0  2C  1E]
DEBUG  : 2023/12/15 13:24:03 hardware.go:189: dirs [2 2 7 7 2 7 2 11 11 11 11 11 11 11 11 11 11 11 11 11 11 11 11 11 11 11 11 11 11 11 11 11]
DEBUG  : 2023/12/15 13:24:04 hardware.go:139: write holds addr=222 [ 16  16  10  10  18  10  18  FF  FF  FF  FF  FF  FF  FF  FF  FF  FF  FF  FF  FF  FF  FF  FF  FF  FF  FF  FF  FF  FF  FF  FF  FF]
DEBUG  : 2023/12/15 13:24:04 hardware.go:189: dirs [2 2 7 7 2 7 2 11 11 11 11 11 11 11 11 11 11 11 11 11 11 11 11 11 11 11 11 11 11 11 11 11]
DEBUG  : 2023/12/15 13:24:04 hardware.go:139: write holds addr=175 [ 0  0  2C  1E]
DEBUG  : 2023/12/15 13:24:04 hardware.go:139: write holds addr=222 [ 15  15  F  F  17  F  17  FF  FF  FF  FF  FF  FF  FF  FF  FF  FF  FF  FF  FF  FF  FF  FF  FF  FF  FF  FF  FF  FF  FF  FF  FF]
DEBUG  : 2023/12/15 13:24:04 hardware.go:189: dirs [2 2 7 7 2 7 2 11 11 11 11 11 11 11 11 11 11 11 11 11 11 11 11 11 11 11 11 11 11 11 11 11]
DEBUG  : 2023/12/15 13:24:05 hardware.go:189: dirs [2 2 7 7 2 7 2 11 11 11 11 11 11 11 11 11 11 11 11 11 11 11 11 11 11 11 11 11 11 11 11 11]
DEBUG  : 2023/12/15 13:24:05 hardware.go:139: write holds addr=175 [ 0  0  2C  1E]
DEBUG  : 2023/12/15 13:24:05 hardware.go:189: dirs [2 2 7 7 2 7 2 11 11 11 11 11 11 11 11 11 11 11 11 11 11 11 11 11 11 11 11 11 11 11 11 11]
DEBUG  : 2023/12/15 13:24:06 hardware.go:139: write holds addr=222 [ 14  14  E  E  16  E  16  FF  FF  FF  FF  FF  FF  FF  FF  FF  FF  FF  FF  FF  FF  FF  FF  FF  FF  FF  FF  FF  FF  FF  FF  FF]
DEBUG  : 2023/12/15 13:24:06 hardware.go:189: dirs [2 2 7 7 2 7 2 11 11 11 11 11 11 11 11 11 11 11 11 11 11 11 11 11 11 11 11 11 11 11 11 11]
DEBUG  : 2023/12/15 13:24:06 hardware.go:139: write holds addr=175 [ 0  0  2C  1E]
DEBUG  : 2023/12/15 13:24:06 hardware.go:139: write holds addr=222 [ 13  13  D  D  15  D  15  FF  FF  FF  FF  FF  FF  FF  FF  FF  FF  FF  FF  FF  FF  FF  FF  FF  FF  FF  FF  FF  FF  FF  FF  FF]
DEBUG  : 2023/12/15 13:24:06 hardware.go:189: dirs [2 2 7 7 2 7 2 11 11 11 11 11 11 11 11 11 11 11 11 11 11 11 11 11 11 11 11 11 11 11 11 11]
DEBUG  : 2023/12/15 13:24:07 hardware.go:189: dirs [2 2 7 7 2 7 2 11 11 11 11 11 11 11 11 11 11 11 11 11 11 11 11 11 11 11 11 11 11 11 11 11]
DEBUG  : 2023/12/15 13:24:07 hardware.go:139: write holds addr=175 [ 0  0  2C  1E]
DEBUG  : 2023/12/15 13:24:07 hardware.go:189: dirs [2 2 7 7 2 7 2 11 11 11 11 11 11 11 11 11 11 11 11 11 11 11 11 11 11 11 11 11 11 11 11 11]
DEBUG  : 2023/12/15 13:24:08 hardware.go:139: write holds addr=222 [ 12  12  C  C  14  C  14  FF  FF  FF  FF  FF  FF  FF  FF  FF  FF  FF  FF  FF  FF  FF  FF  FF  FF  FF  FF  FF  FF  FF  FF  FF]
DEBUG  : 2023/12/15 13:24:08 hardware.go:189: dirs [2 2 7 7 2 7 2 11 11 11 11 11 11 11 11 11 11 11 11 11 11 11 11 11 11 11 11 11 11 11 11 11]
DEBUG  : 2023/12/15 13:24:08 hardware.go:139: write holds addr=175 [ 0  0  2C  1E]
DEBUG  : 2023/12/15 13:24:08 hardware.go:139: write holds addr=222 [ 11  11  B  B  13  B  13  FF  FF  FF  FF  FF  FF  FF  FF  FF  FF  FF  FF  FF  FF  FF  FF  FF  FF  FF  FF  FF  FF  FF  FF  FF]
DEBUG  : 2023/12/15 13:24:08 hardware.go:189: dirs [2 2 7 7 2 7 2 11 11 11 11 11 11 11 11 11 11 11 11 11 11 11 11 11 11 11 11 11 11 11 11 11]
DEBUG  : 2023/12/15 13:24:09 hardware.go:189: dirs [2 2 7 7 2 7 2 11 11 11 11 11 11 11 11 11 11 11 11 11 11 11 11 11 11 11 11 11 11 11 11 11]
DEBUG  : 2023/12/15 13:24:09 hardware.go:139: write holds addr=175 [ 0  0  2C  1E]
DEBUG  : 2023/12/15 13:24:09 hardware.go:189: dirs [2 2 7 7 2 7 2 11 11 11 11 11 11 11 11 11 11 11 11 11 11 11 11 11 11 11 11 11 11 11 11 11]
DEBUG  : 2023/12/15 13:24:10 hardware.go:139: write holds addr=222 [ 10  10  A  A  12  A  12  FF  FF  FF  FF  FF  FF  FF  FF  FF  FF  FF  FF  FF  FF  FF  FF  FF  FF  FF  FF  FF  FF  FF  FF  FF]
DEBUG  : 2023/12/15 13:24:10 hardware.go:189: dirs [2 2 7 7 2 7 2 11 11 11 11 11 11 11 11 11 11 11 11 11 11 11 11 11 11 11 11 11 11 11 11 11]
DEBUG  : 2023/12/15 13:24:10 hardware.go:139: write holds addr=175 [ 0  0  2C  1E]
DEBUG  : 2023/12/15 13:24:10 hardware.go:139: write holds addr=222 [ F  F  9  9  11  9  11  FF  FF  FF  FF  FF  FF  FF  FF  FF  FF  FF  FF  FF  FF  FF  FF  FF  FF  FF  FF  FF  FF  FF  FF  FF]
DEBUG  : 2023/12/15 13:24:10 hardware.go:189: dirs [2 2 7 7 2 7 2 11 11 11 11 11 11 11 11 11 11 11 11 11 11 11 11 11 11 11 11 11 11 11 11 11]
DEBUG  : 2023/12/15 13:24:11 hardware.go:189: dirs [2 2 7 7 2 7 2 11 11 11 11 11 11 11 11 11 11 11 11 11 11 11 11 11 11 11 11 11 11 11 11 11]
DEBUG  : 2023/12/15 13:24:11 hardware.go:139: write holds addr=175 [ 0  0  2C  1E]
DEBUG  : 2023/12/15 13:24:11 hardware.go:189: dirs [2 2 7 7 2 7 2 11 11 11 11 11 11 11 11 11 11 11 11 11 11 11 11 11 11 11 11 11 11 11 11 11]
DEBUG  : 2023/12/15 13:24:12 hardware.go:139: write holds addr=222 [ E  E  8  8  10  8  10  FF  FF  FF  FF  FF  FF  FF  FF  FF  FF  FF  FF  FF  FF  FF  FF  FF  FF  FF  FF  FF  FF  FF  FF  FF]
DEBUG  : 2023/12/15 13:24:12 hardware.go:189: dirs [2 2 7 7 2 7 2 11 11 11 11 11 11 11 11 11 11 11 11 11 11 11 11 11 11 11 11 11 11 11 11 11]
DEBUG  : 2023/12/15 13:24:12 hardware.go:139: write holds addr=175 [ 0  0  2C  1E]
DEBUG  : 2023/12/15 13:24:12 hardware.go:139: write holds addr=222 [ D  D  7  7  F  7  F  FF  FF  FF  FF  FF  FF  FF  FF  FF  FF  FF  FF  FF  FF  FF  FF  FF  FF  FF  FF  FF  FF  FF  FF  FF]
DEBUG  : 2023/12/15 13:24:12 hardware.go:189: dirs [2 2 7 7 2 7 2 11 11 11 11 11 11 11 11 11 11 11 11 11 11 11 11 11 11 11 11 11 11 11 11 11]
DEBUG  : 2023/12/15 13:24:13 hardware.go:189: dirs [2 2 7 7 2 7 2 11 11 11 11 11 11 11 11 11 11 11 11 11 11 11 11 11 11 11 11 11 11 11 11 11]
DEBUG  : 2023/12/15 13:24:13 hardware.go:139: write holds addr=175 [ 0  0  2C  1E]
DEBUG  : 2023/12/15 13:24:13 hardware.go:189: dirs [2 2 7 7 2 7 2 11 11 11 11 11 11 11 11 11 11 11 11 11 11 11 11 11 11 11 11 11 11 11 11 11]
DEBUG  : 2023/12/15 13:24:14 hardware.go:139: write holds addr=222 [ C  C  6  6  E  6  E  FF  FF  FF  FF  FF  FF  FF  FF  FF  FF  FF  FF  FF  FF  FF  FF  FF  FF  FF  FF  FF  FF  FF  FF  FF]
DEBUG  : 2023/12/15 13:24:14 hardware.go:189: dirs [2 2 7 7 2 7 2 11 11 11 11 11 11 11 11 11 11 11 11 11 11 11 11 11 11 11 11 11 11 11 11 11]
DEBUG  : 2023/12/15 13:24:14 hardware.go:139: write holds addr=175 [ 0  0  2C  1E]
DEBUG  : 2023/12/15 13:24:14 hardware.go:139: write holds addr=222 [ B  B  5  5  D  5  D  FF  FF  FF  FF  FF  FF  FF  FF  FF  FF  FF  FF  FF  FF  FF  FF  FF  FF  FF  FF  FF  FF  FF  FF  FF]
DEBUG  : 2023/12/15 13:24:14 hardware.go:189: dirs [2 2 7 7 2 7 2 11 11 11 11 11 11 11 11 11 11 11 11 11 11 11 11 11 11 11 11 11 11 11 11 11]
DEBUG  : 2023/12/15 13:24:15 hardware.go:189: dirs [2 2 7 7 2 7 2 11 11 11 11 11 11 11 11 11 11 11 11 11 11 11 11 11 11 11 11 11 11 11 11 11]
DEBUG  : 2023/12/15 13:24:15 hardware.go:139: write holds addr=175 [ 0  0  2C  1E]
DEBUG  : 2023/12/15 13:24:15 hardware.go:189: dirs [2 2 7 7 2 7 2 11 11 11 11 11 11 11 11 11 11 11 11 11 11 11 11 11 11 11 11 11 11 11 11 11]
DEBUG  : 2023/12/15 13:24:16 hardware.go:139: write holds addr=222 [ A  A  4  4  C  4  C  FF  FF  FF  FF  FF  FF  FF  FF  FF  FF  FF  FF  FF  FF  FF  FF  FF  FF  FF  FF  FF  FF  FF  FF  FF]
DEBUG  : 2023/12/15 13:24:16 hardware.go:189: dirs [2 2 7 7 2 7 2 11 11 11 11 11 11 11 11 11 11 11 11 11 11 11 11 11 11 11 11 11 11 11 11 11]
DEBUG  : 2023/12/15 13:24:16 hardware.go:139: write holds addr=175 [ 0  0  2C  1E]
DEBUG  : 2023/12/15 13:24:16 hardware.go:139: write holds addr=222 [ 9  9  3  3  B  3  B  FF  FF  FF  FF  FF  FF  FF  FF  FF  FF  FF  FF  FF  FF  FF  FF  FF  FF  FF  FF  FF  FF  FF  FF  FF]
DEBUG  : 2023/12/15 13:24:16 hardware.go:189: dirs [2 2 7 7 2 7 2 11 11 11 11 11 11 11 11 11 11 11 11 11 11 11 11 11 11 11 11 11 11 11 11 11]
DEBUG  : 2023/12/15 13:24:17 hardware.go:189: dirs [2 2 7 7 2 7 2 11 11 11 11 11 11 11 11 11 11 11 11 11 11 11 11 11 11 11 11 11 11 11 11 11]
DEBUG  : 2023/12/15 13:24:17 hardware.go:139: write holds addr=175 [ 0  0  2C  1E]
DEBUG  : 2023/12/15 13:24:17 hardware.go:189: dirs [2 2 7 7 2 7 2 11 11 11 11 11 11 11 11 11 11 11 11 11 11 11 11 11 11 11 11 11 11 11 11 11]
DEBUG  : 2023/12/15 13:24:18 hardware.go:139: write holds addr=222 [ 8  8  2  2  A  2  A  FF  FF  FF  FF  FF  FF  FF  FF  FF  FF  FF  FF  FF  FF  FF  FF  FF  FF  FF  FF  FF  FF  FF  FF  FF]
DEBUG  : 2023/12/15 13:24:18 hardware.go:189: dirs [2 2 7 7 2 7 2 11 11 11 11 11 11 11 11 11 11 11 11 11 11 11 11 11 11 11 11 11 11 11 11 11]
DEBUG  : 2023/12/15 13:24:18 hardware.go:139: write holds addr=175 [ 0  0  2C  1E]
DEBUG  : 2023/12/15 13:24:18 hardware.go:139: write holds addr=222 [ 7  7  1  1  9  1  9  FF  FF  FF  FF  FF  FF  FF  FF  FF  FF  FF  FF  FF  FF  FF  FF  FF  FF  FF  FF  FF  FF  FF  FF  FF]
DEBUG  : 2023/12/15 13:24:18 hardware.go:189: dirs [2 2 7 7 2 7 2 11 11 11 11 11 11 11 11 11 11 11 11 11 11 11 11 11 11 11 11 11 11 11 11 11]
DEBUG  : 2023/12/15 13:24:19 hardware.go:189: dirs [2 2 7 7 2 7 2 11 11 11 11 11 11 11 11 11 11 11 11 11 11 11 11 11 11 11 11 11 11 11 11 11]
DEBUG  : 2023/12/15 13:24:19 hardware.go:139: write holds addr=175 [ 0  0  0  51]
DEBUG  : 2023/12/15 13:24:19 hardware.go:189: dirs [7 7 7 7 7 7 7 11 11 11 11 11 11 11 11 11 11 11 11 11 11 11 11 11 11 11 11 11 11 11 11 11]
DEBUG  : 2023/12/15 13:24:20 hardware.go:139: write holds addr=222 [ 6  6  FF  FF  8  FF  8  FF  FF  FF  FF  FF  FF  FF  FF  FF  FF  FF  FF  FF  FF  FF  FF  FF  FF  FF  FF  FF  FF  FF  FF  FF]
DEBUG  : 2023/12/15 13:24:20 hardware.go:189: dirs [7 7 7 7 7 7 7 11 11 11 11 11 11 11 11 11 11 11 11 11 11 11 11 11 11 11 11 11 11 11 11 11]
DEBUG  : 2023/12/15 13:24:20 hardware.go:139: write holds addr=175 [ 0  0  0  51]
DEBUG  : 2023/12/15 13:24:20 hardware.go:139: write holds addr=222 [ 5  5  14  14  7  16  7  FF  FF  FF  FF  FF  FF  FF  FF  FF  FF  FF  FF  FF  FF  FF  FF  FF  FF  FF  FF  FF  FF  FF  FF  FF]
DEBUG  : 2023/12/15 13:24:20 hardware.go:189: dirs [7 7 7 7 7 7 7 11 11 11 11 11 11 11 11 11 11 11 11 11 11 11 11 11 11 11 11 11 11 11 11 11]
DEBUG  : 2023/12/15 13:24:21 hardware.go:189: dirs [7 7 7 7 7 7 7 11 11 11 11 11 11 11 11 11 11 11 11 11 11 11 11 11 11 11 11 11 11 11 11 11]
DEBUG  : 2023/12/15 13:24:21 hardware.go:139: write holds addr=175 [ 0  0  0  51]
DEBUG  : 2023/12/15 13:24:21 hardware.go:189: dirs [7 7 7 7 7 7 7 11 11 11 11 11 11 11 11 11 11 11 11 11 11 11 11 11 11 11 11 11 11 11 11 11]
DEBUG  : 2023/12/15 13:24:22 hardware.go:139: write holds addr=222 [ 4  4  13  13  6  15  6  FF  FF  FF  FF  FF  FF  FF  FF  FF  FF  FF  FF  FF  FF  FF  FF  FF  FF  FF  FF  FF  FF  FF  FF  FF]
DEBUG  : 2023/12/15 13:24:22 hardware.go:189: dirs [7 7 7 7 7 7 7 11 11 11 11 11 11 11 11 11 11 11 11 11 11 11 11 11 11 11 11 11 11 11 11 11]
DEBUG  : 2023/12/15 13:24:22 hardware.go:139: write holds addr=175 [ 0  0  0  51]
DEBUG  : 2023/12/15 13:24:22 hardware.go:139: write holds addr=222 [ 3  3  12  12  5  14  5  FF  FF  FF  FF  FF  FF  FF  FF  FF  FF  FF  FF  FF  FF  FF  FF  FF  FF  FF  FF  FF  FF  FF  FF  FF]
DEBUG  : 2023/12/15 13:24:22 hardware.go:189: dirs [7 7 7 7 7 7 7 11 11 11 11 11 11 11 11 11 11 11 11 11 11 11 11 11 11 11 11 11 11 11 11 11]
DEBUG  : 2023/12/15 13:24:23 hardware.go:189: dirs [7 7 7 7 7 7 7 11 11 11 11 11 11 11 11 11 11 11 11 11 11 11 11 11 11 11 11 11 11 11 11 11]
DEBUG  : 2023/12/15 13:24:23 hardware.go:139: write holds addr=175 [ 0  0  0  51]
DEBUG  : 2023/12/15 13:24:23 hardware.go:189: dirs [7 7 7 7 7 7 7 11 11 11 11 11 11 11 11 11 11 11 11 11 11 11 11 11 11 11 11 11 11 11 11 11]
DEBUG  : 2023/12/15 13:24:24 hardware.go:139: write holds addr=222 [ 2  2  11  11  4  13  4  FF  FF  FF  FF  FF  FF  FF  FF  FF  FF  FF  FF  FF  FF  FF  FF  FF  FF  FF  FF  FF  FF  FF  FF  FF]
DEBUG  : 2023/12/15 13:24:24 hardware.go:189: dirs [7 7 7 7 7 7 7 11 11 11 11 11 11 11 11 11 11 11 11 11 11 11 11 11 11 11 11 11 11 11 11 11]
DEBUG  : 2023/12/15 13:24:24 hardware.go:139: write holds addr=175 [ 0  0  0  51]
DEBUG  : 2023/12/15 13:24:24 hardware.go:139: write holds addr=222 [ 1  1  10  10  3  12  3  FF  FF  FF  FF  FF  FF  FF  FF  FF  FF  FF  FF  FF  FF  FF  FF  FF  FF  FF  FF  FF  FF  FF  FF  FF]
DEBUG  : 2023/12/15 13:24:24 hardware.go:189: dirs [7 7 7 7 7 7 7 11 11 11 11 11 11 11 11 11 11 11 11 11 11 11 11 11 11 11 11 11 11 11 11 11]
DEBUG  : 2023/12/15 13:24:25 hardware.go:189: dirs [7 7 7 7 7 7 7 11 11 11 11 11 11 11 11 11 11 11 11 11 11 11 11 11 11 11 11 11 11 11 11 11]
DEBUG  : 2023/12/15 13:24:25 hardware.go:139: write holds addr=175 [ 0  0  3  51]
DEBUG  : 2023/12/15 13:24:25 hardware.go:189: dirs [7 7 7 7 7 7 7 11 11 11 11 11 11 11 11 11 11 11 11 11 11 11 11 11 11 11 11 11 11 11 11 11]
DEBUG  : 2023/12/15 13:24:26 hardware.go:139: write holds addr=222 [ 9  9  F  F  2  11  2  FF  FF  FF  FF  FF  FF  FF  FF  FF  FF  FF  FF  FF  FF  FF  FF  FF  FF  FF  FF  FF  FF  FF  FF  FF]
DEBUG  : 2023/12/15 13:24:26 hardware.go:189: dirs [7 7 7 7 7 7 7 11 11 11 11 11 11 11 11 11 11 11 11 11 11 11 11 11 11 11 11 11 11 11 11 11]
DEBUG  : 2023/12/15 13:24:26 hardware.go:139: write holds addr=175 [ 0  0  3  51]
DEBUG  : 2023/12/15 13:24:26 hardware.go:139: write holds addr=222 [ 8  8  E  E  1  10  1  FF  FF  FF  FF  FF  FF  FF  FF  FF  FF  FF  FF  FF  FF  FF  FF  FF  FF  FF  FF  FF  FF  FF  FF  FF]
DEBUG  : 2023/12/15 13:24:26 hardware.go:189: dirs [7 7 7 7 7 7 7 11 11 11 11 11 11 11 11 11 11 11 11 11 11 11 11 11 11 11 11 11 11 11 11 11]
DEBUG  : 2023/12/15 13:24:27 hardware.go:189: dirs [7 7 7 7 7 7 7 11 11 11 11 11 11 11 11 11 11 11 11 11 11 11 11 11 11 11 11 11 11 11 11 11]
DEBUG  : 2023/12/15 13:24:27 hardware.go:139: write holds addr=175 [ 0  0  53  51]
DEBUG  : 2023/12/15 13:24:27 hardware.go:189: dirs [7 7 7 7 7 7 7 11 11 11 11 11 11 11 11 11 11 11 11 11 11 11 11 11 11 11 11 11 11 11 11 11]
DEBUG  : 2023/12/15 13:24:28 hardware.go:139: write holds addr=222 [ 7  7  D  D  7  F  7  FF  FF  FF  FF  FF  FF  FF  FF  FF  FF  FF  FF  FF  FF  FF  FF  FF  FF  FF  FF  FF  FF  FF  FF  FF]
DEBUG  : 2023/12/15 13:24:28 hardware.go:189: dirs [7 7 7 7 7 7 7 11 11 11 11 11 11 11 11 11 11 11 11 11 11 11 11 11 11 11 11 11 11 11 11 11]
DEBUG  : 2023/12/15 13:24:28 hardware.go:139: write holds addr=175 [ 0  0  53  51]
DEBUG  : 2023/12/15 13:24:28 hardware.go:139: write holds addr=222 [ 6  6  C  C  6  E  6  FF  FF  FF  FF  FF  FF  FF  FF  FF  FF  FF  FF  FF  FF  FF  FF  FF  FF  FF  FF  FF  FF  FF  FF  FF]
DEBUG  : 2023/12/15 13:24:28 hardware.go:189: dirs [7 7 7 7 7 7 7 11 11 11 11 11 11 11 11 11 11 11 11 11 11 11 11 11 11 11 11 11 11 11 11 11]
DEBUG  : 2023/12/15 13:24:29 hardware.go:189: dirs [7 7 7 7 7 7 7 11 11 11 11 11 11 11 11 11 11 11 11 11 11 11 11 11 11 11 11 11 11 11 11 11]
DEBUG  : 2023/12/15 13:24:29 hardware.go:139: write holds addr=175 [ 0  0  53  51]
DEBUG  : 2023/12/15 13:24:29 hardware.go:189: dirs [7 7 7 7 7 7 7 11 11 11 11 11 11 11 11 11 11 11 11 11 11 11 11 11 11 11 11 11 11 11 11 11]
DEBUG  : 2023/12/15 13:24:30 hardware.go:139: write holds addr=222 [ 8  8  E  E  8  10  8  FF  FF  FF  FF  FF  FF  FF  FF  FF  FF  FF  FF  FF  FF  FF  FF  FF  FF  FF  FF  FF  FF  FF  FF  FF]
INFO   : 2023/12/15 13:24:30 Potop stop
