INFO   : 2023/11/30 11:30:28 Potop start
INFO   : 2023/11/30 11:30:29 Нет управления от utopia
INFO   : 2023/11/30 11:30:29 Ждем сервер на 1667
INFO   : 2023/11/30 11:30:29 Start web to :8000 
INFO   : 2023/11/30 11:30:29 Слушаем 1666
ERROR  : 2023/11/30 11:30:29 client.go:93: dial tcp 127.0.0.1:1666: connect: connection refused
INFO   : 2023/11/30 11:30:33 spot open port /dev/com0 38400 
DEBUG  : 2023/11/30 11:30:33 hardware.go:71: write to 6 1
DEBUG  : 2023/11/30 11:30:33 hardware.go:88: write to 175
INFO   : 2023/11/30 11:30:39 Начинаем работу с 127.0.0.1:44352
INFO   : 2023/11/30 11:30:39 TrafficData начинаем работу с 127.0.0.1
INFO   : 2023/11/30 11:30:39 Есть управление от utopia
ERROR  : 2023/11/30 11:30:39 controller.go:95: неверная длина сообщения 11 должна быть 124
DEBUG  : 2023/11/30 11:30:40 hardware.go:172: write holds addr=186 [ 1]
DEBUG  : 2023/11/30 11:30:40 hardware.go:172: write holds addr=14104 [ 0]
DEBUG  : 2023/11/30 11:30:40 hardware.go:172: write holds addr=186 [ 2]
DEBUG  : 2023/11/30 11:30:40 hardware.go:155: write coils addr=0 [false false false]
DEBUG  : 2023/11/30 11:30:40 hardware.go:172: write holds addr=175 [ 0  0  0  0]
DEBUG  : 2023/11/30 11:30:42 hardware.go:172: write holds addr=175 [ 6  0  53  51]
DEBUG  : 2023/11/30 11:30:42 hardware.go:172: write holds addr=186 [ 1]
DEBUG  : 2023/11/30 11:30:42 hardware.go:172: write holds addr=14104 [ 1]
DEBUG  : 2023/11/30 11:30:42 hardware.go:172: write holds addr=186 [ 2]
DEBUG  : 2023/11/30 11:30:43 hardware.go:172: write holds addr=222 [ 2E  2E  34  34  2E  36  2E  FF  FF  FF  FF  FF  FF  FF  FF  FF  FF  FF  FF  FF  FF  FF  FF  FF  FF  FF  FF  FF  FF  FF  FF  FF]
DEBUG  : 2023/11/30 11:30:44 hardware.go:172: write holds addr=222 [ 2D  2D  33  33  2D  35  2D  FF  FF  FF  FF  FF  FF  FF  FF  FF  FF  FF  FF  FF  FF  FF  FF  FF  FF  FF  FF  FF  FF  FF  FF  FF]
DEBUG  : 2023/11/30 11:30:45 hardware.go:172: write holds addr=222 [ E  E  14  14  E  16  E  FF  FF  FF  FF  FF  FF  FF  FF  FF  FF  FF  FF  FF  FF  FF  FF  FF  FF  FF  FF  FF  FF  FF  FF  FF]
DEBUG  : 2023/11/30 11:30:45 hardware.go:172: write holds addr=222 [ D  D  13  13  D  15  D  FF  FF  FF  FF  FF  FF  FF  FF  FF  FF  FF  FF  FF  FF  FF  FF  FF  FF  FF  FF  FF  FF  FF  FF  FF]
DEBUG  : 2023/11/30 11:30:47 hardware.go:172: write holds addr=222 [ C  C  12  12  C  14  C  FF  FF  FF  FF  FF  FF  FF  FF  FF  FF  FF  FF  FF  FF  FF  FF  FF  FF  FF  FF  FF  FF  FF  FF  FF]
DEBUG  : 2023/11/30 11:30:48 hardware.go:172: write holds addr=222 [ B  B  11  11  B  13  B  FF  FF  FF  FF  FF  FF  FF  FF  FF  FF  FF  FF  FF  FF  FF  FF  FF  FF  FF  FF  FF  FF  FF  FF  FF]
DEBUG  : 2023/11/30 11:30:48 hardware.go:172: write holds addr=222 [ A  A  10  10  A  12  A  FF  FF  FF  FF  FF  FF  FF  FF  FF  FF  FF  FF  FF  FF  FF  FF  FF  FF  FF  FF  FF  FF  FF  FF  FF]
DEBUG  : 2023/11/30 11:30:50 hardware.go:172: write holds addr=222 [ 9  9  F  F  9  11  9  FF  FF  FF  FF  FF  FF  FF  FF  FF  FF  FF  FF  FF  FF  FF  FF  FF  FF  FF  FF  FF  FF  FF  FF  FF]
DEBUG  : 2023/11/30 11:30:51 hardware.go:172: write holds addr=222 [ 8  8  E  E  8  10  8  FF  FF  FF  FF  FF  FF  FF  FF  FF  FF  FF  FF  FF  FF  FF  FF  FF  FF  FF  FF  FF  FF  FF  FF  FF]
DEBUG  : 2023/11/30 11:30:51 hardware.go:172: write holds addr=222 [ 7  7  D  D  7  F  7  FF  FF  FF  FF  FF  FF  FF  FF  FF  FF  FF  FF  FF  FF  FF  FF  FF  FF  FF  FF  FF  FF  FF  FF  FF]
DEBUG  : 2023/11/30 11:30:53 hardware.go:172: write holds addr=222 [ 6  6  C  C  6  E  6  FF  FF  FF  FF  FF  FF  FF  FF  FF  FF  FF  FF  FF  FF  FF  FF  FF  FF  FF  FF  FF  FF  FF  FF  FF]
DEBUG  : 2023/11/30 11:30:54 hardware.go:172: write holds addr=222 [ 5  5  B  B  5  D  5  FF  FF  FF  FF  FF  FF  FF  FF  FF  FF  FF  FF  FF  FF  FF  FF  FF  FF  FF  FF  FF  FF  FF  FF  FF]
DEBUG  : 2023/11/30 11:30:54 hardware.go:172: write holds addr=222 [ 4  4  A  A  4  C  4  FF  FF  FF  FF  FF  FF  FF  FF  FF  FF  FF  FF  FF  FF  FF  FF  FF  FF  FF  FF  FF  FF  FF  FF  FF]
DEBUG  : 2023/11/30 11:30:56 hardware.go:172: write holds addr=222 [ 3  3  9  9  3  B  3  FF  FF  FF  FF  FF  FF  FF  FF  FF  FF  FF  FF  FF  FF  FF  FF  FF  FF  FF  FF  FF  FF  FF  FF  FF]
DEBUG  : 2023/11/30 11:30:57 hardware.go:172: write holds addr=222 [ B  B  11  11  B  13  B  FF  FF  FF  FF  FF  FF  FF  FF  FF  FF  FF  FF  FF  FF  FF  FF  FF  FF  FF  FF  FF  FF  FF  FF  FF]
DEBUG  : 2023/11/30 11:30:57 hardware.go:172: write holds addr=222 [ A  A  10  10  A  12  A  FF  FF  FF  FF  FF  FF  FF  FF  FF  FF  FF  FF  FF  FF  FF  FF  FF  FF  FF  FF  FF  FF  FF  FF  FF]
DEBUG  : 2023/11/30 11:30:59 hardware.go:172: write holds addr=222 [ 9  9  F  F  9  11  9  FF  FF  FF  FF  FF  FF  FF  FF  FF  FF  FF  FF  FF  FF  FF  FF  FF  FF  FF  FF  FF  FF  FF  FF  FF]
DEBUG  : 2023/11/30 11:31:00 hardware.go:172: write holds addr=222 [ 5  5  B  B  5  D  5  FF  FF  FF  FF  FF  FF  FF  FF  FF  FF  FF  FF  FF  FF  FF  FF  FF  FF  FF  FF  FF  FF  FF  FF  FF]
DEBUG  : 2023/11/30 11:31:00 hardware.go:172: write holds addr=222 [ 4  4  A  A  4  C  4  FF  FF  FF  FF  FF  FF  FF  FF  FF  FF  FF  FF  FF  FF  FF  FF  FF  FF  FF  FF  FF  FF  FF  FF  FF]
DEBUG  : 2023/11/30 11:31:02 hardware.go:172: write holds addr=222 [ 3  3  9  9  3  B  3  FF  FF  FF  FF  FF  FF  FF  FF  FF  FF  FF  FF  FF  FF  FF  FF  FF  FF  FF  FF  FF  FF  FF  FF  FF]
DEBUG  : 2023/11/30 11:31:03 hardware.go:172: write holds addr=222 [ 2  2  8  8  2  A  2  FF  FF  FF  FF  FF  FF  FF  FF  FF  FF  FF  FF  FF  FF  FF  FF  FF  FF  FF  FF  FF  FF  FF  FF  FF]
DEBUG  : 2023/11/30 11:31:03 hardware.go:172: write holds addr=222 [ 1  1  7  7  1  9  1  FF  FF  FF  FF  FF  FF  FF  FF  FF  FF  FF  FF  FF  FF  FF  FF  FF  FF  FF  FF  FF  FF  FF  FF  FF]
DEBUG  : 2023/11/30 11:31:04 hardware.go:172: write holds addr=175 [ 0  0  0  1E]
DEBUG  : 2023/11/30 11:31:05 hardware.go:172: write holds addr=222 [ FF  FF  6  6  FF  8  FF  FF  FF  FF  FF  FF  FF  FF  FF  FF  FF  FF  FF  FF  FF  FF  FF  FF  FF  FF  FF  FF  FF  FF  FF  FF]
DEBUG  : 2023/11/30 11:31:06 hardware.go:172: write holds addr=222 [ 17  17  5  5  19  7  19  FF  FF  FF  FF  FF  FF  FF  FF  FF  FF  FF  FF  FF  FF  FF  FF  FF  FF  FF  FF  FF  FF  FF  FF  FF]
DEBUG  : 2023/11/30 11:31:06 hardware.go:172: write holds addr=222 [ 16  16  4  4  18  6  18  FF  FF  FF  FF  FF  FF  FF  FF  FF  FF  FF  FF  FF  FF  FF  FF  FF  FF  FF  FF  FF  FF  FF  FF  FF]
DEBUG  : 2023/11/30 11:31:08 hardware.go:172: write holds addr=222 [ 15  15  3  3  17  5  17  FF  FF  FF  FF  FF  FF  FF  FF  FF  FF  FF  FF  FF  FF  FF  FF  FF  FF  FF  FF  FF  FF  FF  FF  FF]
DEBUG  : 2023/11/30 11:31:09 hardware.go:172: write holds addr=222 [ 14  14  2  2  16  4  16  FF  FF  FF  FF  FF  FF  FF  FF  FF  FF  FF  FF  FF  FF  FF  FF  FF  FF  FF  FF  FF  FF  FF  FF  FF]
DEBUG  : 2023/11/30 11:31:09 hardware.go:172: write holds addr=222 [ 13  13  1  1  15  3  15  FF  FF  FF  FF  FF  FF  FF  FF  FF  FF  FF  FF  FF  FF  FF  FF  FF  FF  FF  FF  FF  FF  FF  FF  FF]
DEBUG  : 2023/11/30 11:31:10 hardware.go:172: write holds addr=175 [ 6  0  C  1E]
DEBUG  : 2023/11/30 11:31:11 hardware.go:172: write holds addr=222 [ 12  12  C  C  14  2  14  FF  FF  FF  FF  FF  FF  FF  FF  FF  FF  FF  FF  FF  FF  FF  FF  FF  FF  FF  FF  FF  FF  FF  FF  FF]
DEBUG  : 2023/11/30 11:31:12 hardware.go:172: write holds addr=222 [ 14  14  E  E  16  1  16  FF  FF  FF  FF  FF  FF  FF  FF  FF  FF  FF  FF  FF  FF  FF  FF  FF  FF  FF  FF  FF  FF  FF  FF  FF]
DEBUG  : 2023/11/30 11:31:12 hardware.go:172: write holds addr=175 [ 6  0  2C  1E]
DEBUG  : 2023/11/30 11:31:12 hardware.go:172: write holds addr=222 [ 13  13  D  D  15  D  15  FF  FF  FF  FF  FF  FF  FF  FF  FF  FF  FF  FF  FF  FF  FF  FF  FF  FF  FF  FF  FF  FF  FF  FF  FF]
DEBUG  : 2023/11/30 11:31:14 hardware.go:172: write holds addr=222 [ 12  12  C  C  14  C  14  FF  FF  FF  FF  FF  FF  FF  FF  FF  FF  FF  FF  FF  FF  FF  FF  FF  FF  FF  FF  FF  FF  FF  FF  FF]
DEBUG  : 2023/11/30 11:31:15 hardware.go:172: write holds addr=222 [ E  E  8  8  10  8  10  FF  FF  FF  FF  FF  FF  FF  FF  FF  FF  FF  FF  FF  FF  FF  FF  FF  FF  FF  FF  FF  FF  FF  FF  FF]
DEBUG  : 2023/11/30 11:31:15 hardware.go:172: write holds addr=222 [ D  D  7  7  F  7  F  FF  FF  FF  FF  FF  FF  FF  FF  FF  FF  FF  FF  FF  FF  FF  FF  FF  FF  FF  FF  FF  FF  FF  FF  FF]
DEBUG  : 2023/11/30 11:31:17 hardware.go:172: write holds addr=222 [ C  C  6  6  E  6  E  FF  FF  FF  FF  FF  FF  FF  FF  FF  FF  FF  FF  FF  FF  FF  FF  FF  FF  FF  FF  FF  FF  FF  FF  FF]
DEBUG  : 2023/11/30 11:31:18 hardware.go:172: write holds addr=222 [ E  E  8  8  10  8  10  FF  FF  FF  FF  FF  FF  FF  FF  FF  FF  FF  FF  FF  FF  FF  FF  FF  FF  FF  FF  FF  FF  FF  FF  FF]
DEBUG  : 2023/11/30 11:31:18 hardware.go:172: write holds addr=222 [ D  D  7  7  F  7  F  FF  FF  FF  FF  FF  FF  FF  FF  FF  FF  FF  FF  FF  FF  FF  FF  FF  FF  FF  FF  FF  FF  FF  FF  FF]
DEBUG  : 2023/11/30 11:31:20 hardware.go:172: write holds addr=222 [ C  C  6  6  E  6  E  FF  FF  FF  FF  FF  FF  FF  FF  FF  FF  FF  FF  FF  FF  FF  FF  FF  FF  FF  FF  FF  FF  FF  FF  FF]
DEBUG  : 2023/11/30 11:31:21 hardware.go:172: write holds addr=222 [ 8  8  2  2  A  2  A  FF  FF  FF  FF  FF  FF  FF  FF  FF  FF  FF  FF  FF  FF  FF  FF  FF  FF  FF  FF  FF  FF  FF  FF  FF]
DEBUG  : 2023/11/30 11:31:21 hardware.go:172: write holds addr=222 [ 7  7  1  1  9  1  9  FF  FF  FF  FF  FF  FF  FF  FF  FF  FF  FF  FF  FF  FF  FF  FF  FF  FF  FF  FF  FF  FF  FF  FF  FF]
DEBUG  : 2023/11/30 11:31:22 hardware.go:172: write holds addr=175 [ 0  0  0  51]
DEBUG  : 2023/11/30 11:31:23 hardware.go:172: write holds addr=222 [ 6  6  FF  FF  8  FF  8  FF  FF  FF  FF  FF  FF  FF  FF  FF  FF  FF  FF  FF  FF  FF  FF  FF  FF  FF  FF  FF  FF  FF  FF  FF]
DEBUG  : 2023/11/30 11:31:24 hardware.go:172: write holds addr=222 [ 5  5  14  14  7  16  7  FF  FF  FF  FF  FF  FF  FF  FF  FF  FF  FF  FF  FF  FF  FF  FF  FF  FF  FF  FF  FF  FF  FF  FF  FF]
DEBUG  : 2023/11/30 11:31:24 hardware.go:172: write holds addr=222 [ 4  4  13  13  6  15  6  FF  FF  FF  FF  FF  FF  FF  FF  FF  FF  FF  FF  FF  FF  FF  FF  FF  FF  FF  FF  FF  FF  FF  FF  FF]
DEBUG  : 2023/11/30 11:31:26 hardware.go:172: write holds addr=222 [ 3  3  12  12  5  14  5  FF  FF  FF  FF  FF  FF  FF  FF  FF  FF  FF  FF  FF  FF  FF  FF  FF  FF  FF  FF  FF  FF  FF  FF  FF]
DEBUG  : 2023/11/30 11:31:27 hardware.go:172: write holds addr=222 [ 2  2  11  11  4  13  4  FF  FF  FF  FF  FF  FF  FF  FF  FF  FF  FF  FF  FF  FF  FF  FF  FF  FF  FF  FF  FF  FF  FF  FF  FF]
DEBUG  : 2023/11/30 11:31:27 hardware.go:172: write holds addr=222 [ 1  1  10  10  3  12  3  FF  FF  FF  FF  FF  FF  FF  FF  FF  FF  FF  FF  FF  FF  FF  FF  FF  FF  FF  FF  FF  FF  FF  FF  FF]
DEBUG  : 2023/11/30 11:31:28 hardware.go:172: write holds addr=175 [ 6  0  3  51]
DEBUG  : 2023/11/30 11:31:29 hardware.go:172: write holds addr=222 [ 9  9  F  F  2  11  2  FF  FF  FF  FF  FF  FF  FF  FF  FF  FF  FF  FF  FF  FF  FF  FF  FF  FF  FF  FF  FF  FF  FF  FF  FF]
DEBUG  : 2023/11/30 11:31:30 hardware.go:172: write holds addr=222 [ 1D  1D  23  23  1  25  1  FF  FF  FF  FF  FF  FF  FF  FF  FF  FF  FF  FF  FF  FF  FF  FF  FF  FF  FF  FF  FF  FF  FF  FF  FF]
DEBUG  : 2023/11/30 11:31:30 hardware.go:172: write holds addr=175 [ 6  0  53  51]
DEBUG  : 2023/11/30 11:31:30 hardware.go:172: write holds addr=222 [ 1C  1C  22  22  1C  24  1C  FF  FF  FF  FF  FF  FF  FF  FF  FF  FF  FF  FF  FF  FF  FF  FF  FF  FF  FF  FF  FF  FF  FF  FF  FF]
DEBUG  : 2023/11/30 11:31:32 hardware.go:172: write holds addr=222 [ 1B  1B  21  21  1B  23  1B  FF  FF  FF  FF  FF  FF  FF  FF  FF  FF  FF  FF  FF  FF  FF  FF  FF  FF  FF  FF  FF  FF  FF  FF  FF]
ERROR  : 2023/11/30 11:31:32 controller.go:95: неверная длина сообшения от спот 0
DEBUG  : 2023/11/30 11:31:33 hardware.go:172: write holds addr=222 [ 5  5  B  B  5  D  5  FF  FF  FF  FF  FF  FF  FF  FF  FF  FF  FF  FF  FF  FF  FF  FF  FF  FF  FF  FF  FF  FF  FF  FF  FF]
DEBUG  : 2023/11/30 11:31:33 hardware.go:172: write holds addr=222 [ 4  4  A  A  4  C  4  FF  FF  FF  FF  FF  FF  FF  FF  FF  FF  FF  FF  FF  FF  FF  FF  FF  FF  FF  FF  FF  FF  FF  FF  FF]
DEBUG  : 2023/11/30 11:31:35 hardware.go:172: write holds addr=222 [ 3  3  9  9  3  B  3  FF  FF  FF  FF  FF  FF  FF  FF  FF  FF  FF  FF  FF  FF  FF  FF  FF  FF  FF  FF  FF  FF  FF  FF  FF]
DEBUG  : 2023/11/30 11:31:36 hardware.go:172: write holds addr=222 [ 2  2  8  8  2  A  2  FF  FF  FF  FF  FF  FF  FF  FF  FF  FF  FF  FF  FF  FF  FF  FF  FF  FF  FF  FF  FF  FF  FF  FF  FF]
DEBUG  : 2023/11/30 11:31:36 hardware.go:172: write holds addr=222 [ 1  1  7  7  1  9  1  FF  FF  FF  FF  FF  FF  FF  FF  FF  FF  FF  FF  FF  FF  FF  FF  FF  FF  FF  FF  FF  FF  FF  FF  FF]
DEBUG  : 2023/11/30 11:31:37 hardware.go:172: write holds addr=175 [ 0  0  0  1E]
DEBUG  : 2023/11/30 11:31:38 hardware.go:172: write holds addr=222 [ FF  FF  6  6  FF  8  FF  FF  FF  FF  FF  FF  FF  FF  FF  FF  FF  FF  FF  FF  FF  FF  FF  FF  FF  FF  FF  FF  FF  FF  FF  FF]
DEBUG  : 2023/11/30 11:31:39 hardware.go:172: write holds addr=222 [ 17  17  5  5  19  7  19  FF  FF  FF  FF  FF  FF  FF  FF  FF  FF  FF  FF  FF  FF  FF  FF  FF  FF  FF  FF  FF  FF  FF  FF  FF]
DEBUG  : 2023/11/30 11:31:39 hardware.go:172: write holds addr=222 [ 16  16  4  4  18  6  18  FF  FF  FF  FF  FF  FF  FF  FF  FF  FF  FF  FF  FF  FF  FF  FF  FF  FF  FF  FF  FF  FF  FF  FF  FF]
DEBUG  : 2023/11/30 11:31:41 hardware.go:172: write holds addr=222 [ 15  15  3  3  17  5  17  FF  FF  FF  FF  FF  FF  FF  FF  FF  FF  FF  FF  FF  FF  FF  FF  FF  FF  FF  FF  FF  FF  FF  FF  FF]
DEBUG  : 2023/11/30 11:31:42 hardware.go:172: write holds addr=222 [ 14  14  2  2  16  4  16  FF  FF  FF  FF  FF  FF  FF  FF  FF  FF  FF  FF  FF  FF  FF  FF  FF  FF  FF  FF  FF  FF  FF  FF  FF]
DEBUG  : 2023/11/30 11:31:42 hardware.go:172: write holds addr=222 [ 13  13  1  1  15  3  15  FF  FF  FF  FF  FF  FF  FF  FF  FF  FF  FF  FF  FF  FF  FF  FF  FF  FF  FF  FF  FF  FF  FF  FF  FF]
DEBUG  : 2023/11/30 11:31:43 hardware.go:172: write holds addr=175 [ 6  0  C  1E]
DEBUG  : 2023/11/30 11:31:44 hardware.go:172: write holds addr=222 [ 12  12  C  C  14  2  14  FF  FF  FF  FF  FF  FF  FF  FF  FF  FF  FF  FF  FF  FF  FF  FF  FF  FF  FF  FF  FF  FF  FF  FF  FF]
DEBUG  : 2023/11/30 11:31:45 hardware.go:172: write holds addr=222 [ 11  11  B  B  13  1  13  FF  FF  FF  FF  FF  FF  FF  FF  FF  FF  FF  FF  FF  FF  FF  FF  FF  FF  FF  FF  FF  FF  FF  FF  FF]
DEBUG  : 2023/11/30 11:31:45 hardware.go:172: write holds addr=175 [ 6  0  2C  1E]
DEBUG  : 2023/11/30 11:31:45 hardware.go:172: write holds addr=222 [ 10  10  A  A  12  A  12  FF  FF  FF  FF  FF  FF  FF  FF  FF  FF  FF  FF  FF  FF  FF  FF  FF  FF  FF  FF  FF  FF  FF  FF  FF]
DEBUG  : 2023/11/30 11:31:47 hardware.go:172: write holds addr=222 [ F  F  9  9  11  9  11  FF  FF  FF  FF  FF  FF  FF  FF  FF  FF  FF  FF  FF  FF  FF  FF  FF  FF  FF  FF  FF  FF  FF  FF  FF]
DEBUG  : 2023/11/30 11:31:48 hardware.go:172: write holds addr=222 [ 11  11  B  B  13  B  13  FF  FF  FF  FF  FF  FF  FF  FF  FF  FF  FF  FF  FF  FF  FF  FF  FF  FF  FF  FF  FF  FF  FF  FF  FF]
DEBUG  : 2023/11/30 11:31:48 hardware.go:172: write holds addr=222 [ 10  10  A  A  12  A  12  FF  FF  FF  FF  FF  FF  FF  FF  FF  FF  FF  FF  FF  FF  FF  FF  FF  FF  FF  FF  FF  FF  FF  FF  FF]
DEBUG  : 2023/11/30 11:31:50 hardware.go:172: write holds addr=222 [ F  F  9  9  11  9  11  FF  FF  FF  FF  FF  FF  FF  FF  FF  FF  FF  FF  FF  FF  FF  FF  FF  FF  FF  FF  FF  FF  FF  FF  FF]
DEBUG  : 2023/11/30 11:31:51 hardware.go:172: write holds addr=222 [ B  B  5  5  D  5  D  FF  FF  FF  FF  FF  FF  FF  FF  FF  FF  FF  FF  FF  FF  FF  FF  FF  FF  FF  FF  FF  FF  FF  FF  FF]
DEBUG  : 2023/11/30 11:31:51 hardware.go:172: write holds addr=222 [ A  A  4  4  C  4  C  FF  FF  FF  FF  FF  FF  FF  FF  FF  FF  FF  FF  FF  FF  FF  FF  FF  FF  FF  FF  FF  FF  FF  FF  FF]
DEBUG  : 2023/11/30 11:31:53 hardware.go:172: write holds addr=222 [ 9  9  3  3  B  3  B  FF  FF  FF  FF  FF  FF  FF  FF  FF  FF  FF  FF  FF  FF  FF  FF  FF  FF  FF  FF  FF  FF  FF  FF  FF]
DEBUG  : 2023/11/30 11:31:54 hardware.go:172: write holds addr=222 [ B  B  5  5  D  5  D  FF  FF  FF  FF  FF  FF  FF  FF  FF  FF  FF  FF  FF  FF  FF  FF  FF  FF  FF  FF  FF  FF  FF  FF  FF]
DEBUG  : 2023/11/30 11:31:54 hardware.go:172: write holds addr=222 [ A  A  4  4  C  4  C  FF  FF  FF  FF  FF  FF  FF  FF  FF  FF  FF  FF  FF  FF  FF  FF  FF  FF  FF  FF  FF  FF  FF  FF  FF]
DEBUG  : 2023/11/30 11:31:56 hardware.go:172: write holds addr=222 [ 9  9  3  3  B  3  B  FF  FF  FF  FF  FF  FF  FF  FF  FF  FF  FF  FF  FF  FF  FF  FF  FF  FF  FF  FF  FF  FF  FF  FF  FF]
DEBUG  : 2023/11/30 11:31:57 hardware.go:172: write holds addr=222 [ 8  8  2  2  A  2  A  FF  FF  FF  FF  FF  FF  FF  FF  FF  FF  FF  FF  FF  FF  FF  FF  FF  FF  FF  FF  FF  FF  FF  FF  FF]
DEBUG  : 2023/11/30 11:31:57 hardware.go:172: write holds addr=222 [ 7  7  1  1  9  1  9  FF  FF  FF  FF  FF  FF  FF  FF  FF  FF  FF  FF  FF  FF  FF  FF  FF  FF  FF  FF  FF  FF  FF  FF  FF]
DEBUG  : 2023/11/30 11:31:58 hardware.go:172: write holds addr=175 [ 0  0  0  51]
DEBUG  : 2023/11/30 11:31:59 hardware.go:172: write holds addr=222 [ 6  6  FF  FF  8  FF  8  FF  FF  FF  FF  FF  FF  FF  FF  FF  FF  FF  FF  FF  FF  FF  FF  FF  FF  FF  FF  FF  FF  FF  FF  FF]
DEBUG  : 2023/11/30 11:32:00 hardware.go:172: write holds addr=222 [ 5  5  14  14  7  16  7  FF  FF  FF  FF  FF  FF  FF  FF  FF  FF  FF  FF  FF  FF  FF  FF  FF  FF  FF  FF  FF  FF  FF  FF  FF]
DEBUG  : 2023/11/30 11:32:00 hardware.go:172: write holds addr=222 [ 4  4  13  13  6  15  6  FF  FF  FF  FF  FF  FF  FF  FF  FF  FF  FF  FF  FF  FF  FF  FF  FF  FF  FF  FF  FF  FF  FF  FF  FF]
DEBUG  : 2023/11/30 11:32:02 hardware.go:172: write holds addr=222 [ 3  3  12  12  5  14  5  FF  FF  FF  FF  FF  FF  FF  FF  FF  FF  FF  FF  FF  FF  FF  FF  FF  FF  FF  FF  FF  FF  FF  FF  FF]
DEBUG  : 2023/11/30 11:32:03 hardware.go:172: write holds addr=222 [ 2  2  23  23  4  25  4  FF  FF  FF  FF  FF  FF  FF  FF  FF  FF  FF  FF  FF  FF  FF  FF  FF  FF  FF  FF  FF  FF  FF  FF  FF]
DEBUG  : 2023/11/30 11:32:03 hardware.go:172: write holds addr=222 [ 1  1  22  22  3  24  3  FF  FF  FF  FF  FF  FF  FF  FF  FF  FF  FF  FF  FF  FF  FF  FF  FF  FF  FF  FF  FF  FF  FF  FF  FF]
DEBUG  : 2023/11/30 11:32:04 hardware.go:172: write holds addr=175 [ 6  0  3  51]
DEBUG  : 2023/11/30 11:32:05 hardware.go:172: write holds addr=222 [ 1B  1B  21  21  2  23  2  FF  FF  FF  FF  FF  FF  FF  FF  FF  FF  FF  FF  FF  FF  FF  FF  FF  FF  FF  FF  FF  FF  FF  FF  FF]
DEBUG  : 2023/11/30 11:32:06 hardware.go:172: write holds addr=222 [ E  E  14  14  1  16  1  FF  FF  FF  FF  FF  FF  FF  FF  FF  FF  FF  FF  FF  FF  FF  FF  FF  FF  FF  FF  FF  FF  FF  FF  FF]
DEBUG  : 2023/11/30 11:32:06 hardware.go:172: write holds addr=175 [ 6  0  53  51]
DEBUG  : 2023/11/30 11:32:06 hardware.go:172: write holds addr=222 [ D  D  13  13  D  15  D  FF  FF  FF  FF  FF  FF  FF  FF  FF  FF  FF  FF  FF  FF  FF  FF  FF  FF  FF  FF  FF  FF  FF  FF  FF]
DEBUG  : 2023/11/30 11:32:08 hardware.go:172: write holds addr=222 [ C  C  12  12  C  14  C  FF  FF  FF  FF  FF  FF  FF  FF  FF  FF  FF  FF  FF  FF  FF  FF  FF  FF  FF  FF  FF  FF  FF  FF  FF]
DEBUG  : 2023/11/30 11:32:09 hardware.go:172: write holds addr=222 [ B  B  11  11  B  13  B  FF  FF  FF  FF  FF  FF  FF  FF  FF  FF  FF  FF  FF  FF  FF  FF  FF  FF  FF  FF  FF  FF  FF  FF  FF]
DEBUG  : 2023/11/30 11:32:09 hardware.go:172: write holds addr=222 [ A  A  10  10  A  12  A  FF  FF  FF  FF  FF  FF  FF  FF  FF  FF  FF  FF  FF  FF  FF  FF  FF  FF  FF  FF  FF  FF  FF  FF  FF]
DEBUG  : 2023/11/30 11:32:11 hardware.go:172: write holds addr=222 [ 9  9  F  F  9  11  9  FF  FF  FF  FF  FF  FF  FF  FF  FF  FF  FF  FF  FF  FF  FF  FF  FF  FF  FF  FF  FF  FF  FF  FF  FF]
DEBUG  : 2023/11/30 11:32:12 hardware.go:172: write holds addr=222 [ 8  8  E  E  8  10  8  FF  FF  FF  FF  FF  FF  FF  FF  FF  FF  FF  FF  FF  FF  FF  FF  FF  FF  FF  FF  FF  FF  FF  FF  FF]
DEBUG  : 2023/11/30 11:32:12 hardware.go:172: write holds addr=222 [ 7  7  D  D  7  F  7  FF  FF  FF  FF  FF  FF  FF  FF  FF  FF  FF  FF  FF  FF  FF  FF  FF  FF  FF  FF  FF  FF  FF  FF  FF]
DEBUG  : 2023/11/30 11:32:14 hardware.go:172: write holds addr=222 [ 6  6  C  C  6  E  6  FF  FF  FF  FF  FF  FF  FF  FF  FF  FF  FF  FF  FF  FF  FF  FF  FF  FF  FF  FF  FF  FF  FF  FF  FF]
DEBUG  : 2023/11/30 11:32:15 hardware.go:172: write holds addr=222 [ 5  5  B  B  5  D  5  FF  FF  FF  FF  FF  FF  FF  FF  FF  FF  FF  FF  FF  FF  FF  FF  FF  FF  FF  FF  FF  FF  FF  FF  FF]
DEBUG  : 2023/11/30 11:32:15 hardware.go:172: write holds addr=222 [ 4  4  A  A  4  C  4  FF  FF  FF  FF  FF  FF  FF  FF  FF  FF  FF  FF  FF  FF  FF  FF  FF  FF  FF  FF  FF  FF  FF  FF  FF]
DEBUG  : 2023/11/30 11:32:17 hardware.go:172: write holds addr=222 [ 3  3  9  9  3  B  3  FF  FF  FF  FF  FF  FF  FF  FF  FF  FF  FF  FF  FF  FF  FF  FF  FF  FF  FF  FF  FF  FF  FF  FF  FF]
DEBUG  : 2023/11/30 11:32:18 hardware.go:172: write holds addr=222 [ 2  2  8  8  2  A  2  FF  FF  FF  FF  FF  FF  FF  FF  FF  FF  FF  FF  FF  FF  FF  FF  FF  FF  FF  FF  FF  FF  FF  FF  FF]
DEBUG  : 2023/11/30 11:32:18 hardware.go:172: write holds addr=222 [ 1  1  7  7  1  9  1  FF  FF  FF  FF  FF  FF  FF  FF  FF  FF  FF  FF  FF  FF  FF  FF  FF  FF  FF  FF  FF  FF  FF  FF  FF]
DEBUG  : 2023/11/30 11:32:19 hardware.go:172: write holds addr=175 [ 0  0  0  1E]
DEBUG  : 2023/11/30 11:32:20 hardware.go:172: write holds addr=222 [ FF  FF  6  6  FF  8  FF  FF  FF  FF  FF  FF  FF  FF  FF  FF  FF  FF  FF  FF  FF  FF  FF  FF  FF  FF  FF  FF  FF  FF  FF  FF]
DEBUG  : 2023/11/30 11:32:21 hardware.go:172: write holds addr=222 [ 17  17  5  5  19  7  19  FF  FF  FF  FF  FF  FF  FF  FF  FF  FF  FF  FF  FF  FF  FF  FF  FF  FF  FF  FF  FF  FF  FF  FF  FF]
DEBUG  : 2023/11/30 11:32:21 hardware.go:172: write holds addr=222 [ 16  16  4  4  18  6  18  FF  FF  FF  FF  FF  FF  FF  FF  FF  FF  FF  FF  FF  FF  FF  FF  FF  FF  FF  FF  FF  FF  FF  FF  FF]
DEBUG  : 2023/11/30 11:32:23 hardware.go:172: write holds addr=222 [ 15  15  3  3  17  5  17  FF  FF  FF  FF  FF  FF  FF  FF  FF  FF  FF  FF  FF  FF  FF  FF  FF  FF  FF  FF  FF  FF  FF  FF  FF]
DEBUG  : 2023/11/30 11:32:24 hardware.go:172: write holds addr=222 [ 14  14  2  2  16  4  16  FF  FF  FF  FF  FF  FF  FF  FF  FF  FF  FF  FF  FF  FF  FF  FF  FF  FF  FF  FF  FF  FF  FF  FF  FF]
DEBUG  : 2023/11/30 11:32:24 hardware.go:172: write holds addr=222 [ 13  13  1  1  15  3  15  FF  FF  FF  FF  FF  FF  FF  FF  FF  FF  FF  FF  FF  FF  FF  FF  FF  FF  FF  FF  FF  FF  FF  FF  FF]
DEBUG  : 2023/11/30 11:32:25 hardware.go:172: write holds addr=175 [ 6  0  C  1E]
DEBUG  : 2023/11/30 11:32:26 hardware.go:172: write holds addr=222 [ 12  12  C  C  14  2  14  FF  FF  FF  FF  FF  FF  FF  FF  FF  FF  FF  FF  FF  FF  FF  FF  FF  FF  FF  FF  FF  FF  FF  FF  FF]
DEBUG  : 2023/11/30 11:32:27 hardware.go:172: write holds addr=222 [ 11  11  B  B  13  1  13  FF  FF  FF  FF  FF  FF  FF  FF  FF  FF  FF  FF  FF  FF  FF  FF  FF  FF  FF  FF  FF  FF  FF  FF  FF]
DEBUG  : 2023/11/30 11:32:27 hardware.go:172: write holds addr=175 [ 6  0  2C  1E]
DEBUG  : 2023/11/30 11:32:27 hardware.go:172: write holds addr=222 [ 10  10  A  A  12  A  12  FF  FF  FF  FF  FF  FF  FF  FF  FF  FF  FF  FF  FF  FF  FF  FF  FF  FF  FF  FF  FF  FF  FF  FF  FF]
DEBUG  : 2023/11/30 11:32:29 hardware.go:172: write holds addr=222 [ F  F  9  9  11  9  11  FF  FF  FF  FF  FF  FF  FF  FF  FF  FF  FF  FF  FF  FF  FF  FF  FF  FF  FF  FF  FF  FF  FF  FF  FF]
DEBUG  : 2023/11/30 11:32:30 hardware.go:172: write holds addr=222 [ E  E  8  8  10  8  10  FF  FF  FF  FF  FF  FF  FF  FF  FF  FF  FF  FF  FF  FF  FF  FF  FF  FF  FF  FF  FF  FF  FF  FF  FF]
DEBUG  : 2023/11/30 11:32:30 hardware.go:172: write holds addr=222 [ D  D  7  7  F  7  F  FF  FF  FF  FF  FF  FF  FF  FF  FF  FF  FF  FF  FF  FF  FF  FF  FF  FF  FF  FF  FF  FF  FF  FF  FF]
DEBUG  : 2023/11/30 11:32:32 hardware.go:172: write holds addr=222 [ C  C  6  6  E  6  E  FF  FF  FF  FF  FF  FF  FF  FF  FF  FF  FF  FF  FF  FF  FF  FF  FF  FF  FF  FF  FF  FF  FF  FF  FF]
DEBUG  : 2023/11/30 11:32:33 hardware.go:172: write holds addr=222 [ B  B  5  5  D  5  D  FF  FF  FF  FF  FF  FF  FF  FF  FF  FF  FF  FF  FF  FF  FF  FF  FF  FF  FF  FF  FF  FF  FF  FF  FF]
DEBUG  : 2023/11/30 11:32:33 hardware.go:172: write holds addr=222 [ A  A  4  4  C  4  C  FF  FF  FF  FF  FF  FF  FF  FF  FF  FF  FF  FF  FF  FF  FF  FF  FF  FF  FF  FF  FF  FF  FF  FF  FF]
DEBUG  : 2023/11/30 11:32:35 hardware.go:172: write holds addr=222 [ 9  9  3  3  B  3  B  FF  FF  FF  FF  FF  FF  FF  FF  FF  FF  FF  FF  FF  FF  FF  FF  FF  FF  FF  FF  FF  FF  FF  FF  FF]
DEBUG  : 2023/11/30 11:32:36 hardware.go:172: write holds addr=222 [ 8  8  2  2  A  2  A  FF  FF  FF  FF  FF  FF  FF  FF  FF  FF  FF  FF  FF  FF  FF  FF  FF  FF  FF  FF  FF  FF  FF  FF  FF]
DEBUG  : 2023/11/30 11:32:36 hardware.go:172: write holds addr=222 [ 7  7  1  1  9  1  9  FF  FF  FF  FF  FF  FF  FF  FF  FF  FF  FF  FF  FF  FF  FF  FF  FF  FF  FF  FF  FF  FF  FF  FF  FF]
DEBUG  : 2023/11/30 11:32:37 hardware.go:172: write holds addr=175 [ 0  0  0  51]
DEBUG  : 2023/11/30 11:32:38 hardware.go:172: write holds addr=222 [ 6  6  FF  FF  8  FF  8  FF  FF  FF  FF  FF  FF  FF  FF  FF  FF  FF  FF  FF  FF  FF  FF  FF  FF  FF  FF  FF  FF  FF  FF  FF]
DEBUG  : 2023/11/30 11:32:39 hardware.go:172: write holds addr=222 [ 5  5  29  29  7  2B  7  FF  FF  FF  FF  FF  FF  FF  FF  FF  FF  FF  FF  FF  FF  FF  FF  FF  FF  FF  FF  FF  FF  FF  FF  FF]
DEBUG  : 2023/11/30 11:32:39 hardware.go:172: write holds addr=222 [ 4  4  28  28  6  2A  6  FF  FF  FF  FF  FF  FF  FF  FF  FF  FF  FF  FF  FF  FF  FF  FF  FF  FF  FF  FF  FF  FF  FF  FF  FF]
DEBUG  : 2023/11/30 11:32:41 hardware.go:172: write holds addr=222 [ 3  3  27  27  5  29  5  FF  FF  FF  FF  FF  FF  FF  FF  FF  FF  FF  FF  FF  FF  FF  FF  FF  FF  FF  FF  FF  FF  FF  FF  FF]
DEBUG  : 2023/11/30 11:32:42 hardware.go:172: write holds addr=222 [ 2  2  1D  1D  4  1F  4  FF  FF  FF  FF  FF  FF  FF  FF  FF  FF  FF  FF  FF  FF  FF  FF  FF  FF  FF  FF  FF  FF  FF  FF  FF]
DEBUG  : 2023/11/30 11:32:42 hardware.go:172: write holds addr=222 [ 1  1  1C  1C  3  1E  3  FF  FF  FF  FF  FF  FF  FF  FF  FF  FF  FF  FF  FF  FF  FF  FF  FF  FF  FF  FF  FF  FF  FF  FF  FF]
DEBUG  : 2023/11/30 11:32:43 hardware.go:172: write holds addr=175 [ 6  0  3  51]
DEBUG  : 2023/11/30 11:32:44 hardware.go:172: write holds addr=222 [ 15  15  1B  1B  2  1D  2  FF  FF  FF  FF  FF  FF  FF  FF  FF  FF  FF  FF  FF  FF  FF  FF  FF  FF  FF  FF  FF  FF  FF  FF  FF]
DEBUG  : 2023/11/30 11:32:45 hardware.go:172: write holds addr=222 [ 1D  1D  23  23  1  25  1  FF  FF  FF  FF  FF  FF  FF  FF  FF  FF  FF  FF  FF  FF  FF  FF  FF  FF  FF  FF  FF  FF  FF  FF  FF]
DEBUG  : 2023/11/30 11:32:45 hardware.go:172: write holds addr=175 [ 6  0  53  51]
DEBUG  : 2023/11/30 11:32:45 hardware.go:172: write holds addr=222 [ 1C  1C  22  22  1C  24  1C  FF  FF  FF  FF  FF  FF  FF  FF  FF  FF  FF  FF  FF  FF  FF  FF  FF  FF  FF  FF  FF  FF  FF  FF  FF]
DEBUG  : 2023/11/30 11:32:47 hardware.go:172: write holds addr=222 [ 1B  1B  21  21  1B  23  1B  FF  FF  FF  FF  FF  FF  FF  FF  FF  FF  FF  FF  FF  FF  FF  FF  FF  FF  FF  FF  FF  FF  FF  FF  FF]
DEBUG  : 2023/11/30 11:32:48 hardware.go:172: write holds addr=222 [ 11  11  17  17  11  19  11  FF  FF  FF  FF  FF  FF  FF  FF  FF  FF  FF  FF  FF  FF  FF  FF  FF  FF  FF  FF  FF  FF  FF  FF  FF]
DEBUG  : 2023/11/30 11:32:48 hardware.go:172: write holds addr=222 [ 10  10  16  16  10  18  10  FF  FF  FF  FF  FF  FF  FF  FF  FF  FF  FF  FF  FF  FF  FF  FF  FF  FF  FF  FF  FF  FF  FF  FF  FF]
DEBUG  : 2023/11/30 11:32:50 hardware.go:172: write holds addr=222 [ F  F  15  15  F  17  F  FF  FF  FF  FF  FF  FF  FF  FF  FF  FF  FF  FF  FF  FF  FF  FF  FF  FF  FF  FF  FF  FF  FF  FF  FF]
DEBUG  : 2023/11/30 11:32:51 hardware.go:172: write holds addr=222 [ 17  17  1D  1D  17  1F  17  FF  FF  FF  FF  FF  FF  FF  FF  FF  FF  FF  FF  FF  FF  FF  FF  FF  FF  FF  FF  FF  FF  FF  FF  FF]
DEBUG  : 2023/11/30 11:32:51 hardware.go:172: write holds addr=222 [ 16  16  1C  1C  16  1E  16  FF  FF  FF  FF  FF  FF  FF  FF  FF  FF  FF  FF  FF  FF  FF  FF  FF  FF  FF  FF  FF  FF  FF  FF  FF]
DEBUG  : 2023/11/30 11:32:53 hardware.go:172: write holds addr=222 [ 15  15  1B  1B  15  1D  15  FF  FF  FF  FF  FF  FF  FF  FF  FF  FF  FF  FF  FF  FF  FF  FF  FF  FF  FF  FF  FF  FF  FF  FF  FF]
DEBUG  : 2023/11/30 11:32:54 hardware.go:172: write holds addr=222 [ 17  17  1D  1D  17  1F  17  FF  FF  FF  FF  FF  FF  FF  FF  FF  FF  FF  FF  FF  FF  FF  FF  FF  FF  FF  FF  FF  FF  FF  FF  FF]
DEBUG  : 2023/11/30 11:32:54 hardware.go:172: write holds addr=222 [ 16  16  1C  1C  16  1E  16  FF  FF  FF  FF  FF  FF  FF  FF  FF  FF  FF  FF  FF  FF  FF  FF  FF  FF  FF  FF  FF  FF  FF  FF  FF]
DEBUG  : 2023/11/30 11:32:55 hardware.go:172: write holds addr=222 [ 15  15  1B  1B  15  1D  15  FF  FF  FF  FF  FF  FF  FF  FF  FF  FF  FF  FF  FF  FF  FF  FF  FF  FF  FF  FF  FF  FF  FF  FF  FF]
DEBUG  : 2023/11/30 11:32:57 hardware.go:172: write holds addr=222 [ 11  11  17  17  11  19  11  FF  FF  FF  FF  FF  FF  FF  FF  FF  FF  FF  FF  FF  FF  FF  FF  FF  FF  FF  FF  FF  FF  FF  FF  FF]
DEBUG  : 2023/11/30 11:32:57 hardware.go:172: write holds addr=222 [ 10  10  16  16  10  18  10  FF  FF  FF  FF  FF  FF  FF  FF  FF  FF  FF  FF  FF  FF  FF  FF  FF  FF  FF  FF  FF  FF  FF  FF  FF]
DEBUG  : 2023/11/30 11:32:59 hardware.go:172: write holds addr=222 [ F  F  15  15  F  17  F  FF  FF  FF  FF  FF  FF  FF  FF  FF  FF  FF  FF  FF  FF  FF  FF  FF  FF  FF  FF  FF  FF  FF  FF  FF]
DEBUG  : 2023/11/30 11:33:00 hardware.go:172: write holds addr=222 [ 11  11  17  17  11  19  11  FF  FF  FF  FF  FF  FF  FF  FF  FF  FF  FF  FF  FF  FF  FF  FF  FF  FF  FF  FF  FF  FF  FF  FF  FF]
DEBUG  : 2023/11/30 11:33:00 hardware.go:172: write holds addr=222 [ 10  10  16  16  10  18  10  FF  FF  FF  FF  FF  FF  FF  FF  FF  FF  FF  FF  FF  FF  FF  FF  FF  FF  FF  FF  FF  FF  FF  FF  FF]
DEBUG  : 2023/11/30 11:33:02 hardware.go:172: write holds addr=222 [ F  F  15  15  F  17  F  FF  FF  FF  FF  FF  FF  FF  FF  FF  FF  FF  FF  FF  FF  FF  FF  FF  FF  FF  FF  FF  FF  FF  FF  FF]
DEBUG  : 2023/11/30 11:33:03 hardware.go:172: write holds addr=222 [ B  B  11  11  B  13  B  FF  FF  FF  FF  FF  FF  FF  FF  FF  FF  FF  FF  FF  FF  FF  FF  FF  FF  FF  FF  FF  FF  FF  FF  FF]
INFO   : 2023/11/30 11:33:03 Potop stop
