INFO   : 2023/12/28 10:27:43 Potop start
INFO   : 2023/12/28 10:27:44 Нет управления от utopia
INFO   : 2023/12/28 10:27:44 Start web to :8000 
DEBUG  : 2023/12/28 10:27:48 hardware.go:74: write to 6 1
DEBUG  : 2023/12/28 10:27:48 hardware.go:92: write to 175 [5 0 0 5]
ERROR  : 2023/12/28 10:27:49 radar.go:143: dial tcp 10.135.123.150:15001: i/o timeout
INFO   : 2023/12/28 10:27:49 spot open port /dev/com0 38400 
DEBUG  : 2023/12/28 10:27:54 hardware.go:146: write holds addr=175 [ 0  0  53  51]
INFO   : 2023/12/28 10:27:54 Есть управление от utopia
DEBUG  : 2023/12/28 10:27:55 hardware.go:146: write holds addr=186 [ 1]
DEBUG  : 2023/12/28 10:27:55 hardware.go:146: write holds addr=175 [ 0  0  53  51]
DEBUG  : 2023/12/28 10:27:56 hardware.go:146: write holds addr=175 [ 0  0  53  51]
DEBUG  : 2023/12/28 10:27:57 hardware.go:146: write holds addr=175 [ 0  0  53  51]
DEBUG  : 2023/12/28 10:27:58 hardware.go:146: write holds addr=175 [ 0  0  53  51]
DEBUG  : 2023/12/28 10:27:59 hardware.go:146: write holds addr=175 [ 0  0  53  51]
DEBUG  : 2023/12/28 10:28:00 hardware.go:146: write holds addr=175 [ 0  0  53  51]
DEBUG  : 2023/12/28 10:28:01 hardware.go:146: write holds addr=175 [ 0  0  53  51]
DEBUG  : 2023/12/28 10:28:02 hardware.go:146: write holds addr=175 [ 0  0  53  51]
DEBUG  : 2023/12/28 10:28:03 hardware.go:146: write holds addr=175 [ 0  0  53  51]
DEBUG  : 2023/12/28 10:28:04 hardware.go:146: write holds addr=175 [ 0  0  53  51]
DEBUG  : 2023/12/28 10:28:05 hardware.go:146: write holds addr=175 [ 0  0  53  51]
DEBUG  : 2023/12/28 10:28:06 hardware.go:146: write holds addr=186 [ 0]
DEBUG  : 2023/12/28 10:28:06 hardware.go:146: write holds addr=175 [ 0  0  53  51]
DEBUG  : 2023/12/28 10:28:07 hardware.go:146: write holds addr=175 [ 0  0  53  51]
DEBUG  : 2023/12/28 10:28:08 hardware.go:146: write holds addr=175 [ 0  0  53  51]
DEBUG  : 2023/12/28 10:28:09 hardware.go:146: write holds addr=175 [ 0  0  53  51]
DEBUG  : 2023/12/28 10:28:10 hardware.go:146: write holds addr=175 [ 0  0  53  51]
DEBUG  : 2023/12/28 10:28:11 hardware.go:146: write holds addr=175 [ 0  0  53  51]
DEBUG  : 2023/12/28 10:28:12 hardware.go:146: write holds addr=175 [ 0  0  53  51]
DEBUG  : 2023/12/28 10:28:13 hardware.go:146: write holds addr=175 [ 0  0  53  51]
DEBUG  : 2023/12/28 10:28:14 hardware.go:146: write holds addr=175 [ 0  0  53  51]
DEBUG  : 2023/12/28 10:28:15 hardware.go:146: write holds addr=175 [ 0  0  53  51]
DEBUG  : 2023/12/28 10:28:16 hardware.go:146: write holds addr=175 [ 0  0  0  1E]
DEBUG  : 2023/12/28 10:28:22 hardware.go:146: write holds addr=175 [ 0  0  C  1E]
DEBUG  : 2023/12/28 10:28:23 hardware.go:146: write holds addr=175 [ 0  0  C  1E]
DEBUG  : 2023/12/28 10:28:24 hardware.go:146: write holds addr=175 [ 0  0  2C  1E]
DEBUG  : 2023/12/28 10:28:25 hardware.go:146: write holds addr=175 [ 0  0  2C  1E]
DEBUG  : 2023/12/28 10:28:26 hardware.go:146: write holds addr=175 [ 0  0  2C  1E]
DEBUG  : 2023/12/28 10:28:27 hardware.go:146: write holds addr=175 [ 0  0  2C  1E]
DEBUG  : 2023/12/28 10:28:28 hardware.go:146: write holds addr=175 [ 0  0  2C  1E]
DEBUG  : 2023/12/28 10:28:29 hardware.go:146: write holds addr=175 [ 0  0  2C  1E]
DEBUG  : 2023/12/28 10:28:30 hardware.go:146: write holds addr=175 [ 0  0  2C  1E]
DEBUG  : 2023/12/28 10:28:31 hardware.go:146: write holds addr=175 [ 0  0  2C  1E]
DEBUG  : 2023/12/28 10:28:32 hardware.go:146: write holds addr=175 [ 0  0  2C  1E]
DEBUG  : 2023/12/28 10:28:33 hardware.go:146: write holds addr=175 [ 0  0  2C  1E]
DEBUG  : 2023/12/28 10:28:34 hardware.go:146: write holds addr=175 [ 0  0  2C  1E]
DEBUG  : 2023/12/28 10:28:35 hardware.go:146: write holds addr=175 [ 0  0  2C  1E]
DEBUG  : 2023/12/28 10:28:36 hardware.go:146: write holds addr=175 [ 0  0  2C  1E]
DEBUG  : 2023/12/28 10:28:43 hardware.go:146: write holds addr=175 [ 0  0  3  51]
DEBUG  : 2023/12/28 10:28:44 hardware.go:146: write holds addr=175 [ 0  0  3  51]
DEBUG  : 2023/12/28 10:28:45 hardware.go:146: write holds addr=175 [ 0  0  53  51]
DEBUG  : 2023/12/28 10:28:46 hardware.go:146: write holds addr=175 [ 0  0  53  51]
DEBUG  : 2023/12/28 10:28:47 hardware.go:146: write holds addr=175 [ 0  0  53  51]
DEBUG  : 2023/12/28 10:28:48 hardware.go:146: write holds addr=175 [ 0  0  53  51]
DEBUG  : 2023/12/28 10:28:49 hardware.go:146: write holds addr=175 [ 0  0  53  51]
DEBUG  : 2023/12/28 10:28:50 hardware.go:146: write holds addr=175 [ 0  0  53  51]
DEBUG  : 2023/12/28 10:28:51 hardware.go:146: write holds addr=175 [ 0  0  53  51]
DEBUG  : 2023/12/28 10:28:52 hardware.go:146: write holds addr=175 [ 0  0  53  51]
DEBUG  : 2023/12/28 10:28:53 hardware.go:146: write holds addr=175 [ 0  0  53  51]
DEBUG  : 2023/12/28 10:28:54 hardware.go:146: write holds addr=175 [ 0  0  53  51]
DEBUG  : 2023/12/28 10:28:55 hardware.go:146: write holds addr=175 [ 0  0  53  51]
DEBUG  : 2023/12/28 10:28:56 hardware.go:146: write holds addr=175 [ 0  0  53  51]
DEBUG  : 2023/12/28 10:28:57 hardware.go:146: write holds addr=175 [ 0  0  53  51]
DEBUG  : 2023/12/28 10:28:58 hardware.go:146: write holds addr=175 [ 0  0  53  51]
DEBUG  : 2023/12/28 10:28:59 hardware.go:146: write holds addr=175 [ 0  0  53  51]
DEBUG  : 2023/12/28 10:29:00 hardware.go:146: write holds addr=175 [ 0  0  53  51]
DEBUG  : 2023/12/28 10:29:01 hardware.go:146: write holds addr=175 [ 0  0  53  51]
DEBUG  : 2023/12/28 10:29:02 hardware.go:146: write holds addr=175 [ 0  0  53  51]
DEBUG  : 2023/12/28 10:29:03 hardware.go:146: write holds addr=175 [ 0  0  53  51]
DEBUG  : 2023/12/28 10:29:04 hardware.go:146: write holds addr=175 [ 0  0  53  51]
DEBUG  : 2023/12/28 10:29:05 hardware.go:146: write holds addr=175 [ 0  0  53  51]
DEBUG  : 2023/12/28 10:29:06 hardware.go:146: write holds addr=175 [ 0  0  53  51]
DEBUG  : 2023/12/28 10:29:07 hardware.go:146: write holds addr=175 [ 0  0  53  51]
DEBUG  : 2023/12/28 10:29:08 hardware.go:146: write holds addr=175 [ 0  0  53  51]
DEBUG  : 2023/12/28 10:29:09 hardware.go:146: write holds addr=175 [ 0  0  53  51]
DEBUG  : 2023/12/28 10:29:10 hardware.go:146: write holds addr=175 [ 0  0  53  51]
DEBUG  : 2023/12/28 10:29:11 hardware.go:146: write holds addr=175 [ 0  0  53  51]
DEBUG  : 2023/12/28 10:29:12 hardware.go:146: write holds addr=175 [ 0  0  53  51]
DEBUG  : 2023/12/28 10:29:19 hardware.go:146: write holds addr=175 [ 0  0  C  1E]
DEBUG  : 2023/12/28 10:29:20 hardware.go:146: write holds addr=175 [ 0  0  C  1E]
DEBUG  : 2023/12/28 10:29:21 hardware.go:146: write holds addr=175 [ 0  0  2C  1E]
DEBUG  : 2023/12/28 10:29:22 hardware.go:146: write holds addr=175 [ 0  0  2C  1E]
DEBUG  : 2023/12/28 10:29:23 hardware.go:146: write holds addr=175 [ 0  0  2C  1E]
DEBUG  : 2023/12/28 10:29:24 hardware.go:146: write holds addr=175 [ 0  0  2C  1E]
DEBUG  : 2023/12/28 10:29:25 hardware.go:146: write holds addr=175 [ 0  0  2C  1E]
DEBUG  : 2023/12/28 10:29:26 hardware.go:146: write holds addr=175 [ 0  0  2C  1E]
DEBUG  : 2023/12/28 10:29:27 hardware.go:146: write holds addr=175 [ 0  0  2C  1E]
DEBUG  : 2023/12/28 10:29:28 hardware.go:146: write holds addr=175 [ 0  0  2C  1E]
DEBUG  : 2023/12/28 10:29:29 hardware.go:146: write holds addr=175 [ 0  0  2C  1E]
DEBUG  : 2023/12/28 10:29:30 hardware.go:146: write holds addr=175 [ 0  0  2C  1E]
DEBUG  : 2023/12/28 10:29:31 hardware.go:146: write holds addr=175 [ 0  0  2C  1E]
DEBUG  : 2023/12/28 10:29:32 hardware.go:146: write holds addr=175 [ 0  0  2C  1E]
DEBUG  : 2023/12/28 10:29:33 hardware.go:146: write holds addr=175 [ 0  0  2C  1E]
DEBUG  : 2023/12/28 10:29:34 hardware.go:146: write holds addr=175 [ 0  0  2C  1E]
DEBUG  : 2023/12/28 10:29:35 hardware.go:146: write holds addr=175 [ 0  0  2C  1E]
DEBUG  : 2023/12/28 10:29:36 hardware.go:146: write holds addr=175 [ 0  0  2C  1E]
DEBUG  : 2023/12/28 10:29:43 hardware.go:146: write holds addr=175 [ 0  0  3  51]
DEBUG  : 2023/12/28 10:29:44 hardware.go:146: write holds addr=175 [ 0  0  3  51]
DEBUG  : 2023/12/28 10:29:45 hardware.go:146: write holds addr=175 [ 0  0  53  51]
DEBUG  : 2023/12/28 10:29:46 hardware.go:146: write holds addr=175 [ 0  0  53  51]
DEBUG  : 2023/12/28 10:29:47 hardware.go:146: write holds addr=175 [ 0  0  53  51]
DEBUG  : 2023/12/28 10:29:48 hardware.go:146: write holds addr=175 [ 0  0  53  51]
DEBUG  : 2023/12/28 10:29:49 hardware.go:146: write holds addr=175 [ 0  0  53  51]
DEBUG  : 2023/12/28 10:29:50 hardware.go:146: write holds addr=175 [ 0  0  53  51]
DEBUG  : 2023/12/28 10:29:51 hardware.go:146: write holds addr=175 [ 0  0  53  51]
DEBUG  : 2023/12/28 10:29:58 hardware.go:146: write holds addr=175 [ 0  0  C  1E]
DEBUG  : 2023/12/28 10:29:59 hardware.go:146: write holds addr=175 [ 0  0  C  1E]
DEBUG  : 2023/12/28 10:30:00 hardware.go:146: write holds addr=175 [ 0  0  2C  1E]
DEBUG  : 2023/12/28 10:30:01 hardware.go:146: write holds addr=175 [ 0  0  2C  1E]
DEBUG  : 2023/12/28 10:30:02 hardware.go:146: write holds addr=175 [ 0  0  2C  1E]
DEBUG  : 2023/12/28 10:30:03 hardware.go:146: write holds addr=175 [ 0  0  2C  1E]
DEBUG  : 2023/12/28 10:30:04 hardware.go:146: write holds addr=175 [ 0  0  2C  1E]
DEBUG  : 2023/12/28 10:30:05 hardware.go:146: write holds addr=175 [ 0  0  2C  1E]
DEBUG  : 2023/12/28 10:30:06 hardware.go:146: write holds addr=175 [ 0  0  2C  1E]
DEBUG  : 2023/12/28 10:30:07 hardware.go:146: write holds addr=175 [ 0  0  2C  1E]
DEBUG  : 2023/12/28 10:30:08 hardware.go:146: write holds addr=175 [ 0  0  2C  1E]
DEBUG  : 2023/12/28 10:30:09 hardware.go:146: write holds addr=175 [ 0  0  2C  1E]
DEBUG  : 2023/12/28 10:30:10 hardware.go:146: write holds addr=175 [ 0  0  2C  1E]
DEBUG  : 2023/12/28 10:30:11 hardware.go:146: write holds addr=175 [ 0  0  2C  1E]
DEBUG  : 2023/12/28 10:30:12 hardware.go:146: write holds addr=175 [ 0  0  2C  1E]
DEBUG  : 2023/12/28 10:30:13 hardware.go:146: write holds addr=175 [ 0  0  2C  1E]
DEBUG  : 2023/12/28 10:30:14 hardware.go:146: write holds addr=175 [ 0  0  2C  1E]
DEBUG  : 2023/12/28 10:30:15 hardware.go:146: write holds addr=175 [ 0  0  2C  1E]
DEBUG  : 2023/12/28 10:30:22 hardware.go:146: write holds addr=175 [ 0  0  3  51]
DEBUG  : 2023/12/28 10:30:23 hardware.go:146: write holds addr=175 [ 0  0  3  51]
DEBUG  : 2023/12/28 10:30:24 hardware.go:146: write holds addr=175 [ 0  0  53  51]
DEBUG  : 2023/12/28 10:30:25 hardware.go:146: write holds addr=175 [ 0  0  53  51]
DEBUG  : 2023/12/28 10:30:26 hardware.go:146: write holds addr=175 [ 0  0  53  51]
DEBUG  : 2023/12/28 10:30:27 hardware.go:146: write holds addr=175 [ 0  0  53  51]
DEBUG  : 2023/12/28 10:30:28 hardware.go:146: write holds addr=175 [ 0  0  53  51]
DEBUG  : 2023/12/28 10:30:29 hardware.go:146: write holds addr=175 [ 0  0  53  51]
DEBUG  : 2023/12/28 10:30:30 hardware.go:146: write holds addr=175 [ 0  0  53  51]
DEBUG  : 2023/12/28 10:30:37 hardware.go:146: write holds addr=175 [ 0  0  C  1E]
DEBUG  : 2023/12/28 10:30:38 hardware.go:146: write holds addr=175 [ 0  0  C  1E]
DEBUG  : 2023/12/28 10:30:39 hardware.go:146: write holds addr=175 [ 0  0  2C  1E]
DEBUG  : 2023/12/28 10:30:40 hardware.go:146: write holds addr=175 [ 0  0  2C  1E]
DEBUG  : 2023/12/28 10:30:41 hardware.go:146: write holds addr=175 [ 0  0  2C  1E]
DEBUG  : 2023/12/28 10:30:42 hardware.go:146: write holds addr=175 [ 0  0  2C  1E]
DEBUG  : 2023/12/28 10:30:43 hardware.go:146: write holds addr=175 [ 0  0  2C  1E]
DEBUG  : 2023/12/28 10:30:44 hardware.go:146: write holds addr=175 [ 0  0  2C  1E]
DEBUG  : 2023/12/28 10:30:45 hardware.go:146: write holds addr=175 [ 0  0  2C  1E]
DEBUG  : 2023/12/28 10:30:46 hardware.go:146: write holds addr=175 [ 0  0  2C  1E]
DEBUG  : 2023/12/28 10:30:47 hardware.go:146: write holds addr=175 [ 0  0  2C  1E]
DEBUG  : 2023/12/28 10:30:48 hardware.go:146: write holds addr=175 [ 0  0  2C  1E]
DEBUG  : 2023/12/28 10:30:49 hardware.go:146: write holds addr=175 [ 0  0  2C  1E]
DEBUG  : 2023/12/28 10:30:50 hardware.go:146: write holds addr=175 [ 0  0  2C  1E]
DEBUG  : 2023/12/28 10:30:51 hardware.go:146: write holds addr=175 [ 0  0  2C  1E]
DEBUG  : 2023/12/28 10:30:52 hardware.go:146: write holds addr=175 [ 0  0  2C  1E]
DEBUG  : 2023/12/28 10:30:53 hardware.go:146: write holds addr=175 [ 0  0  2C  1E]
DEBUG  : 2023/12/28 10:30:54 hardware.go:146: write holds addr=175 [ 0  0  2C  1E]
DEBUG  : 2023/12/28 10:31:01 hardware.go:146: write holds addr=175 [ 0  0  3  51]
DEBUG  : 2023/12/28 10:31:02 hardware.go:146: write holds addr=175 [ 0  0  3  51]
DEBUG  : 2023/12/28 10:31:03 hardware.go:146: write holds addr=175 [ 0  0  53  51]
DEBUG  : 2023/12/28 10:31:03 hardware.go:146: write holds addr=222 [ 2E  2E  34  34  2E  36  2E  FF  FF  FF  FF  FF  FF  FF  FF  FF  FF  FF  FF  FF  FF  FF  FF  FF  FF  FF  FF  FF  FF  FF  FF  FF]
DEBUG  : 2023/12/28 10:31:04 hardware.go:146: write holds addr=175 [ 0  0  53  51]
DEBUG  : 2023/12/28 10:31:04 hardware.go:146: write holds addr=222 [ 2D  2D  33  33  2D  35  2D  FF  FF  FF  FF  FF  FF  FF  FF  FF  FF  FF  FF  FF  FF  FF  FF  FF  FF  FF  FF  FF  FF  FF  FF  FF]
DEBUG  : 2023/12/28 10:31:05 hardware.go:146: write holds addr=175 [ 0  0  53  51]
DEBUG  : 2023/12/28 10:31:05 hardware.go:146: write holds addr=222 [ E  E  14  14  E  16  E  FF  FF  FF  FF  FF  FF  FF  FF  FF  FF  FF  FF  FF  FF  FF  FF  FF  FF  FF  FF  FF  FF  FF  FF  FF]
DEBUG  : 2023/12/28 10:31:06 hardware.go:146: write holds addr=175 [ 0  0  53  51]
DEBUG  : 2023/12/28 10:31:06 hardware.go:146: write holds addr=222 [ D  D  13  13  D  15  D  FF  FF  FF  FF  FF  FF  FF  FF  FF  FF  FF  FF  FF  FF  FF  FF  FF  FF  FF  FF  FF  FF  FF  FF  FF]
DEBUG  : 2023/12/28 10:31:07 hardware.go:146: write holds addr=175 [ 0  0  53  51]
DEBUG  : 2023/12/28 10:31:07 hardware.go:146: write holds addr=222 [ C  C  12  12  C  14  C  FF  FF  FF  FF  FF  FF  FF  FF  FF  FF  FF  FF  FF  FF  FF  FF  FF  FF  FF  FF  FF  FF  FF  FF  FF]
DEBUG  : 2023/12/28 10:31:08 hardware.go:146: write holds addr=175 [ 0  0  53  51]
DEBUG  : 2023/12/28 10:31:08 hardware.go:146: write holds addr=222 [ B  B  11  11  B  13  B  FF  FF  FF  FF  FF  FF  FF  FF  FF  FF  FF  FF  FF  FF  FF  FF  FF  FF  FF  FF  FF  FF  FF  FF  FF]
DEBUG  : 2023/12/28 10:31:09 hardware.go:146: write holds addr=175 [ 0  0  53  51]
DEBUG  : 2023/12/28 10:31:09 hardware.go:146: write holds addr=222 [ A  A  10  10  A  12  A  FF  FF  FF  FF  FF  FF  FF  FF  FF  FF  FF  FF  FF  FF  FF  FF  FF  FF  FF  FF  FF  FF  FF  FF  FF]
DEBUG  : 2023/12/28 10:31:10 hardware.go:146: write holds addr=175 [ 0  0  53  51]
DEBUG  : 2023/12/28 10:31:10 hardware.go:146: write holds addr=222 [ 9  9  F  F  9  11  9  FF  FF  FF  FF  FF  FF  FF  FF  FF  FF  FF  FF  FF  FF  FF  FF  FF  FF  FF  FF  FF  FF  FF  FF  FF]
DEBUG  : 2023/12/28 10:31:11 hardware.go:146: write holds addr=175 [ 0  0  53  51]
DEBUG  : 2023/12/28 10:31:11 hardware.go:146: write holds addr=222 [ 8  8  E  E  8  10  8  FF  FF  FF  FF  FF  FF  FF  FF  FF  FF  FF  FF  FF  FF  FF  FF  FF  FF  FF  FF  FF  FF  FF  FF  FF]
DEBUG  : 2023/12/28 10:31:12 hardware.go:146: write holds addr=175 [ 0  0  53  51]
DEBUG  : 2023/12/28 10:31:12 hardware.go:146: write holds addr=222 [ 7  7  D  D  7  F  7  FF  FF  FF  FF  FF  FF  FF  FF  FF  FF  FF  FF  FF  FF  FF  FF  FF  FF  FF  FF  FF  FF  FF  FF  FF]
DEBUG  : 2023/12/28 10:31:13 hardware.go:146: write holds addr=175 [ 0  0  53  51]
DEBUG  : 2023/12/28 10:31:13 hardware.go:146: write holds addr=222 [ 6  6  C  C  6  E  6  FF  FF  FF  FF  FF  FF  FF  FF  FF  FF  FF  FF  FF  FF  FF  FF  FF  FF  FF  FF  FF  FF  FF  FF  FF]
DEBUG  : 2023/12/28 10:31:14 hardware.go:146: write holds addr=175 [ 0  0  53  51]
DEBUG  : 2023/12/28 10:31:14 hardware.go:146: write holds addr=222 [ 5  5  B  B  5  D  5  FF  FF  FF  FF  FF  FF  FF  FF  FF  FF  FF  FF  FF  FF  FF  FF  FF  FF  FF  FF  FF  FF  FF  FF  FF]
DEBUG  : 2023/12/28 10:31:15 hardware.go:146: write holds addr=175 [ 0  0  53  51]
DEBUG  : 2023/12/28 10:31:15 hardware.go:146: write holds addr=222 [ 4  4  A  A  4  C  4  FF  FF  FF  FF  FF  FF  FF  FF  FF  FF  FF  FF  FF  FF  FF  FF  FF  FF  FF  FF  FF  FF  FF  FF  FF]
DEBUG  : 2023/12/28 10:31:16 hardware.go:146: write holds addr=175 [ 0  0  53  51]
DEBUG  : 2023/12/28 10:31:16 hardware.go:146: write holds addr=222 [ 3  3  9  9  3  B  3  FF  FF  FF  FF  FF  FF  FF  FF  FF  FF  FF  FF  FF  FF  FF  FF  FF  FF  FF  FF  FF  FF  FF  FF  FF]
DEBUG  : 2023/12/28 10:31:17 hardware.go:146: write holds addr=175 [ 0  0  53  51]
DEBUG  : 2023/12/28 10:31:17 hardware.go:146: write holds addr=222 [ 2  2  8  8  2  A  2  FF  FF  FF  FF  FF  FF  FF  FF  FF  FF  FF  FF  FF  FF  FF  FF  FF  FF  FF  FF  FF  FF  FF  FF  FF]
DEBUG  : 2023/12/28 10:31:18 hardware.go:146: write holds addr=175 [ 0  0  53  51]
DEBUG  : 2023/12/28 10:31:18 hardware.go:146: write holds addr=222 [ 1  1  7  7  1  9  1  FF  FF  FF  FF  FF  FF  FF  FF  FF  FF  FF  FF  FF  FF  FF  FF  FF  FF  FF  FF  FF  FF  FF  FF  FF]
DEBUG  : 2023/12/28 10:31:19 hardware.go:146: write holds addr=222 [ FF  FF  6  6  FF  8  FF  FF  FF  FF  FF  FF  FF  FF  FF  FF  FF  FF  FF  FF  FF  FF  FF  FF  FF  FF  FF  FF  FF  FF  FF  FF]
DEBUG  : 2023/12/28 10:31:20 hardware.go:146: write holds addr=222 [ 1D  1D  5  5  1F  7  1F  FF  FF  FF  FF  FF  FF  FF  FF  FF  FF  FF  FF  FF  FF  FF  FF  FF  FF  FF  FF  FF  FF  FF  FF  FF]
DEBUG  : 2023/12/28 10:31:21 hardware.go:146: write holds addr=222 [ 1C  1C  4  4  1E  6  1E  FF  FF  FF  FF  FF  FF  FF  FF  FF  FF  FF  FF  FF  FF  FF  FF  FF  FF  FF  FF  FF  FF  FF  FF  FF]
DEBUG  : 2023/12/28 10:31:22 hardware.go:146: write holds addr=222 [ 1B  1B  3  3  1D  5  1D  FF  FF  FF  FF  FF  FF  FF  FF  FF  FF  FF  FF  FF  FF  FF  FF  FF  FF  FF  FF  FF  FF  FF  FF  FF]
DEBUG  : 2023/12/28 10:31:23 hardware.go:146: write holds addr=222 [ 1A  1A  2  2  1C  4  1C  FF  FF  FF  FF  FF  FF  FF  FF  FF  FF  FF  FF  FF  FF  FF  FF  FF  FF  FF  FF  FF  FF  FF  FF  FF]
DEBUG  : 2023/12/28 10:31:24 hardware.go:146: write holds addr=222 [ 19  19  1  1  1B  3  1B  FF  FF  FF  FF  FF  FF  FF  FF  FF  FF  FF  FF  FF  FF  FF  FF  FF  FF  FF  FF  FF  FF  FF  FF  FF]
DEBUG  : 2023/12/28 10:31:25 hardware.go:146: write holds addr=175 [ 0  0  C  1E]
DEBUG  : 2023/12/28 10:31:25 hardware.go:146: write holds addr=222 [ 18  18  12  12  1A  2  1A  FF  FF  FF  FF  FF  FF  FF  FF  FF  FF  FF  FF  FF  FF  FF  FF  FF  FF  FF  FF  FF  FF  FF  FF  FF]
DEBUG  : 2023/12/28 10:31:26 hardware.go:146: write holds addr=175 [ 0  0  C  1E]
DEBUG  : 2023/12/28 10:31:26 hardware.go:146: write holds addr=222 [ 17  17  11  11  19  1  19  FF  FF  FF  FF  FF  FF  FF  FF  FF  FF  FF  FF  FF  FF  FF  FF  FF  FF  FF  FF  FF  FF  FF  FF  FF]
DEBUG  : 2023/12/28 10:31:27 hardware.go:146: write holds addr=175 [ 0  0  2C  1E]
DEBUG  : 2023/12/28 10:31:27 hardware.go:146: write holds addr=222 [ 16  16  10  10  18  10  18  FF  FF  FF  FF  FF  FF  FF  FF  FF  FF  FF  FF  FF  FF  FF  FF  FF  FF  FF  FF  FF  FF  FF  FF  FF]
DEBUG  : 2023/12/28 10:31:28 hardware.go:146: write holds addr=175 [ 0  0  2C  1E]
DEBUG  : 2023/12/28 10:31:28 hardware.go:146: write holds addr=222 [ 15  15  F  F  17  F  17  FF  FF  FF  FF  FF  FF  FF  FF  FF  FF  FF  FF  FF  FF  FF  FF  FF  FF  FF  FF  FF  FF  FF  FF  FF]
DEBUG  : 2023/12/28 10:31:29 hardware.go:146: write holds addr=175 [ 0  0  2C  1E]
DEBUG  : 2023/12/28 10:31:29 hardware.go:146: write holds addr=222 [ 14  14  E  E  16  E  16  FF  FF  FF  FF  FF  FF  FF  FF  FF  FF  FF  FF  FF  FF  FF  FF  FF  FF  FF  FF  FF  FF  FF  FF  FF]
DEBUG  : 2023/12/28 10:31:30 hardware.go:146: write holds addr=175 [ 0  0  2C  1E]
DEBUG  : 2023/12/28 10:31:30 hardware.go:146: write holds addr=222 [ 13  13  D  D  15  D  15  FF  FF  FF  FF  FF  FF  FF  FF  FF  FF  FF  FF  FF  FF  FF  FF  FF  FF  FF  FF  FF  FF  FF  FF  FF]
DEBUG  : 2023/12/28 10:31:31 hardware.go:146: write holds addr=175 [ 0  0  2C  1E]
DEBUG  : 2023/12/28 10:31:31 hardware.go:146: write holds addr=222 [ 12  12  C  C  14  C  14  FF  FF  FF  FF  FF  FF  FF  FF  FF  FF  FF  FF  FF  FF  FF  FF  FF  FF  FF  FF  FF  FF  FF  FF  FF]
DEBUG  : 2023/12/28 10:31:32 hardware.go:146: write holds addr=175 [ 0  0  2C  1E]
DEBUG  : 2023/12/28 10:31:32 hardware.go:146: write holds addr=222 [ 11  11  B  B  13  B  13  FF  FF  FF  FF  FF  FF  FF  FF  FF  FF  FF  FF  FF  FF  FF  FF  FF  FF  FF  FF  FF  FF  FF  FF  FF]
DEBUG  : 2023/12/28 10:31:33 hardware.go:146: write holds addr=175 [ 0  0  2C  1E]
DEBUG  : 2023/12/28 10:31:33 hardware.go:146: write holds addr=222 [ 10  10  A  A  12  A  12  FF  FF  FF  FF  FF  FF  FF  FF  FF  FF  FF  FF  FF  FF  FF  FF  FF  FF  FF  FF  FF  FF  FF  FF  FF]
DEBUG  : 2023/12/28 10:31:34 hardware.go:146: write holds addr=175 [ 0  0  2C  1E]
DEBUG  : 2023/12/28 10:31:34 hardware.go:146: write holds addr=222 [ F  F  9  9  11  9  11  FF  FF  FF  FF  FF  FF  FF  FF  FF  FF  FF  FF  FF  FF  FF  FF  FF  FF  FF  FF  FF  FF  FF  FF  FF]
DEBUG  : 2023/12/28 10:31:35 hardware.go:146: write holds addr=175 [ 0  0  2C  1E]
DEBUG  : 2023/12/28 10:31:35 hardware.go:146: write holds addr=222 [ E  E  8  8  10  8  10  FF  FF  FF  FF  FF  FF  FF  FF  FF  FF  FF  FF  FF  FF  FF  FF  FF  FF  FF  FF  FF  FF  FF  FF  FF]
DEBUG  : 2023/12/28 10:31:36 hardware.go:146: write holds addr=175 [ 0  0  2C  1E]
DEBUG  : 2023/12/28 10:31:36 hardware.go:146: write holds addr=222 [ D  D  7  7  F  7  F  FF  FF  FF  FF  FF  FF  FF  FF  FF  FF  FF  FF  FF  FF  FF  FF  FF  FF  FF  FF  FF  FF  FF  FF  FF]
DEBUG  : 2023/12/28 10:31:37 hardware.go:146: write holds addr=175 [ 0  0  2C  1E]
DEBUG  : 2023/12/28 10:31:37 hardware.go:146: write holds addr=222 [ C  C  6  6  E  6  E  FF  FF  FF  FF  FF  FF  FF  FF  FF  FF  FF  FF  FF  FF  FF  FF  FF  FF  FF  FF  FF  FF  FF  FF  FF]
DEBUG  : 2023/12/28 10:31:38 hardware.go:146: write holds addr=175 [ 0  0  2C  1E]
DEBUG  : 2023/12/28 10:31:38 hardware.go:146: write holds addr=222 [ B  B  5  5  D  5  D  FF  FF  FF  FF  FF  FF  FF  FF  FF  FF  FF  FF  FF  FF  FF  FF  FF  FF  FF  FF  FF  FF  FF  FF  FF]
DEBUG  : 2023/12/28 10:31:39 hardware.go:146: write holds addr=175 [ 0  0  2C  1E]
DEBUG  : 2023/12/28 10:31:39 hardware.go:146: write holds addr=222 [ A  A  4  4  C  4  C  FF  FF  FF  FF  FF  FF  FF  FF  FF  FF  FF  FF  FF  FF  FF  FF  FF  FF  FF  FF  FF  FF  FF  FF  FF]
DEBUG  : 2023/12/28 10:31:40 hardware.go:146: write holds addr=175 [ 0  0  2C  1E]
DEBUG  : 2023/12/28 10:31:40 hardware.go:146: write holds addr=222 [ 9  9  3  3  B  3  B  FF  FF  FF  FF  FF  FF  FF  FF  FF  FF  FF  FF  FF  FF  FF  FF  FF  FF  FF  FF  FF  FF  FF  FF  FF]
DEBUG  : 2023/12/28 10:31:41 hardware.go:146: write holds addr=175 [ 0  0  2C  1E]
DEBUG  : 2023/12/28 10:31:41 hardware.go:146: write holds addr=222 [ 8  8  2  2  A  2  A  FF  FF  FF  FF  FF  FF  FF  FF  FF  FF  FF  FF  FF  FF  FF  FF  FF  FF  FF  FF  FF  FF  FF  FF  FF]
DEBUG  : 2023/12/28 10:31:42 hardware.go:146: write holds addr=175 [ 0  0  2C  1E]
DEBUG  : 2023/12/28 10:31:42 hardware.go:146: write holds addr=222 [ 7  7  1  1  9  1  9  FF  FF  FF  FF  FF  FF  FF  FF  FF  FF  FF  FF  FF  FF  FF  FF  FF  FF  FF  FF  FF  FF  FF  FF  FF]
DEBUG  : 2023/12/28 10:31:43 hardware.go:146: write holds addr=222 [ 6  6  FF  FF  8  FF  8  FF  FF  FF  FF  FF  FF  FF  FF  FF  FF  FF  FF  FF  FF  FF  FF  FF  FF  FF  FF  FF  FF  FF  FF  FF]
DEBUG  : 2023/12/28 10:31:44 hardware.go:146: write holds addr=222 [ 5  5  14  14  7  16  7  FF  FF  FF  FF  FF  FF  FF  FF  FF  FF  FF  FF  FF  FF  FF  FF  FF  FF  FF  FF  FF  FF  FF  FF  FF]
DEBUG  : 2023/12/28 10:31:45 hardware.go:146: write holds addr=222 [ 4  4  13  13  6  15  6  FF  FF  FF  FF  FF  FF  FF  FF  FF  FF  FF  FF  FF  FF  FF  FF  FF  FF  FF  FF  FF  FF  FF  FF  FF]
DEBUG  : 2023/12/28 10:31:46 hardware.go:146: write holds addr=222 [ 3  3  12  12  5  14  5  FF  FF  FF  FF  FF  FF  FF  FF  FF  FF  FF  FF  FF  FF  FF  FF  FF  FF  FF  FF  FF  FF  FF  FF  FF]
DEBUG  : 2023/12/28 10:31:47 hardware.go:146: write holds addr=222 [ 2  2  11  11  4  13  4  FF  FF  FF  FF  FF  FF  FF  FF  FF  FF  FF  FF  FF  FF  FF  FF  FF  FF  FF  FF  FF  FF  FF  FF  FF]
DEBUG  : 2023/12/28 10:31:48 hardware.go:146: write holds addr=222 [ 1  1  10  10  3  12  3  FF  FF  FF  FF  FF  FF  FF  FF  FF  FF  FF  FF  FF  FF  FF  FF  FF  FF  FF  FF  FF  FF  FF  FF  FF]
DEBUG  : 2023/12/28 10:31:49 hardware.go:146: write holds addr=175 [ 0  0  3  51]
DEBUG  : 2023/12/28 10:31:49 hardware.go:146: write holds addr=222 [ 9  9  F  F  2  11  2  FF  FF  FF  FF  FF  FF  FF  FF  FF  FF  FF  FF  FF  FF  FF  FF  FF  FF  FF  FF  FF  FF  FF  FF  FF]
DEBUG  : 2023/12/28 10:31:50 hardware.go:146: write holds addr=175 [ 0  0  3  51]
DEBUG  : 2023/12/28 10:31:50 hardware.go:146: write holds addr=222 [ 8  8  E  E  1  10  1  FF  FF  FF  FF  FF  FF  FF  FF  FF  FF  FF  FF  FF  FF  FF  FF  FF  FF  FF  FF  FF  FF  FF  FF  FF]
DEBUG  : 2023/12/28 10:31:51 hardware.go:146: write holds addr=175 [ 0  0  53  51]
DEBUG  : 2023/12/28 10:31:51 hardware.go:146: write holds addr=222 [ 7  7  D  D  7  F  7  FF  FF  FF  FF  FF  FF  FF  FF  FF  FF  FF  FF  FF  FF  FF  FF  FF  FF  FF  FF  FF  FF  FF  FF  FF]
DEBUG  : 2023/12/28 10:31:52 hardware.go:146: write holds addr=175 [ 0  0  53  51]
DEBUG  : 2023/12/28 10:31:52 hardware.go:146: write holds addr=222 [ 6  6  C  C  6  E  6  FF  FF  FF  FF  FF  FF  FF  FF  FF  FF  FF  FF  FF  FF  FF  FF  FF  FF  FF  FF  FF  FF  FF  FF  FF]
DEBUG  : 2023/12/28 10:31:53 hardware.go:146: write holds addr=175 [ 0  0  53  51]
DEBUG  : 2023/12/28 10:31:53 hardware.go:146: write holds addr=222 [ 5  5  B  B  5  D  5  FF  FF  FF  FF  FF  FF  FF  FF  FF  FF  FF  FF  FF  FF  FF  FF  FF  FF  FF  FF  FF  FF  FF  FF  FF]
DEBUG  : 2023/12/28 10:31:54 hardware.go:146: write holds addr=175 [ 0  0  53  51]
DEBUG  : 2023/12/28 10:31:54 hardware.go:146: write holds addr=222 [ 4  4  A  A  4  C  4  FF  FF  FF  FF  FF  FF  FF  FF  FF  FF  FF  FF  FF  FF  FF  FF  FF  FF  FF  FF  FF  FF  FF  FF  FF]
DEBUG  : 2023/12/28 10:31:55 hardware.go:146: write holds addr=175 [ 0  0  53  51]
DEBUG  : 2023/12/28 10:31:55 hardware.go:146: write holds addr=222 [ 3  3  9  9  3  B  3  FF  FF  FF  FF  FF  FF  FF  FF  FF  FF  FF  FF  FF  FF  FF  FF  FF  FF  FF  FF  FF  FF  FF  FF  FF]
DEBUG  : 2023/12/28 10:31:56 hardware.go:146: write holds addr=175 [ 0  0  53  51]
DEBUG  : 2023/12/28 10:31:56 hardware.go:146: write holds addr=222 [ 2  2  8  8  2  A  2  FF  FF  FF  FF  FF  FF  FF  FF  FF  FF  FF  FF  FF  FF  FF  FF  FF  FF  FF  FF  FF  FF  FF  FF  FF]
DEBUG  : 2023/12/28 10:31:57 hardware.go:146: write holds addr=175 [ 0  0  53  51]
DEBUG  : 2023/12/28 10:31:57 hardware.go:146: write holds addr=222 [ 1  1  7  7  1  9  1  FF  FF  FF  FF  FF  FF  FF  FF  FF  FF  FF  FF  FF  FF  FF  FF  FF  FF  FF  FF  FF  FF  FF  FF  FF]
DEBUG  : 2023/12/28 10:31:58 hardware.go:146: write holds addr=222 [ FF  FF  6  6  FF  8  FF  FF  FF  FF  FF  FF  FF  FF  FF  FF  FF  FF  FF  FF  FF  FF  FF  FF  FF  FF  FF  FF  FF  FF  FF  FF]
DEBUG  : 2023/12/28 10:31:59 hardware.go:146: write holds addr=222 [ 1D  1D  5  5  1F  7  1F  FF  FF  FF  FF  FF  FF  FF  FF  FF  FF  FF  FF  FF  FF  FF  FF  FF  FF  FF  FF  FF  FF  FF  FF  FF]
DEBUG  : 2023/12/28 10:32:00 hardware.go:146: write holds addr=222 [ 1C  1C  4  4  1E  6  1E  FF  FF  FF  FF  FF  FF  FF  FF  FF  FF  FF  FF  FF  FF  FF  FF  FF  FF  FF  FF  FF  FF  FF  FF  FF]
DEBUG  : 2023/12/28 10:32:01 hardware.go:146: write holds addr=222 [ 1B  1B  3  3  1D  5  1D  FF  FF  FF  FF  FF  FF  FF  FF  FF  FF  FF  FF  FF  FF  FF  FF  FF  FF  FF  FF  FF  FF  FF  FF  FF]
DEBUG  : 2023/12/28 10:32:02 hardware.go:146: write holds addr=222 [ 17  17  2  2  19  4  19  FF  FF  FF  FF  FF  FF  FF  FF  FF  FF  FF  FF  FF  FF  FF  FF  FF  FF  FF  FF  FF  FF  FF  FF  FF]
DEBUG  : 2023/12/28 10:32:03 hardware.go:146: write holds addr=222 [ 16  16  1  1  18  3  18  FF  FF  FF  FF  FF  FF  FF  FF  FF  FF  FF  FF  FF  FF  FF  FF  FF  FF  FF  FF  FF  FF  FF  FF  FF]
DEBUG  : 2023/12/28 10:32:04 hardware.go:146: write holds addr=175 [ 0  0  C  1E]
DEBUG  : 2023/12/28 10:32:04 hardware.go:146: write holds addr=222 [ 15  15  F  F  17  2  17  FF  FF  FF  FF  FF  FF  FF  FF  FF  FF  FF  FF  FF  FF  FF  FF  FF  FF  FF  FF  FF  FF  FF  FF  FF]
DEBUG  : 2023/12/28 10:32:05 hardware.go:146: write holds addr=175 [ 0  0  C  1E]
DEBUG  : 2023/12/28 10:32:05 hardware.go:146: write holds addr=222 [ 17  17  11  11  19  1  19  FF  FF  FF  FF  FF  FF  FF  FF  FF  FF  FF  FF  FF  FF  FF  FF  FF  FF  FF  FF  FF  FF  FF  FF  FF]
DEBUG  : 2023/12/28 10:32:06 hardware.go:146: write holds addr=175 [ 0  0  2C  1E]
DEBUG  : 2023/12/28 10:32:06 hardware.go:146: write holds addr=222 [ 16  16  10  10  18  10  18  FF  FF  FF  FF  FF  FF  FF  FF  FF  FF  FF  FF  FF  FF  FF  FF  FF  FF  FF  FF  FF  FF  FF  FF  FF]
DEBUG  : 2023/12/28 10:32:07 hardware.go:146: write holds addr=175 [ 0  0  2C  1E]
DEBUG  : 2023/12/28 10:32:07 hardware.go:146: write holds addr=222 [ 15  15  F  F  17  F  17  FF  FF  FF  FF  FF  FF  FF  FF  FF  FF  FF  FF  FF  FF  FF  FF  FF  FF  FF  FF  FF  FF  FF  FF  FF]
DEBUG  : 2023/12/28 10:32:08 hardware.go:146: write holds addr=175 [ 0  0  2C  1E]
DEBUG  : 2023/12/28 10:32:08 hardware.go:146: write holds addr=222 [ 14  14  E  E  16  E  16  FF  FF  FF  FF  FF  FF  FF  FF  FF  FF  FF  FF  FF  FF  FF  FF  FF  FF  FF  FF  FF  FF  FF  FF  FF]
DEBUG  : 2023/12/28 10:32:09 hardware.go:146: write holds addr=175 [ 0  0  2C  1E]
DEBUG  : 2023/12/28 10:32:09 hardware.go:146: write holds addr=222 [ 13  13  D  D  15  D  15  FF  FF  FF  FF  FF  FF  FF  FF  FF  FF  FF  FF  FF  FF  FF  FF  FF  FF  FF  FF  FF  FF  FF  FF  FF]
DEBUG  : 2023/12/28 10:32:10 hardware.go:146: write holds addr=175 [ 0  0  2C  1E]
DEBUG  : 2023/12/28 10:32:10 hardware.go:146: write holds addr=222 [ 12  12  C  C  14  C  14  FF  FF  FF  FF  FF  FF  FF  FF  FF  FF  FF  FF  FF  FF  FF  FF  FF  FF  FF  FF  FF  FF  FF  FF  FF]
DEBUG  : 2023/12/28 10:32:11 hardware.go:146: write holds addr=175 [ 0  0  2C  1E]
DEBUG  : 2023/12/28 10:32:11 hardware.go:146: write holds addr=222 [ 11  11  B  B  13  B  13  FF  FF  FF  FF  FF  FF  FF  FF  FF  FF  FF  FF  FF  FF  FF  FF  FF  FF  FF  FF  FF  FF  FF  FF  FF]
DEBUG  : 2023/12/28 10:32:12 hardware.go:146: write holds addr=175 [ 0  0  2C  1E]
DEBUG  : 2023/12/28 10:32:12 hardware.go:146: write holds addr=222 [ 10  10  A  A  12  A  12  FF  FF  FF  FF  FF  FF  FF  FF  FF  FF  FF  FF  FF  FF  FF  FF  FF  FF  FF  FF  FF  FF  FF  FF  FF]
DEBUG  : 2023/12/28 10:32:13 hardware.go:146: write holds addr=175 [ 0  0  2C  1E]
DEBUG  : 2023/12/28 10:32:13 hardware.go:146: write holds addr=222 [ F  F  9  9  11  9  11  FF  FF  FF  FF  FF  FF  FF  FF  FF  FF  FF  FF  FF  FF  FF  FF  FF  FF  FF  FF  FF  FF  FF  FF  FF]
DEBUG  : 2023/12/28 10:32:14 hardware.go:146: write holds addr=175 [ 0  0  2C  1E]
DEBUG  : 2023/12/28 10:32:14 hardware.go:146: write holds addr=222 [ E  E  8  8  10  8  10  FF  FF  FF  FF  FF  FF  FF  FF  FF  FF  FF  FF  FF  FF  FF  FF  FF  FF  FF  FF  FF  FF  FF  FF  FF]
DEBUG  : 2023/12/28 10:32:15 hardware.go:146: write holds addr=175 [ 0  0  2C  1E]
DEBUG  : 2023/12/28 10:32:15 hardware.go:146: write holds addr=222 [ D  D  7  7  F  7  F  FF  FF  FF  FF  FF  FF  FF  FF  FF  FF  FF  FF  FF  FF  FF  FF  FF  FF  FF  FF  FF  FF  FF  FF  FF]
DEBUG  : 2023/12/28 10:32:16 hardware.go:146: write holds addr=175 [ 0  0  2C  1E]
DEBUG  : 2023/12/28 10:32:16 hardware.go:146: write holds addr=222 [ C  C  6  6  E  6  E  FF  FF  FF  FF  FF  FF  FF  FF  FF  FF  FF  FF  FF  FF  FF  FF  FF  FF  FF  FF  FF  FF  FF  FF  FF]
DEBUG  : 2023/12/28 10:32:17 hardware.go:146: write holds addr=175 [ 0  0  2C  1E]
DEBUG  : 2023/12/28 10:32:17 hardware.go:146: write holds addr=222 [ B  B  5  5  D  5  D  FF  FF  FF  FF  FF  FF  FF  FF  FF  FF  FF  FF  FF  FF  FF  FF  FF  FF  FF  FF  FF  FF  FF  FF  FF]
DEBUG  : 2023/12/28 10:32:18 hardware.go:146: write holds addr=175 [ 0  0  2C  1E]
DEBUG  : 2023/12/28 10:32:18 hardware.go:146: write holds addr=222 [ A  A  4  4  C  4  C  FF  FF  FF  FF  FF  FF  FF  FF  FF  FF  FF  FF  FF  FF  FF  FF  FF  FF  FF  FF  FF  FF  FF  FF  FF]
DEBUG  : 2023/12/28 10:32:19 hardware.go:146: write holds addr=175 [ 0  0  2C  1E]
DEBUG  : 2023/12/28 10:32:19 hardware.go:146: write holds addr=222 [ 9  9  3  3  B  3  B  FF  FF  FF  FF  FF  FF  FF  FF  FF  FF  FF  FF  FF  FF  FF  FF  FF  FF  FF  FF  FF  FF  FF  FF  FF]
DEBUG  : 2023/12/28 10:32:20 hardware.go:146: write holds addr=175 [ 0  0  2C  1E]
DEBUG  : 2023/12/28 10:32:20 hardware.go:146: write holds addr=222 [ 8  8  2  2  A  2  A  FF  FF  FF  FF  FF  FF  FF  FF  FF  FF  FF  FF  FF  FF  FF  FF  FF  FF  FF  FF  FF  FF  FF  FF  FF]
DEBUG  : 2023/12/28 10:32:21 hardware.go:146: write holds addr=175 [ 0  0  2C  1E]
DEBUG  : 2023/12/28 10:32:21 hardware.go:146: write holds addr=222 [ 7  7  1  1  9  1  9  FF  FF  FF  FF  FF  FF  FF  FF  FF  FF  FF  FF  FF  FF  FF  FF  FF  FF  FF  FF  FF  FF  FF  FF  FF]
DEBUG  : 2023/12/28 10:32:22 hardware.go:146: write holds addr=222 [ 6  6  FF  FF  8  FF  8  FF  FF  FF  FF  FF  FF  FF  FF  FF  FF  FF  FF  FF  FF  FF  FF  FF  FF  FF  FF  FF  FF  FF  FF  FF]
DEBUG  : 2023/12/28 10:32:23 hardware.go:146: write holds addr=222 [ 5  5  14  14  7  16  7  FF  FF  FF  FF  FF  FF  FF  FF  FF  FF  FF  FF  FF  FF  FF  FF  FF  FF  FF  FF  FF  FF  FF  FF  FF]
DEBUG  : 2023/12/28 10:32:24 hardware.go:146: write holds addr=222 [ 4  4  13  13  6  15  6  FF  FF  FF  FF  FF  FF  FF  FF  FF  FF  FF  FF  FF  FF  FF  FF  FF  FF  FF  FF  FF  FF  FF  FF  FF]
DEBUG  : 2023/12/28 10:32:25 hardware.go:146: write holds addr=222 [ 3  3  12  12  5  14  5  FF  FF  FF  FF  FF  FF  FF  FF  FF  FF  FF  FF  FF  FF  FF  FF  FF  FF  FF  FF  FF  FF  FF  FF  FF]
DEBUG  : 2023/12/28 10:32:26 hardware.go:146: write holds addr=222 [ 2  2  11  11  4  13  4  FF  FF  FF  FF  FF  FF  FF  FF  FF  FF  FF  FF  FF  FF  FF  FF  FF  FF  FF  FF  FF  FF  FF  FF  FF]
DEBUG  : 2023/12/28 10:32:27 hardware.go:146: write holds addr=222 [ 1  1  10  10  3  12  3  FF  FF  FF  FF  FF  FF  FF  FF  FF  FF  FF  FF  FF  FF  FF  FF  FF  FF  FF  FF  FF  FF  FF  FF  FF]
DEBUG  : 2023/12/28 10:32:28 hardware.go:146: write holds addr=175 [ 0  0  3  51]
DEBUG  : 2023/12/28 10:32:28 hardware.go:146: write holds addr=222 [ 9  9  F  F  2  11  2  FF  FF  FF  FF  FF  FF  FF  FF  FF  FF  FF  FF  FF  FF  FF  FF  FF  FF  FF  FF  FF  FF  FF  FF  FF]
DEBUG  : 2023/12/28 10:32:29 hardware.go:146: write holds addr=175 [ 0  0  3  51]
DEBUG  : 2023/12/28 10:32:29 hardware.go:146: write holds addr=222 [ 8  8  E  E  1  10  1  FF  FF  FF  FF  FF  FF  FF  FF  FF  FF  FF  FF  FF  FF  FF  FF  FF  FF  FF  FF  FF  FF  FF  FF  FF]
DEBUG  : 2023/12/28 10:32:30 hardware.go:146: write holds addr=175 [ 0  0  53  51]
DEBUG  : 2023/12/28 10:32:30 hardware.go:146: write holds addr=222 [ 7  7  D  D  7  F  7  FF  FF  FF  FF  FF  FF  FF  FF  FF  FF  FF  FF  FF  FF  FF  FF  FF  FF  FF  FF  FF  FF  FF  FF  FF]
DEBUG  : 2023/12/28 10:32:31 hardware.go:146: write holds addr=175 [ 0  0  53  51]
DEBUG  : 2023/12/28 10:32:31 hardware.go:146: write holds addr=222 [ 6  6  C  C  6  E  6  FF  FF  FF  FF  FF  FF  FF  FF  FF  FF  FF  FF  FF  FF  FF  FF  FF  FF  FF  FF  FF  FF  FF  FF  FF]
DEBUG  : 2023/12/28 10:32:32 hardware.go:146: write holds addr=175 [ 0  0  53  51]
DEBUG  : 2023/12/28 10:32:32 hardware.go:146: write holds addr=222 [ 5  5  B  B  5  D  5  FF  FF  FF  FF  FF  FF  FF  FF  FF  FF  FF  FF  FF  FF  FF  FF  FF  FF  FF  FF  FF  FF  FF  FF  FF]
DEBUG  : 2023/12/28 10:32:33 hardware.go:146: write holds addr=175 [ 0  0  53  51]
DEBUG  : 2023/12/28 10:32:33 hardware.go:146: write holds addr=222 [ 4  4  A  A  4  C  4  FF  FF  FF  FF  FF  FF  FF  FF  FF  FF  FF  FF  FF  FF  FF  FF  FF  FF  FF  FF  FF  FF  FF  FF  FF]
DEBUG  : 2023/12/28 10:32:34 hardware.go:146: write holds addr=175 [ 0  0  53  51]
DEBUG  : 2023/12/28 10:32:34 hardware.go:146: write holds addr=222 [ 3  3  9  9  3  B  3  FF  FF  FF  FF  FF  FF  FF  FF  FF  FF  FF  FF  FF  FF  FF  FF  FF  FF  FF  FF  FF  FF  FF  FF  FF]
DEBUG  : 2023/12/28 10:32:35 hardware.go:146: write holds addr=175 [ 0  0  53  51]
DEBUG  : 2023/12/28 10:32:35 hardware.go:146: write holds addr=222 [ 2  2  8  8  2  A  2  FF  FF  FF  FF  FF  FF  FF  FF  FF  FF  FF  FF  FF  FF  FF  FF  FF  FF  FF  FF  FF  FF  FF  FF  FF]
DEBUG  : 2023/12/28 10:32:36 hardware.go:146: write holds addr=175 [ 0  0  53  51]
DEBUG  : 2023/12/28 10:32:36 hardware.go:146: write holds addr=222 [ 1  1  7  7  1  9  1  FF  FF  FF  FF  FF  FF  FF  FF  FF  FF  FF  FF  FF  FF  FF  FF  FF  FF  FF  FF  FF  FF  FF  FF  FF]
DEBUG  : 2023/12/28 10:32:37 hardware.go:146: write holds addr=222 [ FF  FF  6  6  FF  8  FF  FF  FF  FF  FF  FF  FF  FF  FF  FF  FF  FF  FF  FF  FF  FF  FF  FF  FF  FF  FF  FF  FF  FF  FF  FF]
DEBUG  : 2023/12/28 10:32:38 hardware.go:146: write holds addr=222 [ 1D  1D  5  5  1F  7  1F  FF  FF  FF  FF  FF  FF  FF  FF  FF  FF  FF  FF  FF  FF  FF  FF  FF  FF  FF  FF  FF  FF  FF  FF  FF]
DEBUG  : 2023/12/28 10:32:39 hardware.go:146: write holds addr=222 [ 1C  1C  4  4  1E  6  1E  FF  FF  FF  FF  FF  FF  FF  FF  FF  FF  FF  FF  FF  FF  FF  FF  FF  FF  FF  FF  FF  FF  FF  FF  FF]
DEBUG  : 2023/12/28 10:32:40 hardware.go:146: write holds addr=222 [ 1B  1B  3  3  1D  5  1D  FF  FF  FF  FF  FF  FF  FF  FF  FF  FF  FF  FF  FF  FF  FF  FF  FF  FF  FF  FF  FF  FF  FF  FF  FF]
DEBUG  : 2023/12/28 10:32:41 hardware.go:146: write holds addr=222 [ 1A  1A  2  2  1C  4  1C  FF  FF  FF  FF  FF  FF  FF  FF  FF  FF  FF  FF  FF  FF  FF  FF  FF  FF  FF  FF  FF  FF  FF  FF  FF]
DEBUG  : 2023/12/28 10:32:42 hardware.go:146: write holds addr=222 [ 19  19  1  1  1B  3  1B  FF  FF  FF  FF  FF  FF  FF  FF  FF  FF  FF  FF  FF  FF  FF  FF  FF  FF  FF  FF  FF  FF  FF  FF  FF]
DEBUG  : 2023/12/28 10:32:43 hardware.go:146: write holds addr=175 [ 0  0  C  1E]
DEBUG  : 2023/12/28 10:32:43 hardware.go:146: write holds addr=222 [ 18  18  12  12  1A  2  1A  FF  FF  FF  FF  FF  FF  FF  FF  FF  FF  FF  FF  FF  FF  FF  FF  FF  FF  FF  FF  FF  FF  FF  FF  FF]
DEBUG  : 2023/12/28 10:32:44 hardware.go:146: write holds addr=175 [ 0  0  C  1E]
DEBUG  : 2023/12/28 10:32:44 hardware.go:146: write holds addr=222 [ 17  17  11  11  19  1  19  FF  FF  FF  FF  FF  FF  FF  FF  FF  FF  FF  FF  FF  FF  FF  FF  FF  FF  FF  FF  FF  FF  FF  FF  FF]
DEBUG  : 2023/12/28 10:32:45 hardware.go:146: write holds addr=175 [ 0  0  2C  1E]
DEBUG  : 2023/12/28 10:32:45 hardware.go:146: write holds addr=222 [ 16  16  10  10  18  10  18  FF  FF  FF  FF  FF  FF  FF  FF  FF  FF  FF  FF  FF  FF  FF  FF  FF  FF  FF  FF  FF  FF  FF  FF  FF]
DEBUG  : 2023/12/28 10:32:46 hardware.go:146: write holds addr=175 [ 0  0  2C  1E]
DEBUG  : 2023/12/28 10:32:46 hardware.go:146: write holds addr=222 [ 15  15  F  F  17  F  17  FF  FF  FF  FF  FF  FF  FF  FF  FF  FF  FF  FF  FF  FF  FF  FF  FF  FF  FF  FF  FF  FF  FF  FF  FF]
DEBUG  : 2023/12/28 10:32:47 hardware.go:146: write holds addr=175 [ 0  0  2C  1E]
DEBUG  : 2023/12/28 10:32:47 hardware.go:146: write holds addr=222 [ 14  14  E  E  16  E  16  FF  FF  FF  FF  FF  FF  FF  FF  FF  FF  FF  FF  FF  FF  FF  FF  FF  FF  FF  FF  FF  FF  FF  FF  FF]
DEBUG  : 2023/12/28 10:32:48 hardware.go:146: write holds addr=175 [ 0  0  2C  1E]
DEBUG  : 2023/12/28 10:32:48 hardware.go:146: write holds addr=222 [ 13  13  D  D  15  D  15  FF  FF  FF  FF  FF  FF  FF  FF  FF  FF  FF  FF  FF  FF  FF  FF  FF  FF  FF  FF  FF  FF  FF  FF  FF]
DEBUG  : 2023/12/28 10:32:49 hardware.go:146: write holds addr=175 [ 0  0  2C  1E]
DEBUG  : 2023/12/28 10:32:49 hardware.go:146: write holds addr=222 [ 12  12  C  C  14  C  14  FF  FF  FF  FF  FF  FF  FF  FF  FF  FF  FF  FF  FF  FF  FF  FF  FF  FF  FF  FF  FF  FF  FF  FF  FF]
DEBUG  : 2023/12/28 10:32:50 hardware.go:146: write holds addr=175 [ 0  0  2C  1E]
DEBUG  : 2023/12/28 10:32:50 hardware.go:146: write holds addr=222 [ 11  11  B  B  13  B  13  FF  FF  FF  FF  FF  FF  FF  FF  FF  FF  FF  FF  FF  FF  FF  FF  FF  FF  FF  FF  FF  FF  FF  FF  FF]
DEBUG  : 2023/12/28 10:32:51 hardware.go:146: write holds addr=175 [ 0  0  2C  1E]
DEBUG  : 2023/12/28 10:32:51 hardware.go:146: write holds addr=222 [ 10  10  A  A  12  A  12  FF  FF  FF  FF  FF  FF  FF  FF  FF  FF  FF  FF  FF  FF  FF  FF  FF  FF  FF  FF  FF  FF  FF  FF  FF]
DEBUG  : 2023/12/28 10:32:52 hardware.go:146: write holds addr=175 [ 0  0  2C  1E]
DEBUG  : 2023/12/28 10:32:52 hardware.go:146: write holds addr=222 [ F  F  9  9  11  9  11  FF  FF  FF  FF  FF  FF  FF  FF  FF  FF  FF  FF  FF  FF  FF  FF  FF  FF  FF  FF  FF  FF  FF  FF  FF]
DEBUG  : 2023/12/28 10:32:53 hardware.go:146: write holds addr=175 [ 0  0  2C  1E]
DEBUG  : 2023/12/28 10:32:53 hardware.go:146: write holds addr=222 [ E  E  8  8  10  8  10  FF  FF  FF  FF  FF  FF  FF  FF  FF  FF  FF  FF  FF  FF  FF  FF  FF  FF  FF  FF  FF  FF  FF  FF  FF]
DEBUG  : 2023/12/28 10:32:54 hardware.go:146: write holds addr=175 [ 0  0  2C  1E]
DEBUG  : 2023/12/28 10:32:54 hardware.go:146: write holds addr=222 [ D  D  7  7  F  7  F  FF  FF  FF  FF  FF  FF  FF  FF  FF  FF  FF  FF  FF  FF  FF  FF  FF  FF  FF  FF  FF  FF  FF  FF  FF]
DEBUG  : 2023/12/28 10:32:55 hardware.go:146: write holds addr=175 [ 0  0  2C  1E]
DEBUG  : 2023/12/28 10:32:55 hardware.go:146: write holds addr=222 [ C  C  6  6  E  6  E  FF  FF  FF  FF  FF  FF  FF  FF  FF  FF  FF  FF  FF  FF  FF  FF  FF  FF  FF  FF  FF  FF  FF  FF  FF]
DEBUG  : 2023/12/28 10:32:56 hardware.go:146: write holds addr=175 [ 0  0  2C  1E]
DEBUG  : 2023/12/28 10:32:56 hardware.go:146: write holds addr=222 [ B  B  5  5  D  5  D  FF  FF  FF  FF  FF  FF  FF  FF  FF  FF  FF  FF  FF  FF  FF  FF  FF  FF  FF  FF  FF  FF  FF  FF  FF]
DEBUG  : 2023/12/28 10:32:57 hardware.go:146: write holds addr=175 [ 0  0  2C  1E]
DEBUG  : 2023/12/28 10:32:57 hardware.go:146: write holds addr=222 [ A  A  4  4  C  4  C  FF  FF  FF  FF  FF  FF  FF  FF  FF  FF  FF  FF  FF  FF  FF  FF  FF  FF  FF  FF  FF  FF  FF  FF  FF]
DEBUG  : 2023/12/28 10:32:58 hardware.go:146: write holds addr=175 [ 0  0  2C  1E]
DEBUG  : 2023/12/28 10:32:58 hardware.go:146: write holds addr=222 [ 9  9  3  3  B  3  B  FF  FF  FF  FF  FF  FF  FF  FF  FF  FF  FF  FF  FF  FF  FF  FF  FF  FF  FF  FF  FF  FF  FF  FF  FF]
DEBUG  : 2023/12/28 10:32:59 hardware.go:146: write holds addr=175 [ 0  0  2C  1E]
DEBUG  : 2023/12/28 10:32:59 hardware.go:146: write holds addr=222 [ 8  8  2  2  A  2  A  FF  FF  FF  FF  FF  FF  FF  FF  FF  FF  FF  FF  FF  FF  FF  FF  FF  FF  FF  FF  FF  FF  FF  FF  FF]
DEBUG  : 2023/12/28 10:33:00 hardware.go:146: write holds addr=175 [ 0  0  2C  1E]
DEBUG  : 2023/12/28 10:33:00 hardware.go:146: write holds addr=222 [ 7  7  1  1  9  1  9  FF  FF  FF  FF  FF  FF  FF  FF  FF  FF  FF  FF  FF  FF  FF  FF  FF  FF  FF  FF  FF  FF  FF  FF  FF]
DEBUG  : 2023/12/28 10:33:01 hardware.go:146: write holds addr=222 [ 6  6  FF  FF  8  FF  8  FF  FF  FF  FF  FF  FF  FF  FF  FF  FF  FF  FF  FF  FF  FF  FF  FF  FF  FF  FF  FF  FF  FF  FF  FF]
DEBUG  : 2023/12/28 10:33:02 hardware.go:146: write holds addr=222 [ 5  5  14  14  7  16  7  FF  FF  FF  FF  FF  FF  FF  FF  FF  FF  FF  FF  FF  FF  FF  FF  FF  FF  FF  FF  FF  FF  FF  FF  FF]
DEBUG  : 2023/12/28 10:33:03 hardware.go:146: write holds addr=222 [ 4  4  13  13  6  15  6  FF  FF  FF  FF  FF  FF  FF  FF  FF  FF  FF  FF  FF  FF  FF  FF  FF  FF  FF  FF  FF  FF  FF  FF  FF]
DEBUG  : 2023/12/28 10:33:04 hardware.go:146: write holds addr=222 [ 3  3  12  12  5  14  5  FF  FF  FF  FF  FF  FF  FF  FF  FF  FF  FF  FF  FF  FF  FF  FF  FF  FF  FF  FF  FF  FF  FF  FF  FF]
DEBUG  : 2023/12/28 10:33:05 hardware.go:146: write holds addr=222 [ 2  2  11  11  4  13  4  FF  FF  FF  FF  FF  FF  FF  FF  FF  FF  FF  FF  FF  FF  FF  FF  FF  FF  FF  FF  FF  FF  FF  FF  FF]
DEBUG  : 2023/12/28 10:33:06 hardware.go:146: write holds addr=222 [ 1  1  10  10  3  12  3  FF  FF  FF  FF  FF  FF  FF  FF  FF  FF  FF  FF  FF  FF  FF  FF  FF  FF  FF  FF  FF  FF  FF  FF  FF]
DEBUG  : 2023/12/28 10:33:07 hardware.go:146: write holds addr=175 [ 0  0  3  51]
DEBUG  : 2023/12/28 10:33:07 hardware.go:146: write holds addr=222 [ 9  9  F  F  2  11  2  FF  FF  FF  FF  FF  FF  FF  FF  FF  FF  FF  FF  FF  FF  FF  FF  FF  FF  FF  FF  FF  FF  FF  FF  FF]
DEBUG  : 2023/12/28 10:33:08 hardware.go:146: write holds addr=175 [ 0  0  3  51]
DEBUG  : 2023/12/28 10:33:08 hardware.go:146: write holds addr=222 [ 8  8  E  E  1  10  1  FF  FF  FF  FF  FF  FF  FF  FF  FF  FF  FF  FF  FF  FF  FF  FF  FF  FF  FF  FF  FF  FF  FF  FF  FF]
DEBUG  : 2023/12/28 10:33:09 hardware.go:146: write holds addr=175 [ 0  0  53  51]
DEBUG  : 2023/12/28 10:33:09 hardware.go:146: write holds addr=222 [ 7  7  D  D  7  F  7  FF  FF  FF  FF  FF  FF  FF  FF  FF  FF  FF  FF  FF  FF  FF  FF  FF  FF  FF  FF  FF  FF  FF  FF  FF]
DEBUG  : 2023/12/28 10:33:10 hardware.go:146: write holds addr=175 [ 0  0  53  51]
DEBUG  : 2023/12/28 10:33:10 hardware.go:146: write holds addr=222 [ 6  6  C  C  6  E  6  FF  FF  FF  FF  FF  FF  FF  FF  FF  FF  FF  FF  FF  FF  FF  FF  FF  FF  FF  FF  FF  FF  FF  FF  FF]
DEBUG  : 2023/12/28 10:33:11 hardware.go:146: write holds addr=175 [ 0  0  53  51]
DEBUG  : 2023/12/28 10:33:11 hardware.go:146: write holds addr=222 [ B  B  11  11  B  13  B  FF  FF  FF  FF  FF  FF  FF  FF  FF  FF  FF  FF  FF  FF  FF  FF  FF  FF  FF  FF  FF  FF  FF  FF  FF]
DEBUG  : 2023/12/28 10:33:12 hardware.go:146: write holds addr=175 [ 0  0  53  51]
DEBUG  : 2023/12/28 10:33:12 hardware.go:146: write holds addr=222 [ A  A  10  10  A  12  A  FF  FF  FF  FF  FF  FF  FF  FF  FF  FF  FF  FF  FF  FF  FF  FF  FF  FF  FF  FF  FF  FF  FF  FF  FF]
DEBUG  : 2023/12/28 10:33:13 hardware.go:146: write holds addr=175 [ 0  0  53  51]
DEBUG  : 2023/12/28 10:33:13 hardware.go:146: write holds addr=222 [ 9  9  F  F  9  11  9  FF  FF  FF  FF  FF  FF  FF  FF  FF  FF  FF  FF  FF  FF  FF  FF  FF  FF  FF  FF  FF  FF  FF  FF  FF]
DEBUG  : 2023/12/28 10:33:14 hardware.go:146: write holds addr=175 [ 0  0  53  51]
DEBUG  : 2023/12/28 10:33:14 hardware.go:146: write holds addr=222 [ B  B  11  11  B  13  B  FF  FF  FF  FF  FF  FF  FF  FF  FF  FF  FF  FF  FF  FF  FF  FF  FF  FF  FF  FF  FF  FF  FF  FF  FF]
DEBUG  : 2023/12/28 10:33:15 hardware.go:146: write holds addr=175 [ 0  0  53  51]
DEBUG  : 2023/12/28 10:33:15 hardware.go:146: write holds addr=222 [ A  A  10  10  A  12  A  FF  FF  FF  FF  FF  FF  FF  FF  FF  FF  FF  FF  FF  FF  FF  FF  FF  FF  FF  FF  FF  FF  FF  FF  FF]
DEBUG  : 2023/12/28 10:33:16 hardware.go:146: write holds addr=175 [ 0  0  53  51]
DEBUG  : 2023/12/28 10:33:16 hardware.go:146: write holds addr=222 [ 9  9  F  F  9  11  9  FF  FF  FF  FF  FF  FF  FF  FF  FF  FF  FF  FF  FF  FF  FF  FF  FF  FF  FF  FF  FF  FF  FF  FF  FF]
DEBUG  : 2023/12/28 10:33:17 hardware.go:146: write holds addr=175 [ 0  0  53  51]
DEBUG  : 2023/12/28 10:33:17 hardware.go:146: write holds addr=222 [ 8  8  E  E  8  10  8  FF  FF  FF  FF  FF  FF  FF  FF  FF  FF  FF  FF  FF  FF  FF  FF  FF  FF  FF  FF  FF  FF  FF  FF  FF]
DEBUG  : 2023/12/28 10:33:18 hardware.go:146: write holds addr=175 [ 0  0  53  51]
DEBUG  : 2023/12/28 10:33:18 hardware.go:146: write holds addr=222 [ 7  7  D  D  7  F  7  FF  FF  FF  FF  FF  FF  FF  FF  FF  FF  FF  FF  FF  FF  FF  FF  FF  FF  FF  FF  FF  FF  FF  FF  FF]
DEBUG  : 2023/12/28 10:33:19 hardware.go:146: write holds addr=175 [ 0  0  53  51]
DEBUG  : 2023/12/28 10:33:19 hardware.go:146: write holds addr=222 [ 6  6  C  C  6  E  6  FF  FF  FF  FF  FF  FF  FF  FF  FF  FF  FF  FF  FF  FF  FF  FF  FF  FF  FF  FF  FF  FF  FF  FF  FF]
DEBUG  : 2023/12/28 10:33:20 hardware.go:146: write holds addr=175 [ 0  0  53  51]
DEBUG  : 2023/12/28 10:33:20 hardware.go:146: write holds addr=222 [ 5  5  B  B  5  D  5  FF  FF  FF  FF  FF  FF  FF  FF  FF  FF  FF  FF  FF  FF  FF  FF  FF  FF  FF  FF  FF  FF  FF  FF  FF]
DEBUG  : 2023/12/28 10:33:21 hardware.go:146: write holds addr=175 [ 0  0  53  51]
DEBUG  : 2023/12/28 10:33:21 hardware.go:146: write holds addr=222 [ 4  4  A  A  4  C  4  FF  FF  FF  FF  FF  FF  FF  FF  FF  FF  FF  FF  FF  FF  FF  FF  FF  FF  FF  FF  FF  FF  FF  FF  FF]
DEBUG  : 2023/12/28 10:33:22 hardware.go:146: write holds addr=175 [ 0  0  53  51]
DEBUG  : 2023/12/28 10:33:22 hardware.go:146: write holds addr=222 [ 3  3  9  9  3  B  3  FF  FF  FF  FF  FF  FF  FF  FF  FF  FF  FF  FF  FF  FF  FF  FF  FF  FF  FF  FF  FF  FF  FF  FF  FF]
DEBUG  : 2023/12/28 10:33:23 hardware.go:146: write holds addr=175 [ 0  0  53  51]
DEBUG  : 2023/12/28 10:33:23 hardware.go:146: write holds addr=222 [ 2  2  8  8  2  A  2  FF  FF  FF  FF  FF  FF  FF  FF  FF  FF  FF  FF  FF  FF  FF  FF  FF  FF  FF  FF  FF  FF  FF  FF  FF]
DEBUG  : 2023/12/28 10:33:24 hardware.go:146: write holds addr=175 [ 0  0  53  51]
DEBUG  : 2023/12/28 10:33:24 hardware.go:146: write holds addr=222 [ 1  1  7  7  1  9  1  FF  FF  FF  FF  FF  FF  FF  FF  FF  FF  FF  FF  FF  FF  FF  FF  FF  FF  FF  FF  FF  FF  FF  FF  FF]
DEBUG  : 2023/12/28 10:33:25 hardware.go:146: write holds addr=222 [ FF  FF  6  6  FF  8  FF  FF  FF  FF  FF  FF  FF  FF  FF  FF  FF  FF  FF  FF  FF  FF  FF  FF  FF  FF  FF  FF  FF  FF  FF  FF]
DEBUG  : 2023/12/28 10:33:26 hardware.go:146: write holds addr=222 [ 1D  1D  5  5  1F  7  1F  FF  FF  FF  FF  FF  FF  FF  FF  FF  FF  FF  FF  FF  FF  FF  FF  FF  FF  FF  FF  FF  FF  FF  FF  FF]
DEBUG  : 2023/12/28 10:33:27 hardware.go:146: write holds addr=222 [ 1C  1C  4  4  1E  6  1E  FF  FF  FF  FF  FF  FF  FF  FF  FF  FF  FF  FF  FF  FF  FF  FF  FF  FF  FF  FF  FF  FF  FF  FF  FF]
DEBUG  : 2023/12/28 10:33:28 hardware.go:146: write holds addr=222 [ 1B  1B  3  3  1D  5  1D  FF  FF  FF  FF  FF  FF  FF  FF  FF  FF  FF  FF  FF  FF  FF  FF  FF  FF  FF  FF  FF  FF  FF  FF  FF]
DEBUG  : 2023/12/28 10:33:29 hardware.go:146: write holds addr=222 [ 1A  1A  2  2  1C  4  1C  FF  FF  FF  FF  FF  FF  FF  FF  FF  FF  FF  FF  FF  FF  FF  FF  FF  FF  FF  FF  FF  FF  FF  FF  FF]
DEBUG  : 2023/12/28 10:33:30 hardware.go:146: write holds addr=222 [ 19  19  1  1  1B  3  1B  FF  FF  FF  FF  FF  FF  FF  FF  FF  FF  FF  FF  FF  FF  FF  FF  FF  FF  FF  FF  FF  FF  FF  FF  FF]
DEBUG  : 2023/12/28 10:33:31 hardware.go:146: write holds addr=175 [ 0  0  C  1E]
DEBUG  : 2023/12/28 10:33:31 hardware.go:146: write holds addr=222 [ 18  18  12  12  1A  2  1A  FF  FF  FF  FF  FF  FF  FF  FF  FF  FF  FF  FF  FF  FF  FF  FF  FF  FF  FF  FF  FF  FF  FF  FF  FF]
DEBUG  : 2023/12/28 10:33:32 hardware.go:146: write holds addr=175 [ 0  0  C  1E]
DEBUG  : 2023/12/28 10:33:32 hardware.go:146: write holds addr=222 [ 17  17  11  11  19  1  19  FF  FF  FF  FF  FF  FF  FF  FF  FF  FF  FF  FF  FF  FF  FF  FF  FF  FF  FF  FF  FF  FF  FF  FF  FF]
DEBUG  : 2023/12/28 10:33:33 hardware.go:146: write holds addr=175 [ 0  0  2C  1E]
DEBUG  : 2023/12/28 10:33:33 hardware.go:146: write holds addr=222 [ 16  16  10  10  18  10  18  FF  FF  FF  FF  FF  FF  FF  FF  FF  FF  FF  FF  FF  FF  FF  FF  FF  FF  FF  FF  FF  FF  FF  FF  FF]
DEBUG  : 2023/12/28 10:33:34 hardware.go:146: write holds addr=175 [ 0  0  2C  1E]
DEBUG  : 2023/12/28 10:33:34 hardware.go:146: write holds addr=222 [ 15  15  F  F  17  F  17  FF  FF  FF  FF  FF  FF  FF  FF  FF  FF  FF  FF  FF  FF  FF  FF  FF  FF  FF  FF  FF  FF  FF  FF  FF]
DEBUG  : 2023/12/28 10:33:35 hardware.go:146: write holds addr=175 [ 0  0  2C  1E]
DEBUG  : 2023/12/28 10:33:35 hardware.go:146: write holds addr=222 [ 14  14  E  E  16  E  16  FF  FF  FF  FF  FF  FF  FF  FF  FF  FF  FF  FF  FF  FF  FF  FF  FF  FF  FF  FF  FF  FF  FF  FF  FF]
DEBUG  : 2023/12/28 10:33:36 hardware.go:146: write holds addr=175 [ 0  0  2C  1E]
DEBUG  : 2023/12/28 10:33:36 hardware.go:146: write holds addr=222 [ 13  13  D  D  15  D  15  FF  FF  FF  FF  FF  FF  FF  FF  FF  FF  FF  FF  FF  FF  FF  FF  FF  FF  FF  FF  FF  FF  FF  FF  FF]
DEBUG  : 2023/12/28 10:33:37 hardware.go:146: write holds addr=175 [ 0  0  2C  1E]
DEBUG  : 2023/12/28 10:33:37 hardware.go:146: write holds addr=222 [ 12  12  C  C  14  C  14  FF  FF  FF  FF  FF  FF  FF  FF  FF  FF  FF  FF  FF  FF  FF  FF  FF  FF  FF  FF  FF  FF  FF  FF  FF]
DEBUG  : 2023/12/28 10:33:38 hardware.go:146: write holds addr=175 [ 0  0  2C  1E]
DEBUG  : 2023/12/28 10:33:38 hardware.go:146: write holds addr=222 [ 11  11  B  B  13  B  13  FF  FF  FF  FF  FF  FF  FF  FF  FF  FF  FF  FF  FF  FF  FF  FF  FF  FF  FF  FF  FF  FF  FF  FF  FF]
DEBUG  : 2023/12/28 10:33:39 hardware.go:146: write holds addr=175 [ 0  0  2C  1E]
DEBUG  : 2023/12/28 10:33:39 hardware.go:146: write holds addr=222 [ 10  10  A  A  12  A  12  FF  FF  FF  FF  FF  FF  FF  FF  FF  FF  FF  FF  FF  FF  FF  FF  FF  FF  FF  FF  FF  FF  FF  FF  FF]
DEBUG  : 2023/12/28 10:33:40 hardware.go:146: write holds addr=175 [ 0  0  2C  1E]
DEBUG  : 2023/12/28 10:33:40 hardware.go:146: write holds addr=222 [ F  F  9  9  11  9  11  FF  FF  FF  FF  FF  FF  FF  FF  FF  FF  FF  FF  FF  FF  FF  FF  FF  FF  FF  FF  FF  FF  FF  FF  FF]
DEBUG  : 2023/12/28 10:33:41 hardware.go:146: write holds addr=175 [ 0  0  2C  1E]
DEBUG  : 2023/12/28 10:33:41 hardware.go:146: write holds addr=222 [ E  E  8  8  10  8  10  FF  FF  FF  FF  FF  FF  FF  FF  FF  FF  FF  FF  FF  FF  FF  FF  FF  FF  FF  FF  FF  FF  FF  FF  FF]
DEBUG  : 2023/12/28 10:33:42 hardware.go:146: write holds addr=175 [ 0  0  2C  1E]
DEBUG  : 2023/12/28 10:33:42 hardware.go:146: write holds addr=222 [ D  D  7  7  F  7  F  FF  FF  FF  FF  FF  FF  FF  FF  FF  FF  FF  FF  FF  FF  FF  FF  FF  FF  FF  FF  FF  FF  FF  FF  FF]
DEBUG  : 2023/12/28 10:33:43 hardware.go:146: write holds addr=175 [ 0  0  2C  1E]
DEBUG  : 2023/12/28 10:33:43 hardware.go:146: write holds addr=222 [ C  C  6  6  E  6  E  FF  FF  FF  FF  FF  FF  FF  FF  FF  FF  FF  FF  FF  FF  FF  FF  FF  FF  FF  FF  FF  FF  FF  FF  FF]
DEBUG  : 2023/12/28 10:33:44 hardware.go:146: write holds addr=175 [ 0  0  2C  1E]
DEBUG  : 2023/12/28 10:33:44 hardware.go:146: write holds addr=222 [ B  B  5  5  D  5  D  FF  FF  FF  FF  FF  FF  FF  FF  FF  FF  FF  FF  FF  FF  FF  FF  FF  FF  FF  FF  FF  FF  FF  FF  FF]
DEBUG  : 2023/12/28 10:33:45 hardware.go:146: write holds addr=175 [ 0  0  2C  1E]
DEBUG  : 2023/12/28 10:33:45 hardware.go:146: write holds addr=222 [ A  A  4  4  C  4  C  FF  FF  FF  FF  FF  FF  FF  FF  FF  FF  FF  FF  FF  FF  FF  FF  FF  FF  FF  FF  FF  FF  FF  FF  FF]
DEBUG  : 2023/12/28 10:33:46 hardware.go:146: write holds addr=175 [ 0  0  2C  1E]
DEBUG  : 2023/12/28 10:33:46 hardware.go:146: write holds addr=222 [ 9  9  3  3  B  3  B  FF  FF  FF  FF  FF  FF  FF  FF  FF  FF  FF  FF  FF  FF  FF  FF  FF  FF  FF  FF  FF  FF  FF  FF  FF]
DEBUG  : 2023/12/28 10:33:47 hardware.go:146: write holds addr=175 [ 0  0  2C  1E]
DEBUG  : 2023/12/28 10:33:47 hardware.go:146: write holds addr=222 [ 8  8  2  2  A  2  A  FF  FF  FF  FF  FF  FF  FF  FF  FF  FF  FF  FF  FF  FF  FF  FF  FF  FF  FF  FF  FF  FF  FF  FF  FF]
DEBUG  : 2023/12/28 10:33:48 hardware.go:146: write holds addr=175 [ 0  0  2C  1E]
DEBUG  : 2023/12/28 10:33:48 hardware.go:146: write holds addr=222 [ 7  7  1  1  9  1  9  FF  FF  FF  FF  FF  FF  FF  FF  FF  FF  FF  FF  FF  FF  FF  FF  FF  FF  FF  FF  FF  FF  FF  FF  FF]
DEBUG  : 2023/12/28 10:33:49 hardware.go:146: write holds addr=222 [ 6  6  FF  FF  8  FF  8  FF  FF  FF  FF  FF  FF  FF  FF  FF  FF  FF  FF  FF  FF  FF  FF  FF  FF  FF  FF  FF  FF  FF  FF  FF]
DEBUG  : 2023/12/28 10:33:50 hardware.go:146: write holds addr=222 [ 5  5  14  14  7  16  7  FF  FF  FF  FF  FF  FF  FF  FF  FF  FF  FF  FF  FF  FF  FF  FF  FF  FF  FF  FF  FF  FF  FF  FF  FF]
DEBUG  : 2023/12/28 10:33:51 hardware.go:146: write holds addr=222 [ 4  4  13  13  6  15  6  FF  FF  FF  FF  FF  FF  FF  FF  FF  FF  FF  FF  FF  FF  FF  FF  FF  FF  FF  FF  FF  FF  FF  FF  FF]
DEBUG  : 2023/12/28 10:33:52 hardware.go:146: write holds addr=222 [ 3  3  12  12  5  14  5  FF  FF  FF  FF  FF  FF  FF  FF  FF  FF  FF  FF  FF  FF  FF  FF  FF  FF  FF  FF  FF  FF  FF  FF  FF]
DEBUG  : 2023/12/28 10:33:53 hardware.go:146: write holds addr=222 [ 2  2  11  11  4  13  4  FF  FF  FF  FF  FF  FF  FF  FF  FF  FF  FF  FF  FF  FF  FF  FF  FF  FF  FF  FF  FF  FF  FF  FF  FF]
DEBUG  : 2023/12/28 10:33:54 hardware.go:146: write holds addr=222 [ 1  1  10  10  3  12  3  FF  FF  FF  FF  FF  FF  FF  FF  FF  FF  FF  FF  FF  FF  FF  FF  FF  FF  FF  FF  FF  FF  FF  FF  FF]
DEBUG  : 2023/12/28 10:33:55 hardware.go:146: write holds addr=175 [ 0  0  3  51]
DEBUG  : 2023/12/28 10:33:55 hardware.go:146: write holds addr=222 [ 9  9  F  F  2  11  2  FF  FF  FF  FF  FF  FF  FF  FF  FF  FF  FF  FF  FF  FF  FF  FF  FF  FF  FF  FF  FF  FF  FF  FF  FF]
DEBUG  : 2023/12/28 10:33:56 hardware.go:146: write holds addr=175 [ 0  0  3  51]
DEBUG  : 2023/12/28 10:33:56 hardware.go:146: write holds addr=222 [ 8  8  E  E  1  10  1  FF  FF  FF  FF  FF  FF  FF  FF  FF  FF  FF  FF  FF  FF  FF  FF  FF  FF  FF  FF  FF  FF  FF  FF  FF]
DEBUG  : 2023/12/28 10:33:57 hardware.go:146: write holds addr=175 [ 0  0  53  51]
DEBUG  : 2023/12/28 10:33:57 hardware.go:146: write holds addr=222 [ 7  7  D  D  7  F  7  FF  FF  FF  FF  FF  FF  FF  FF  FF  FF  FF  FF  FF  FF  FF  FF  FF  FF  FF  FF  FF  FF  FF  FF  FF]
DEBUG  : 2023/12/28 10:33:58 hardware.go:146: write holds addr=175 [ 0  0  53  51]
DEBUG  : 2023/12/28 10:33:58 hardware.go:146: write holds addr=222 [ 6  6  C  C  6  E  6  FF  FF  FF  FF  FF  FF  FF  FF  FF  FF  FF  FF  FF  FF  FF  FF  FF  FF  FF  FF  FF  FF  FF  FF  FF]
DEBUG  : 2023/12/28 10:33:59 hardware.go:146: write holds addr=175 [ 0  0  53  51]
DEBUG  : 2023/12/28 10:33:59 hardware.go:146: write holds addr=222 [ 5  5  B  B  5  D  5  FF  FF  FF  FF  FF  FF  FF  FF  FF  FF  FF  FF  FF  FF  FF  FF  FF  FF  FF  FF  FF  FF  FF  FF  FF]
DEBUG  : 2023/12/28 10:34:00 hardware.go:146: write holds addr=175 [ 0  0  53  51]
DEBUG  : 2023/12/28 10:34:00 hardware.go:146: write holds addr=222 [ 4  4  A  A  4  C  4  FF  FF  FF  FF  FF  FF  FF  FF  FF  FF  FF  FF  FF  FF  FF  FF  FF  FF  FF  FF  FF  FF  FF  FF  FF]
DEBUG  : 2023/12/28 10:34:01 hardware.go:146: write holds addr=175 [ 0  0  53  51]
DEBUG  : 2023/12/28 10:34:01 hardware.go:146: write holds addr=222 [ 3  3  9  9  3  B  3  FF  FF  FF  FF  FF  FF  FF  FF  FF  FF  FF  FF  FF  FF  FF  FF  FF  FF  FF  FF  FF  FF  FF  FF  FF]
DEBUG  : 2023/12/28 10:34:02 hardware.go:146: write holds addr=175 [ 0  0  53  51]
DEBUG  : 2023/12/28 10:34:02 hardware.go:146: write holds addr=222 [ 2  2  8  8  2  A  2  FF  FF  FF  FF  FF  FF  FF  FF  FF  FF  FF  FF  FF  FF  FF  FF  FF  FF  FF  FF  FF  FF  FF  FF  FF]
DEBUG  : 2023/12/28 10:34:03 hardware.go:146: write holds addr=175 [ 0  0  53  51]
DEBUG  : 2023/12/28 10:34:03 hardware.go:146: write holds addr=222 [ 1  1  7  7  1  9  1  FF  FF  FF  FF  FF  FF  FF  FF  FF  FF  FF  FF  FF  FF  FF  FF  FF  FF  FF  FF  FF  FF  FF  FF  FF]
DEBUG  : 2023/12/28 10:34:04 hardware.go:146: write holds addr=222 [ FF  FF  6  6  FF  8  FF  FF  FF  FF  FF  FF  FF  FF  FF  FF  FF  FF  FF  FF  FF  FF  FF  FF  FF  FF  FF  FF  FF  FF  FF  FF]
DEBUG  : 2023/12/28 10:34:05 hardware.go:146: write holds addr=222 [ 1D  1D  5  5  1F  7  1F  FF  FF  FF  FF  FF  FF  FF  FF  FF  FF  FF  FF  FF  FF  FF  FF  FF  FF  FF  FF  FF  FF  FF  FF  FF]
DEBUG  : 2023/12/28 10:34:06 hardware.go:146: write holds addr=222 [ 1C  1C  4  4  1E  6  1E  FF  FF  FF  FF  FF  FF  FF  FF  FF  FF  FF  FF  FF  FF  FF  FF  FF  FF  FF  FF  FF  FF  FF  FF  FF]
DEBUG  : 2023/12/28 10:34:07 hardware.go:146: write holds addr=222 [ 1B  1B  3  3  1D  5  1D  FF  FF  FF  FF  FF  FF  FF  FF  FF  FF  FF  FF  FF  FF  FF  FF  FF  FF  FF  FF  FF  FF  FF  FF  FF]
DEBUG  : 2023/12/28 10:34:08 hardware.go:146: write holds addr=222 [ 1A  1A  2  2  1C  4  1C  FF  FF  FF  FF  FF  FF  FF  FF  FF  FF  FF  FF  FF  FF  FF  FF  FF  FF  FF  FF  FF  FF  FF  FF  FF]
DEBUG  : 2023/12/28 10:34:09 hardware.go:146: write holds addr=222 [ 19  19  1  1  1B  3  1B  FF  FF  FF  FF  FF  FF  FF  FF  FF  FF  FF  FF  FF  FF  FF  FF  FF  FF  FF  FF  FF  FF  FF  FF  FF]
DEBUG  : 2023/12/28 10:34:10 hardware.go:146: write holds addr=175 [ 0  0  C  1E]
DEBUG  : 2023/12/28 10:34:10 hardware.go:146: write holds addr=222 [ 18  18  12  12  1A  2  1A  FF  FF  FF  FF  FF  FF  FF  FF  FF  FF  FF  FF  FF  FF  FF  FF  FF  FF  FF  FF  FF  FF  FF  FF  FF]
DEBUG  : 2023/12/28 10:34:11 hardware.go:146: write holds addr=175 [ 0  0  C  1E]
DEBUG  : 2023/12/28 10:34:11 hardware.go:146: write holds addr=222 [ 17  17  11  11  19  1  19  FF  FF  FF  FF  FF  FF  FF  FF  FF  FF  FF  FF  FF  FF  FF  FF  FF  FF  FF  FF  FF  FF  FF  FF  FF]
DEBUG  : 2023/12/28 10:34:12 hardware.go:146: write holds addr=175 [ 0  0  2C  1E]
DEBUG  : 2023/12/28 10:34:12 hardware.go:146: write holds addr=222 [ 16  16  10  10  18  10  18  FF  FF  FF  FF  FF  FF  FF  FF  FF  FF  FF  FF  FF  FF  FF  FF  FF  FF  FF  FF  FF  FF  FF  FF  FF]
DEBUG  : 2023/12/28 10:34:13 hardware.go:146: write holds addr=175 [ 0  0  2C  1E]
DEBUG  : 2023/12/28 10:34:13 hardware.go:146: write holds addr=222 [ 15  15  F  F  17  F  17  FF  FF  FF  FF  FF  FF  FF  FF  FF  FF  FF  FF  FF  FF  FF  FF  FF  FF  FF  FF  FF  FF  FF  FF  FF]
DEBUG  : 2023/12/28 10:34:14 hardware.go:146: write holds addr=175 [ 0  0  2C  1E]
DEBUG  : 2023/12/28 10:34:14 hardware.go:146: write holds addr=222 [ 14  14  E  E  16  E  16  FF  FF  FF  FF  FF  FF  FF  FF  FF  FF  FF  FF  FF  FF  FF  FF  FF  FF  FF  FF  FF  FF  FF  FF  FF]
DEBUG  : 2023/12/28 10:34:15 hardware.go:146: write holds addr=175 [ 0  0  2C  1E]
DEBUG  : 2023/12/28 10:34:15 hardware.go:146: write holds addr=222 [ 13  13  D  D  15  D  15  FF  FF  FF  FF  FF  FF  FF  FF  FF  FF  FF  FF  FF  FF  FF  FF  FF  FF  FF  FF  FF  FF  FF  FF  FF]
DEBUG  : 2023/12/28 10:34:16 hardware.go:146: write holds addr=175 [ 0  0  2C  1E]
DEBUG  : 2023/12/28 10:34:16 hardware.go:146: write holds addr=222 [ 12  12  C  C  14  C  14  FF  FF  FF  FF  FF  FF  FF  FF  FF  FF  FF  FF  FF  FF  FF  FF  FF  FF  FF  FF  FF  FF  FF  FF  FF]
DEBUG  : 2023/12/28 10:34:17 hardware.go:146: write holds addr=175 [ 0  0  2C  1E]
DEBUG  : 2023/12/28 10:34:17 hardware.go:146: write holds addr=222 [ 11  11  B  B  13  B  13  FF  FF  FF  FF  FF  FF  FF  FF  FF  FF  FF  FF  FF  FF  FF  FF  FF  FF  FF  FF  FF  FF  FF  FF  FF]
DEBUG  : 2023/12/28 10:34:18 hardware.go:146: write holds addr=175 [ 0  0  2C  1E]
DEBUG  : 2023/12/28 10:34:18 hardware.go:146: write holds addr=222 [ 10  10  A  A  12  A  12  FF  FF  FF  FF  FF  FF  FF  FF  FF  FF  FF  FF  FF  FF  FF  FF  FF  FF  FF  FF  FF  FF  FF  FF  FF]
DEBUG  : 2023/12/28 10:34:19 hardware.go:146: write holds addr=175 [ 0  0  2C  1E]
DEBUG  : 2023/12/28 10:34:19 hardware.go:146: write holds addr=222 [ F  F  9  9  11  9  11  FF  FF  FF  FF  FF  FF  FF  FF  FF  FF  FF  FF  FF  FF  FF  FF  FF  FF  FF  FF  FF  FF  FF  FF  FF]
DEBUG  : 2023/12/28 10:34:20 hardware.go:146: write holds addr=175 [ 0  0  2C  1E]
DEBUG  : 2023/12/28 10:34:20 hardware.go:146: write holds addr=222 [ E  E  8  8  10  8  10  FF  FF  FF  FF  FF  FF  FF  FF  FF  FF  FF  FF  FF  FF  FF  FF  FF  FF  FF  FF  FF  FF  FF  FF  FF]
DEBUG  : 2023/12/28 10:34:21 hardware.go:146: write holds addr=175 [ 0  0  2C  1E]
DEBUG  : 2023/12/28 10:34:21 hardware.go:146: write holds addr=222 [ D  D  7  7  F  7  F  FF  FF  FF  FF  FF  FF  FF  FF  FF  FF  FF  FF  FF  FF  FF  FF  FF  FF  FF  FF  FF  FF  FF  FF  FF]
DEBUG  : 2023/12/28 10:34:22 hardware.go:146: write holds addr=175 [ 0  0  2C  1E]
DEBUG  : 2023/12/28 10:34:22 hardware.go:146: write holds addr=222 [ C  C  6  6  E  6  E  FF  FF  FF  FF  FF  FF  FF  FF  FF  FF  FF  FF  FF  FF  FF  FF  FF  FF  FF  FF  FF  FF  FF  FF  FF]
DEBUG  : 2023/12/28 10:34:23 hardware.go:146: write holds addr=175 [ 0  0  2C  1E]
DEBUG  : 2023/12/28 10:34:23 hardware.go:146: write holds addr=222 [ B  B  5  5  D  5  D  FF  FF  FF  FF  FF  FF  FF  FF  FF  FF  FF  FF  FF  FF  FF  FF  FF  FF  FF  FF  FF  FF  FF  FF  FF]
DEBUG  : 2023/12/28 10:34:24 hardware.go:146: write holds addr=175 [ 0  0  2C  1E]
DEBUG  : 2023/12/28 10:34:24 hardware.go:146: write holds addr=222 [ A  A  4  4  C  4  C  FF  FF  FF  FF  FF  FF  FF  FF  FF  FF  FF  FF  FF  FF  FF  FF  FF  FF  FF  FF  FF  FF  FF  FF  FF]
DEBUG  : 2023/12/28 10:34:25 hardware.go:146: write holds addr=175 [ 0  0  2C  1E]
DEBUG  : 2023/12/28 10:34:25 hardware.go:146: write holds addr=222 [ 9  9  3  3  B  3  B  FF  FF  FF  FF  FF  FF  FF  FF  FF  FF  FF  FF  FF  FF  FF  FF  FF  FF  FF  FF  FF  FF  FF  FF  FF]
DEBUG  : 2023/12/28 10:34:26 hardware.go:146: write holds addr=175 [ 0  0  2C  1E]
DEBUG  : 2023/12/28 10:34:26 hardware.go:146: write holds addr=222 [ 8  8  2  2  A  2  A  FF  FF  FF  FF  FF  FF  FF  FF  FF  FF  FF  FF  FF  FF  FF  FF  FF  FF  FF  FF  FF  FF  FF  FF  FF]
DEBUG  : 2023/12/28 10:34:27 hardware.go:146: write holds addr=175 [ 0  0  2C  1E]
DEBUG  : 2023/12/28 10:34:27 hardware.go:146: write holds addr=222 [ 7  7  1  1  9  1  9  FF  FF  FF  FF  FF  FF  FF  FF  FF  FF  FF  FF  FF  FF  FF  FF  FF  FF  FF  FF  FF  FF  FF  FF  FF]
DEBUG  : 2023/12/28 10:34:28 hardware.go:146: write holds addr=222 [ 6  6  FF  FF  8  FF  8  FF  FF  FF  FF  FF  FF  FF  FF  FF  FF  FF  FF  FF  FF  FF  FF  FF  FF  FF  FF  FF  FF  FF  FF  FF]
DEBUG  : 2023/12/28 10:34:29 hardware.go:146: write holds addr=222 [ 5  5  14  14  7  16  7  FF  FF  FF  FF  FF  FF  FF  FF  FF  FF  FF  FF  FF  FF  FF  FF  FF  FF  FF  FF  FF  FF  FF  FF  FF]
DEBUG  : 2023/12/28 10:34:30 hardware.go:146: write holds addr=222 [ 4  4  13  13  6  15  6  FF  FF  FF  FF  FF  FF  FF  FF  FF  FF  FF  FF  FF  FF  FF  FF  FF  FF  FF  FF  FF  FF  FF  FF  FF]
DEBUG  : 2023/12/28 10:34:31 hardware.go:146: write holds addr=222 [ 3  3  12  12  5  14  5  FF  FF  FF  FF  FF  FF  FF  FF  FF  FF  FF  FF  FF  FF  FF  FF  FF  FF  FF  FF  FF  FF  FF  FF  FF]
DEBUG  : 2023/12/28 10:34:32 hardware.go:146: write holds addr=222 [ 2  2  11  11  4  13  4  FF  FF  FF  FF  FF  FF  FF  FF  FF  FF  FF  FF  FF  FF  FF  FF  FF  FF  FF  FF  FF  FF  FF  FF  FF]
DEBUG  : 2023/12/28 10:34:33 hardware.go:146: write holds addr=222 [ 1  1  10  10  3  12  3  FF  FF  FF  FF  FF  FF  FF  FF  FF  FF  FF  FF  FF  FF  FF  FF  FF  FF  FF  FF  FF  FF  FF  FF  FF]
DEBUG  : 2023/12/28 10:34:34 hardware.go:146: write holds addr=175 [ 0  0  3  51]
DEBUG  : 2023/12/28 10:34:34 hardware.go:146: write holds addr=222 [ 9  9  F  F  2  11  2  FF  FF  FF  FF  FF  FF  FF  FF  FF  FF  FF  FF  FF  FF  FF  FF  FF  FF  FF  FF  FF  FF  FF  FF  FF]
DEBUG  : 2023/12/28 10:34:35 hardware.go:146: write holds addr=175 [ 0  0  3  51]
DEBUG  : 2023/12/28 10:34:35 hardware.go:146: write holds addr=222 [ 8  8  E  E  1  10  1  FF  FF  FF  FF  FF  FF  FF  FF  FF  FF  FF  FF  FF  FF  FF  FF  FF  FF  FF  FF  FF  FF  FF  FF  FF]
DEBUG  : 2023/12/28 10:34:36 hardware.go:146: write holds addr=175 [ 0  0  53  51]
DEBUG  : 2023/12/28 10:34:36 hardware.go:146: write holds addr=222 [ 7  7  D  D  7  F  7  FF  FF  FF  FF  FF  FF  FF  FF  FF  FF  FF  FF  FF  FF  FF  FF  FF  FF  FF  FF  FF  FF  FF  FF  FF]
DEBUG  : 2023/12/28 10:34:37 hardware.go:146: write holds addr=175 [ 0  0  53  51]
DEBUG  : 2023/12/28 10:34:37 hardware.go:146: write holds addr=222 [ 6  6  C  C  6  E  6  FF  FF  FF  FF  FF  FF  FF  FF  FF  FF  FF  FF  FF  FF  FF  FF  FF  FF  FF  FF  FF  FF  FF  FF  FF]
DEBUG  : 2023/12/28 10:34:38 hardware.go:146: write holds addr=175 [ 0  0  53  51]
DEBUG  : 2023/12/28 10:34:38 hardware.go:146: write holds addr=222 [ 8  8  E  E  8  10  8  FF  FF  FF  FF  FF  FF  FF  FF  FF  FF  FF  FF  FF  FF  FF  FF  FF  FF  FF  FF  FF  FF  FF  FF  FF]
DEBUG  : 2023/12/28 10:34:39 hardware.go:146: write holds addr=175 [ 0  0  53  51]
DEBUG  : 2023/12/28 10:34:39 hardware.go:146: write holds addr=222 [ 7  7  D  D  7  F  7  FF  FF  FF  FF  FF  FF  FF  FF  FF  FF  FF  FF  FF  FF  FF  FF  FF  FF  FF  FF  FF  FF  FF  FF  FF]
DEBUG  : 2023/12/28 10:34:40 hardware.go:146: write holds addr=175 [ 0  0  53  51]
DEBUG  : 2023/12/28 10:34:40 hardware.go:146: write holds addr=222 [ 6  6  C  C  6  E  6  FF  FF  FF  FF  FF  FF  FF  FF  FF  FF  FF  FF  FF  FF  FF  FF  FF  FF  FF  FF  FF  FF  FF  FF  FF]
DEBUG  : 2023/12/28 10:34:41 hardware.go:146: write holds addr=175 [ 0  0  53  51]
DEBUG  : 2023/12/28 10:34:41 hardware.go:146: write holds addr=222 [ 5  5  B  B  5  D  5  FF  FF  FF  FF  FF  FF  FF  FF  FF  FF  FF  FF  FF  FF  FF  FF  FF  FF  FF  FF  FF  FF  FF  FF  FF]
DEBUG  : 2023/12/28 10:34:42 hardware.go:146: write holds addr=175 [ 0  0  53  51]
DEBUG  : 2023/12/28 10:34:42 hardware.go:146: write holds addr=222 [ 4  4  A  A  4  C  4  FF  FF  FF  FF  FF  FF  FF  FF  FF  FF  FF  FF  FF  FF  FF  FF  FF  FF  FF  FF  FF  FF  FF  FF  FF]
DEBUG  : 2023/12/28 10:34:43 hardware.go:146: write holds addr=175 [ 0  0  53  51]
DEBUG  : 2023/12/28 10:34:43 hardware.go:146: write holds addr=222 [ 3  3  9  9  3  B  3  FF  FF  FF  FF  FF  FF  FF  FF  FF  FF  FF  FF  FF  FF  FF  FF  FF  FF  FF  FF  FF  FF  FF  FF  FF]
DEBUG  : 2023/12/28 10:34:44 hardware.go:146: write holds addr=175 [ 0  0  53  51]
DEBUG  : 2023/12/28 10:34:44 hardware.go:146: write holds addr=222 [ 5  5  B  B  5  D  5  FF  FF  FF  FF  FF  FF  FF  FF  FF  FF  FF  FF  FF  FF  FF  FF  FF  FF  FF  FF  FF  FF  FF  FF  FF]
DEBUG  : 2023/12/28 10:34:45 hardware.go:146: write holds addr=175 [ 0  0  53  51]
DEBUG  : 2023/12/28 10:34:45 hardware.go:146: write holds addr=222 [ 4  4  A  A  4  C  4  FF  FF  FF  FF  FF  FF  FF  FF  FF  FF  FF  FF  FF  FF  FF  FF  FF  FF  FF  FF  FF  FF  FF  FF  FF]
DEBUG  : 2023/12/28 10:34:46 hardware.go:146: write holds addr=175 [ 0  0  53  51]
DEBUG  : 2023/12/28 10:34:46 hardware.go:146: write holds addr=222 [ 3  3  9  9  3  B  3  FF  FF  FF  FF  FF  FF  FF  FF  FF  FF  FF  FF  FF  FF  FF  FF  FF  FF  FF  FF  FF  FF  FF  FF  FF]
DEBUG  : 2023/12/28 10:34:47 hardware.go:146: write holds addr=175 [ 0  0  53  51]
DEBUG  : 2023/12/28 10:34:47 hardware.go:146: write holds addr=222 [ 2  2  8  8  2  A  2  FF  FF  FF  FF  FF  FF  FF  FF  FF  FF  FF  FF  FF  FF  FF  FF  FF  FF  FF  FF  FF  FF  FF  FF  FF]
DEBUG  : 2023/12/28 10:34:48 hardware.go:146: write holds addr=175 [ 0  0  53  51]
DEBUG  : 2023/12/28 10:34:48 hardware.go:146: write holds addr=222 [ 1  1  7  7  1  9  1  FF  FF  FF  FF  FF  FF  FF  FF  FF  FF  FF  FF  FF  FF  FF  FF  FF  FF  FF  FF  FF  FF  FF  FF  FF]
DEBUG  : 2023/12/28 10:34:49 hardware.go:146: write holds addr=222 [ FF  FF  6  6  FF  8  FF  FF  FF  FF  FF  FF  FF  FF  FF  FF  FF  FF  FF  FF  FF  FF  FF  FF  FF  FF  FF  FF  FF  FF  FF  FF]
DEBUG  : 2023/12/28 10:34:50 hardware.go:146: write holds addr=222 [ 1D  1D  5  5  1F  7  1F  FF  FF  FF  FF  FF  FF  FF  FF  FF  FF  FF  FF  FF  FF  FF  FF  FF  FF  FF  FF  FF  FF  FF  FF  FF]
DEBUG  : 2023/12/28 10:34:51 hardware.go:146: write holds addr=222 [ 1C  1C  4  4  1E  6  1E  FF  FF  FF  FF  FF  FF  FF  FF  FF  FF  FF  FF  FF  FF  FF  FF  FF  FF  FF  FF  FF  FF  FF  FF  FF]
DEBUG  : 2023/12/28 10:34:52 hardware.go:146: write holds addr=222 [ 1B  1B  3  3  1D  5  1D  FF  FF  FF  FF  FF  FF  FF  FF  FF  FF  FF  FF  FF  FF  FF  FF  FF  FF  FF  FF  FF  FF  FF  FF  FF]
DEBUG  : 2023/12/28 10:34:53 hardware.go:146: write holds addr=222 [ 1A  1A  2  2  1C  4  1C  FF  FF  FF  FF  FF  FF  FF  FF  FF  FF  FF  FF  FF  FF  FF  FF  FF  FF  FF  FF  FF  FF  FF  FF  FF]
DEBUG  : 2023/12/28 10:34:54 hardware.go:146: write holds addr=222 [ 19  19  1  1  1B  3  1B  FF  FF  FF  FF  FF  FF  FF  FF  FF  FF  FF  FF  FF  FF  FF  FF  FF  FF  FF  FF  FF  FF  FF  FF  FF]
DEBUG  : 2023/12/28 10:34:55 hardware.go:146: write holds addr=175 [ 0  0  C  1E]
DEBUG  : 2023/12/28 10:34:55 hardware.go:146: write holds addr=222 [ 18  18  12  12  1A  2  1A  FF  FF  FF  FF  FF  FF  FF  FF  FF  FF  FF  FF  FF  FF  FF  FF  FF  FF  FF  FF  FF  FF  FF  FF  FF]
DEBUG  : 2023/12/28 10:34:56 hardware.go:146: write holds addr=175 [ 0  0  C  1E]
DEBUG  : 2023/12/28 10:34:56 hardware.go:146: write holds addr=222 [ 17  17  11  11  19  1  19  FF  FF  FF  FF  FF  FF  FF  FF  FF  FF  FF  FF  FF  FF  FF  FF  FF  FF  FF  FF  FF  FF  FF  FF  FF]
DEBUG  : 2023/12/28 10:34:57 hardware.go:146: write holds addr=175 [ 0  0  2C  1E]
DEBUG  : 2023/12/28 10:34:57 hardware.go:146: write holds addr=222 [ 16  16  10  10  18  10  18  FF  FF  FF  FF  FF  FF  FF  FF  FF  FF  FF  FF  FF  FF  FF  FF  FF  FF  FF  FF  FF  FF  FF  FF  FF]
DEBUG  : 2023/12/28 10:34:58 hardware.go:146: write holds addr=175 [ 0  0  2C  1E]
DEBUG  : 2023/12/28 10:34:58 hardware.go:146: write holds addr=222 [ 15  15  F  F  17  F  17  FF  FF  FF  FF  FF  FF  FF  FF  FF  FF  FF  FF  FF  FF  FF  FF  FF  FF  FF  FF  FF  FF  FF  FF  FF]
DEBUG  : 2023/12/28 10:34:59 hardware.go:146: write holds addr=175 [ 0  0  2C  1E]
DEBUG  : 2023/12/28 10:34:59 hardware.go:146: write holds addr=222 [ 14  14  E  E  16  E  16  FF  FF  FF  FF  FF  FF  FF  FF  FF  FF  FF  FF  FF  FF  FF  FF  FF  FF  FF  FF  FF  FF  FF  FF  FF]
DEBUG  : 2023/12/28 10:35:00 hardware.go:146: write holds addr=175 [ 0  0  2C  1E]
DEBUG  : 2023/12/28 10:35:00 hardware.go:146: write holds addr=222 [ 13  13  D  D  15  D  15  FF  FF  FF  FF  FF  FF  FF  FF  FF  FF  FF  FF  FF  FF  FF  FF  FF  FF  FF  FF  FF  FF  FF  FF  FF]
DEBUG  : 2023/12/28 10:35:01 hardware.go:146: write holds addr=175 [ 0  0  2C  1E]
DEBUG  : 2023/12/28 10:35:01 hardware.go:146: write holds addr=222 [ 12  12  C  C  14  C  14  FF  FF  FF  FF  FF  FF  FF  FF  FF  FF  FF  FF  FF  FF  FF  FF  FF  FF  FF  FF  FF  FF  FF  FF  FF]
DEBUG  : 2023/12/28 10:35:02 hardware.go:146: write holds addr=175 [ 0  0  2C  1E]
DEBUG  : 2023/12/28 10:35:02 hardware.go:146: write holds addr=222 [ 11  11  B  B  13  B  13  FF  FF  FF  FF  FF  FF  FF  FF  FF  FF  FF  FF  FF  FF  FF  FF  FF  FF  FF  FF  FF  FF  FF  FF  FF]
DEBUG  : 2023/12/28 10:35:03 hardware.go:146: write holds addr=175 [ 0  0  2C  1E]
DEBUG  : 2023/12/28 10:35:03 hardware.go:146: write holds addr=222 [ 10  10  A  A  12  A  12  FF  FF  FF  FF  FF  FF  FF  FF  FF  FF  FF  FF  FF  FF  FF  FF  FF  FF  FF  FF  FF  FF  FF  FF  FF]
DEBUG  : 2023/12/28 10:35:04 hardware.go:146: write holds addr=175 [ 0  0  2C  1E]
DEBUG  : 2023/12/28 10:35:04 hardware.go:146: write holds addr=222 [ F  F  9  9  11  9  11  FF  FF  FF  FF  FF  FF  FF  FF  FF  FF  FF  FF  FF  FF  FF  FF  FF  FF  FF  FF  FF  FF  FF  FF  FF]
DEBUG  : 2023/12/28 10:35:05 hardware.go:146: write holds addr=175 [ 0  0  2C  1E]
DEBUG  : 2023/12/28 10:35:05 hardware.go:146: write holds addr=222 [ E  E  8  8  10  8  10  FF  FF  FF  FF  FF  FF  FF  FF  FF  FF  FF  FF  FF  FF  FF  FF  FF  FF  FF  FF  FF  FF  FF  FF  FF]
DEBUG  : 2023/12/28 10:35:06 hardware.go:146: write holds addr=175 [ 0  0  2C  1E]
DEBUG  : 2023/12/28 10:35:06 hardware.go:146: write holds addr=222 [ D  D  7  7  F  7  F  FF  FF  FF  FF  FF  FF  FF  FF  FF  FF  FF  FF  FF  FF  FF  FF  FF  FF  FF  FF  FF  FF  FF  FF  FF]
DEBUG  : 2023/12/28 10:35:07 hardware.go:146: write holds addr=175 [ 0  0  2C  1E]
DEBUG  : 2023/12/28 10:35:07 hardware.go:146: write holds addr=222 [ C  C  6  6  E  6  E  FF  FF  FF  FF  FF  FF  FF  FF  FF  FF  FF  FF  FF  FF  FF  FF  FF  FF  FF  FF  FF  FF  FF  FF  FF]
DEBUG  : 2023/12/28 10:35:08 hardware.go:146: write holds addr=175 [ 0  0  2C  1E]
DEBUG  : 2023/12/28 10:35:08 hardware.go:146: write holds addr=222 [ B  B  5  5  D  5  D  FF  FF  FF  FF  FF  FF  FF  FF  FF  FF  FF  FF  FF  FF  FF  FF  FF  FF  FF  FF  FF  FF  FF  FF  FF]
DEBUG  : 2023/12/28 10:35:09 hardware.go:146: write holds addr=175 [ 0  0  2C  1E]
DEBUG  : 2023/12/28 10:35:09 hardware.go:146: write holds addr=222 [ A  A  4  4  C  4  C  FF  FF  FF  FF  FF  FF  FF  FF  FF  FF  FF  FF  FF  FF  FF  FF  FF  FF  FF  FF  FF  FF  FF  FF  FF]
DEBUG  : 2023/12/28 10:35:10 hardware.go:146: write holds addr=175 [ 0  0  2C  1E]
DEBUG  : 2023/12/28 10:35:10 hardware.go:146: write holds addr=222 [ 9  9  3  3  B  3  B  FF  FF  FF  FF  FF  FF  FF  FF  FF  FF  FF  FF  FF  FF  FF  FF  FF  FF  FF  FF  FF  FF  FF  FF  FF]
DEBUG  : 2023/12/28 10:35:11 hardware.go:146: write holds addr=175 [ 0  0  2C  1E]
DEBUG  : 2023/12/28 10:35:11 hardware.go:146: write holds addr=222 [ 8  8  2  2  A  2  A  FF  FF  FF  FF  FF  FF  FF  FF  FF  FF  FF  FF  FF  FF  FF  FF  FF  FF  FF  FF  FF  FF  FF  FF  FF]
DEBUG  : 2023/12/28 10:35:12 hardware.go:146: write holds addr=175 [ 0  0  2C  1E]
DEBUG  : 2023/12/28 10:35:12 hardware.go:146: write holds addr=222 [ 7  7  1  1  9  1  9  FF  FF  FF  FF  FF  FF  FF  FF  FF  FF  FF  FF  FF  FF  FF  FF  FF  FF  FF  FF  FF  FF  FF  FF  FF]
DEBUG  : 2023/12/28 10:35:13 hardware.go:146: write holds addr=222 [ 6  6  FF  FF  8  FF  8  FF  FF  FF  FF  FF  FF  FF  FF  FF  FF  FF  FF  FF  FF  FF  FF  FF  FF  FF  FF  FF  FF  FF  FF  FF]
DEBUG  : 2023/12/28 10:35:14 hardware.go:146: write holds addr=222 [ 5  5  14  14  7  16  7  FF  FF  FF  FF  FF  FF  FF  FF  FF  FF  FF  FF  FF  FF  FF  FF  FF  FF  FF  FF  FF  FF  FF  FF  FF]
DEBUG  : 2023/12/28 10:35:15 hardware.go:146: write holds addr=222 [ 4  4  13  13  6  15  6  FF  FF  FF  FF  FF  FF  FF  FF  FF  FF  FF  FF  FF  FF  FF  FF  FF  FF  FF  FF  FF  FF  FF  FF  FF]
DEBUG  : 2023/12/28 10:35:16 hardware.go:146: write holds addr=222 [ 3  3  12  12  5  14  5  FF  FF  FF  FF  FF  FF  FF  FF  FF  FF  FF  FF  FF  FF  FF  FF  FF  FF  FF  FF  FF  FF  FF  FF  FF]
DEBUG  : 2023/12/28 10:35:17 hardware.go:146: write holds addr=222 [ 2  2  11  11  4  13  4  FF  FF  FF  FF  FF  FF  FF  FF  FF  FF  FF  FF  FF  FF  FF  FF  FF  FF  FF  FF  FF  FF  FF  FF  FF]
DEBUG  : 2023/12/28 10:35:18 hardware.go:146: write holds addr=222 [ 1  1  10  10  3  12  3  FF  FF  FF  FF  FF  FF  FF  FF  FF  FF  FF  FF  FF  FF  FF  FF  FF  FF  FF  FF  FF  FF  FF  FF  FF]
DEBUG  : 2023/12/28 10:35:19 hardware.go:146: write holds addr=175 [ 0  0  3  51]
DEBUG  : 2023/12/28 10:35:19 hardware.go:146: write holds addr=222 [ 9  9  F  F  2  11  2  FF  FF  FF  FF  FF  FF  FF  FF  FF  FF  FF  FF  FF  FF  FF  FF  FF  FF  FF  FF  FF  FF  FF  FF  FF]
DEBUG  : 2023/12/28 10:35:20 hardware.go:146: write holds addr=175 [ 0  0  3  51]
DEBUG  : 2023/12/28 10:35:20 hardware.go:146: write holds addr=222 [ 8  8  E  E  1  10  1  FF  FF  FF  FF  FF  FF  FF  FF  FF  FF  FF  FF  FF  FF  FF  FF  FF  FF  FF  FF  FF  FF  FF  FF  FF]
DEBUG  : 2023/12/28 10:35:21 hardware.go:146: write holds addr=175 [ 0  0  53  51]
DEBUG  : 2023/12/28 10:35:21 hardware.go:146: write holds addr=222 [ 7  7  D  D  7  F  7  FF  FF  FF  FF  FF  FF  FF  FF  FF  FF  FF  FF  FF  FF  FF  FF  FF  FF  FF  FF  FF  FF  FF  FF  FF]
DEBUG  : 2023/12/28 10:35:22 hardware.go:146: write holds addr=175 [ 0  0  53  51]
DEBUG  : 2023/12/28 10:35:22 hardware.go:146: write holds addr=222 [ 6  6  C  C  6  E  6  FF  FF  FF  FF  FF  FF  FF  FF  FF  FF  FF  FF  FF  FF  FF  FF  FF  FF  FF  FF  FF  FF  FF  FF  FF]
DEBUG  : 2023/12/28 10:35:23 hardware.go:146: write holds addr=175 [ 0  0  53  51]
DEBUG  : 2023/12/28 10:35:23 hardware.go:146: write holds addr=222 [ 5  5  B  B  5  D  5  FF  FF  FF  FF  FF  FF  FF  FF  FF  FF  FF  FF  FF  FF  FF  FF  FF  FF  FF  FF  FF  FF  FF  FF  FF]
DEBUG  : 2023/12/28 10:35:24 hardware.go:146: write holds addr=175 [ 0  0  53  51]
DEBUG  : 2023/12/28 10:35:24 hardware.go:146: write holds addr=222 [ 4  4  A  A  4  C  4  FF  FF  FF  FF  FF  FF  FF  FF  FF  FF  FF  FF  FF  FF  FF  FF  FF  FF  FF  FF  FF  FF  FF  FF  FF]
DEBUG  : 2023/12/28 10:35:25 hardware.go:146: write holds addr=175 [ 0  0  53  51]
DEBUG  : 2023/12/28 10:35:25 hardware.go:146: write holds addr=222 [ 3  3  9  9  3  B  3  FF  FF  FF  FF  FF  FF  FF  FF  FF  FF  FF  FF  FF  FF  FF  FF  FF  FF  FF  FF  FF  FF  FF  FF  FF]
DEBUG  : 2023/12/28 10:35:26 hardware.go:146: write holds addr=175 [ 0  0  53  51]
DEBUG  : 2023/12/28 10:35:26 hardware.go:146: write holds addr=222 [ 2  2  8  8  2  A  2  FF  FF  FF  FF  FF  FF  FF  FF  FF  FF  FF  FF  FF  FF  FF  FF  FF  FF  FF  FF  FF  FF  FF  FF  FF]
DEBUG  : 2023/12/28 10:35:27 hardware.go:146: write holds addr=175 [ 0  0  53  51]
DEBUG  : 2023/12/28 10:35:27 hardware.go:146: write holds addr=222 [ 1  1  7  7  1  9  1  FF  FF  FF  FF  FF  FF  FF  FF  FF  FF  FF  FF  FF  FF  FF  FF  FF  FF  FF  FF  FF  FF  FF  FF  FF]
DEBUG  : 2023/12/28 10:35:28 hardware.go:146: write holds addr=222 [ FF  FF  6  6  FF  8  FF  FF  FF  FF  FF  FF  FF  FF  FF  FF  FF  FF  FF  FF  FF  FF  FF  FF  FF  FF  FF  FF  FF  FF  FF  FF]
DEBUG  : 2023/12/28 10:35:29 hardware.go:146: write holds addr=222 [ 1D  1D  5  5  1F  7  1F  FF  FF  FF  FF  FF  FF  FF  FF  FF  FF  FF  FF  FF  FF  FF  FF  FF  FF  FF  FF  FF  FF  FF  FF  FF]
DEBUG  : 2023/12/28 10:35:30 hardware.go:146: write holds addr=222 [ 1C  1C  4  4  1E  6  1E  FF  FF  FF  FF  FF  FF  FF  FF  FF  FF  FF  FF  FF  FF  FF  FF  FF  FF  FF  FF  FF  FF  FF  FF  FF]
DEBUG  : 2023/12/28 10:35:31 hardware.go:146: write holds addr=222 [ 1B  1B  3  3  1D  5  1D  FF  FF  FF  FF  FF  FF  FF  FF  FF  FF  FF  FF  FF  FF  FF  FF  FF  FF  FF  FF  FF  FF  FF  FF  FF]
DEBUG  : 2023/12/28 10:35:32 hardware.go:146: write holds addr=222 [ 1A  1A  2  2  1C  4  1C  FF  FF  FF  FF  FF  FF  FF  FF  FF  FF  FF  FF  FF  FF  FF  FF  FF  FF  FF  FF  FF  FF  FF  FF  FF]
DEBUG  : 2023/12/28 10:35:33 hardware.go:146: write holds addr=222 [ 19  19  1  1  1B  3  1B  FF  FF  FF  FF  FF  FF  FF  FF  FF  FF  FF  FF  FF  FF  FF  FF  FF  FF  FF  FF  FF  FF  FF  FF  FF]
DEBUG  : 2023/12/28 10:35:34 hardware.go:146: write holds addr=175 [ 0  0  C  1E]
DEBUG  : 2023/12/28 10:35:34 hardware.go:146: write holds addr=222 [ 18  18  12  12  1A  2  1A  FF  FF  FF  FF  FF  FF  FF  FF  FF  FF  FF  FF  FF  FF  FF  FF  FF  FF  FF  FF  FF  FF  FF  FF  FF]
DEBUG  : 2023/12/28 10:35:35 hardware.go:146: write holds addr=175 [ 0  0  C  1E]
DEBUG  : 2023/12/28 10:35:35 hardware.go:146: write holds addr=222 [ 17  17  11  11  19  1  19  FF  FF  FF  FF  FF  FF  FF  FF  FF  FF  FF  FF  FF  FF  FF  FF  FF  FF  FF  FF  FF  FF  FF  FF  FF]
DEBUG  : 2023/12/28 10:35:36 hardware.go:146: write holds addr=175 [ 0  0  2C  1E]
DEBUG  : 2023/12/28 10:35:36 hardware.go:146: write holds addr=222 [ 16  16  10  10  18  10  18  FF  FF  FF  FF  FF  FF  FF  FF  FF  FF  FF  FF  FF  FF  FF  FF  FF  FF  FF  FF  FF  FF  FF  FF  FF]
DEBUG  : 2023/12/28 10:35:37 hardware.go:146: write holds addr=175 [ 0  0  2C  1E]
DEBUG  : 2023/12/28 10:35:37 hardware.go:146: write holds addr=222 [ 15  15  F  F  17  F  17  FF  FF  FF  FF  FF  FF  FF  FF  FF  FF  FF  FF  FF  FF  FF  FF  FF  FF  FF  FF  FF  FF  FF  FF  FF]
DEBUG  : 2023/12/28 10:35:38 hardware.go:146: write holds addr=175 [ 0  0  2C  1E]
DEBUG  : 2023/12/28 10:35:38 hardware.go:146: write holds addr=222 [ 14  14  E  E  16  E  16  FF  FF  FF  FF  FF  FF  FF  FF  FF  FF  FF  FF  FF  FF  FF  FF  FF  FF  FF  FF  FF  FF  FF  FF  FF]
DEBUG  : 2023/12/28 10:35:39 hardware.go:146: write holds addr=175 [ 0  0  2C  1E]
DEBUG  : 2023/12/28 10:35:39 hardware.go:146: write holds addr=222 [ 13  13  D  D  15  D  15  FF  FF  FF  FF  FF  FF  FF  FF  FF  FF  FF  FF  FF  FF  FF  FF  FF  FF  FF  FF  FF  FF  FF  FF  FF]
DEBUG  : 2023/12/28 10:35:40 hardware.go:146: write holds addr=175 [ 0  0  2C  1E]
DEBUG  : 2023/12/28 10:35:40 hardware.go:146: write holds addr=222 [ 12  12  C  C  14  C  14  FF  FF  FF  FF  FF  FF  FF  FF  FF  FF  FF  FF  FF  FF  FF  FF  FF  FF  FF  FF  FF  FF  FF  FF  FF]
DEBUG  : 2023/12/28 10:35:41 hardware.go:146: write holds addr=175 [ 0  0  2C  1E]
DEBUG  : 2023/12/28 10:35:41 hardware.go:146: write holds addr=222 [ 11  11  B  B  13  B  13  FF  FF  FF  FF  FF  FF  FF  FF  FF  FF  FF  FF  FF  FF  FF  FF  FF  FF  FF  FF  FF  FF  FF  FF  FF]
DEBUG  : 2023/12/28 10:35:42 hardware.go:146: write holds addr=175 [ 0  0  2C  1E]
DEBUG  : 2023/12/28 10:35:42 hardware.go:146: write holds addr=222 [ 10  10  A  A  12  A  12  FF  FF  FF  FF  FF  FF  FF  FF  FF  FF  FF  FF  FF  FF  FF  FF  FF  FF  FF  FF  FF  FF  FF  FF  FF]
DEBUG  : 2023/12/28 10:35:43 hardware.go:146: write holds addr=175 [ 0  0  2C  1E]
DEBUG  : 2023/12/28 10:35:43 hardware.go:146: write holds addr=222 [ F  F  9  9  11  9  11  FF  FF  FF  FF  FF  FF  FF  FF  FF  FF  FF  FF  FF  FF  FF  FF  FF  FF  FF  FF  FF  FF  FF  FF  FF]
DEBUG  : 2023/12/28 10:35:44 hardware.go:146: write holds addr=175 [ 0  0  2C  1E]
DEBUG  : 2023/12/28 10:35:44 hardware.go:146: write holds addr=222 [ E  E  8  8  10  8  10  FF  FF  FF  FF  FF  FF  FF  FF  FF  FF  FF  FF  FF  FF  FF  FF  FF  FF  FF  FF  FF  FF  FF  FF  FF]
INFO   : 2023/12/28 10:35:45 Potop stop
INFO   : 2023/12/28 10:37:04 Potop start
INFO   : 2023/12/28 10:37:05 Нет управления от utopia
INFO   : 2023/12/28 10:37:05 Start web to :8000 
INFO   : 2023/12/28 10:37:09 Potop stop
